"File: co.c          Assembler  Version HGASM0202      Page 1


   1  0000              ; Generated by holtek-gcc v3.19, Mon Sep 25 17:00:03 2023
   2  0000              ; 
   3  0000              ; Configuration:
   4  0000              ;       with long instruction
   5  0000              ;       Single ROM, Multi-RAM
   6  0000              ;       bits_per_rom_unit:16
   7  0000              ;       with mp1
   8  0000              ;       with tbhp, address(0x9)
   9  0000              ;          Use tabrd-const
  10  0000              ;       
  11  0000              ; SFR address of long-instruction arch:
  12  0000              ;    mp0 = -1,1,0
  13  0000              ;    mp1 = 4,3,2
  14  0000              ;    mp2 = 14,13,12
  15  0000              ;    tbp = 9,7,8
  16  0000              ;    acc = 5
  17  0000              ;    pcl = 6
  18  0000              ;    status = 10
  19  0000              ;    bp = 11
  20  0000              ;    intc = 72
  21  0000              ;       
  22  0000              ;       
  23  0000              ; use 'tabrdc' instead of 'tabrd'
  24  0000              ;       
  25  0000              
  26  0000              #pragma translator "holtek-gcc 4.6.4" "3.19" "build 20130711"
  27  0000              ; Rebuild 718
  28  0000              
  29  0000              ir equ [2]
  30  0000              mp equ [3]
  31  0000              sbp equ [4]
  32  0000              acc equ [5]
  33  0000              bp equ [11]
  34  0000              tblp equ [7]
  35  0000              tbhp equ [9]
  36  0000              status equ [10]
  37  0000              c equ [10].0
  38  0000              ac equ [10].1
  39  0000              z equ [10].2
  40  0000              ov equ [10].3
  41  0000              cz equ [10].6
  42  0000              sc equ [10].7
  43  0000              intc equ [72]
  44  0000              
  45  0000              extern ra:byte
  46  0000              extern rb:byte
  47  0000              extern rc:byte
  48  0000              extern rd:byte
  49  0000              extern re:byte
  50  0000              extern rf:byte
  51  0000              extern rg:byte
  52  0000              extern rh:byte
  53  0000              extern _Crom2Prom:near
  54  0000              extern _Crom2PromNext:near
  55  0000              
  56  0000              RAMBANK 0 @BITDATASEC, @BITDATASEC1
  57  0000              @HCCINIT	.section 'data'
  58  0000              @HCCINIT0	.section 'data'
  59  0000              @BITDATASEC	 .section 'data'
"File: co.ASM        Assembler  Version HGASM0202      Page 2

  60  0000              @BITDATASEC1	 .section 'data'
  61  0000              
  62  0000              #pragma debug scope 1 1
  63  0000              	extern __DELAY3:near
  64  0000              	extern __DELAYX3:near
  65  0000              	extern __DELAYX6:near
  66  0000              	extern __DELAYY5:near
  67  0000              	extern __DELAYY3:near
  68  0000              	extern _builtin_holtek_delay_2:byte
  69  0000              ___status equ [10]
  70  0000              ___isgenc equ [93]
  71  0000              ___vbgrc equ [11]
  72  0000              ___sda0c equ [35]
  73  0000              ___sda1c equ [37]
  74  0000              ___papu equ [22]
  75  0000              ___pawu equ [23]
  76  0000              public _main
  77  0000              #pragma debug scope 2 1

  84  0000              #line 84 "c:\users\tech\desktop\codetector\co.c"
  84  0000              IFDEF WITH_DEFAULT_STARTUP
  84  0000              extern _main_initial0:near
  84  0000              extern _main_startup:near
  84  0000              ENDIF
  84  0000              
  84  0000              ROMBANK 0 @start
  84  0000              @start .section com_l 'code'
  84  0000              _main_startup1:
  84  0000              @start .section com_e 'code'
  84  0000  2800     R  	jmp _main
  84  0001              
  84  0000              _main .section 'code'
  84  0000              _main proc
  84  0000  0003[           local _main_2 db 3 dup(?)
            00
            ]
  87  0003              #line 87 "c:\users\tech\desktop\codetector\co.c"
  87  0000  3E8A        	sz [10].5
  87  0001  2800     R  	jmp _L2
  89  0002              #line 89 "c:\users\tech\desktop\codetector\co.c"
  89  0002  1F00     R  	clr _debounceCounter[0]
  89  0003  1F00     R  	clr _debounceCounter[1]
  89  0004              _L2:
  93  0004              #line 93 "c:\users\tech\desktop\codetector\co.c"
  93  0004  305D        	set [93].0
  94  0005              #line 94 "c:\users\tech\desktop\codetector\co.c"
  94  0005  34DD        	clr [93].1
  95  0006              #line 95 "c:\users\tech\desktop\codetector\co.c"
  95  0006  300B        	set [11].0
  96  0007              #line 96 "c:\users\tech\desktop\codetector\co.c"
  96  0007  3323        	set [35].6
  97  0008              #line 97 "c:\users\tech\desktop\codetector\co.c"
  97  0008  3325        	set [37].6
 100  0009              #line 100 "c:\users\tech\desktop\codetector\co.c"
 100  0009  2000     E  	call _ClockInit
 101  000A              #line 101 "c:\users\tech\desktop\codetector\co.c"
 101  000A  2000     E  	call _GPIOInit
 102  000B              #line 102 "c:\users\tech\desktop\codetector\co.c"
 102  000B  2000     E  	call _GPIOToGNDCurentInit
 103  000C              #line 103 "c:\users\tech\desktop\codetector\co.c"
"File: co.c          Assembler  Version HGASM0202      Page 3

 103  000C  2000     E  	call _OPAMPInit
 104  000D              #line 104 "c:\users\tech\desktop\codetector\co.c"
 104  000D  2000     E  	call _S_ADC_Init
 105  000E              #line 105 "c:\users\tech\desktop\codetector\co.c"
 105  000E  2000     E  	call _PTimerInit
 106  000F              #line 106 "c:\users\tech\desktop\codetector\co.c"
 106  000F  0F00        	mov a,0
 106  0010  2000     E  	call _PWMSeter
 106  0011              _L5:
 111  0011              #line 111 "c:\users\tech\desktop\codetector\co.c"
 111  0011  0F04        	mov a,4
 111  0012  2000     E  	call _S_READ_ADC
 111  0013  0700     E  	mov a,rb
 111  0014  0080     E  	mov _builtin_holtek_mant1[1],a
 111  0015  0700     E  	mov a,ra
 111  0016  0080     E  	mov _builtin_holtek_mant1[0],a
 111  0017  3400     E  	clr _builtin_holtek_signs.0
 111  0018  2000     E  	call _builtin_holtek_uitod
 111  0019  0700     E  	mov a,_builtin_holtek_mant12p[0]
 111  001A  0080     E  	mov rh,a
 111  001B  0700     E  	mov a,_builtin_holtek_mant1[2]
 111  001C  0080     E  	mov rg,a
 111  001D  0700     E  	mov a,_builtin_holtek_mant1[1]
 111  001E  0080     E  	mov rf,a
 111  001F  0700     E  	mov a,_builtin_holtek_mant1[0]
 111  0020  0080     E  	mov re,a
 111  0021  1F00     E  	clr ra
 111  0022  0FF0        	mov a,-16
 111  0023  0080     E  	mov rb,a
 111  0024  0F7F        	mov a,127
 111  0025  0080     E  	mov rc,a
 111  0026  0F45        	mov a,69
 111  0027  0080     E  	mov rd,a
 111  0028  0700     E  	mov a,rd
 111  0029  0080     E  	mov _builtin_holtek_mant12p[0],a
 111  002A  0700     E  	mov a,rc
 111  002B  0080     E  	mov _builtin_holtek_mant1[2],a
 111  002C  0700     E  	mov a,rb
 111  002D  0080     E  	mov _builtin_holtek_mant1[1],a
 111  002E  0700     E  	mov a,ra
 111  002F  0080     E  	mov _builtin_holtek_mant1[0],a
 111  0030  0700     E  	mov a,rh
 111  0031  0080     E  	mov _builtin_holtek_mant12p[1],a
 111  0032  0700     E  	mov a,rg
 111  0033  0080     E  	mov _builtin_holtek_mant2[2],a
 111  0034  0700     E  	mov a,rf
 111  0035  0080     E  	mov _builtin_holtek_mant2[1],a
 111  0036  0700     E  	mov a,re
 111  0037  0080     E  	mov _builtin_holtek_mant2[0],a
 111  0038  2000     E  	call _builtin_holtek_dtdiv
 111  0039  0700     E  	mov a,_builtin_holtek_mant12p[0]
 111  003A  0080     E  	mov rh,a
 111  003B  0700     E  	mov a,_builtin_holtek_mant1[2]
 111  003C  0080     E  	mov rg,a
 111  003D  0700     E  	mov a,_builtin_holtek_mant1[1]
 111  003E  0080     E  	mov rf,a
 111  003F  0700     E  	mov a,_builtin_holtek_mant1[0]
 111  0040  0080     E  	mov re,a
 111  0041  0700     E  	mov a,rh
 111  0042  0080     E  	mov _builtin_holtek_mant12p[0],a
"File: co.c          Assembler  Version HGASM0202      Page 4

 111  0043  0700     E  	mov a,rg
 111  0044  0080     E  	mov _builtin_holtek_mant1[2],a
 111  0045  0700     E  	mov a,rf
 111  0046  0080     E  	mov _builtin_holtek_mant1[1],a
 111  0047  0700     E  	mov a,re
 111  0048  0080     E  	mov _builtin_holtek_mant1[0],a
 111  0049  0F3F        	mov a,63
 111  004A  0080     E  	mov _builtin_holtek_mant12p[1],a
 111  004B  0F99        	mov a,153
 111  004C  0080     E  	mov _builtin_holtek_mant2[2],a
 111  004D  0F99        	mov a,153
 111  004E  0080     E  	mov _builtin_holtek_mant2[1],a
 111  004F  0F9A        	mov a,154
 111  0050  0080     E  	mov _builtin_holtek_mant2[0],a
 111  0051  2000     E  	call _builtin_holtek_dtmul
 111  0052  0700     E  	mov a,_builtin_holtek_mant12p[0]
 111  0053  0080     E  	mov rg,a
 111  0054  0700     E  	mov a,_builtin_holtek_mant1[2]
 111  0055  0080     E  	mov rf,a
 111  0056  0700     E  	mov a,_builtin_holtek_mant1[1]
 111  0057  0080     E  	mov re,a
 111  0058  0700     E  	mov a,_builtin_holtek_mant1[0]
 111  0059  0080     E  	mov rd,a
 111  005A  0700     E  	mov a,rg
 111  005B  0080     R  	mov _main_2[2],a
 111  005C  0700     E  	mov a,rf
 111  005D  0080     R  	mov _main_2[1],a
 111  005E  0700     E  	mov a,re
 111  005F  0080     R  	mov _main_2[0],a
 111  0060  0700     R  	mov a,_main_2[0]
 111  0061  0080     R  	mov _VDD[0],a
 111  0062  0700     R  	mov a,_main_2[1]
 111  0063  0080     R  	mov _VDD[1],a
 111  0064  0700     R  	mov a,_main_2[2]
 111  0065  0080     R  	mov _VDD[2],a
 112  0066              #line 112 "c:\users\tech\desktop\codetector\co.c"
 112  0066  0F01        	mov a,1
 112  0067  2000     E  	call _S_READ_ADC
 112  0068  0700     R  	mov a,_main_2[0]
 112  0069  0080     E  	mov _temperature_2[2],a
 112  006A  0700     R  	mov a,_main_2[1]
 112  006B  0080     E  	mov _temperature_2[3],a
 112  006C  0700     R  	mov a,_main_2[2]
 112  006D  0080     E  	mov _temperature_2[4],a
 112  006E  0700     E  	mov a,ra
 112  006F  0080     E  	mov _temperature_2[0],a
 112  0070  0700     E  	mov a,rb
 112  0071  0080     E  	mov _temperature_2[1],a
 112  0072  2000     E  	call _temperature
 112  0073  0700     E  	mov a,ra
 112  0074  0080     R  	mov _temperatur[0],a
 112  0075  0700     E  	mov a,rb
 112  0076  0080     R  	mov _temperatur[1],a
 112  0077  0700     E  	mov a,rc
 112  0078  0080     R  	mov _temperatur[2],a
 113  0079              #line 113 "c:\users\tech\desktop\codetector\co.c"
 113  0079  0F05        	mov a,5
 113  007A  2000     E  	call _S_READ_ADC
 113  007B  0700     E  	mov a,rb
 113  007C  0080     E  	mov _builtin_holtek_mant1[1],a
"File: co.c          Assembler  Version HGASM0202      Page 5

 113  007D  0700     E  	mov a,ra
 113  007E  0080     E  	mov _builtin_holtek_mant1[0],a
 113  007F  3400     E  	clr _builtin_holtek_signs.0
 113  0080  2000     E  	call _builtin_holtek_uitof
 113  0081  0700     E  	mov a,_builtin_holtek_mant1[2]
 113  0082  0080     E  	mov re,a
 113  0083  0700     E  	mov a,_builtin_holtek_mant1[1]
 113  0084  0080     E  	mov rd,a
 113  0085  0700     E  	mov a,_builtin_holtek_mant1[0]
 113  0086  0080     E  	mov rc,a
 113  0087  0700     E  	mov a,rc
 113  0088  0080     R  	mov _Amplifier1[0],a
 113  0089  0700     E  	mov a,rd
 113  008A  0080     R  	mov _Amplifier1[1],a
 113  008B  0700     E  	mov a,re
 113  008C  0080     R  	mov _Amplifier1[2],a
 114  008D              #line 114 "c:\users\tech\desktop\codetector\co.c"
 114  008D  0700     R  	mov a,_VDD[2]
 114  008E  0080     E  	mov _builtin_holtek_mant1[2],a
 114  008F  0700     R  	mov a,_VDD[1]
 114  0090  0080     E  	mov _builtin_holtek_mant1[1],a
 114  0091  0700     R  	mov a,_VDD[0]
 114  0092  0080     E  	mov _builtin_holtek_mant1[0],a
 114  0093  0F45        	mov a,69
 114  0094  0080     E  	mov _builtin_holtek_mant2[2],a
 114  0095  0F7F        	mov a,127
 114  0096  0080     E  	mov _builtin_holtek_mant2[1],a
 114  0097  0FF0        	mov a,240
 114  0098  0080     E  	mov _builtin_holtek_mant2[0],a
 114  0099  2000     E  	call _builtin_holtek_ftdiv
 114  009A  0700     E  	mov a,_builtin_holtek_mant1[2]
 114  009B  0080     E  	mov rh,a
 114  009C  0700     E  	mov a,_builtin_holtek_mant1[1]
 114  009D  0080     E  	mov rg,a
 114  009E  0700     E  	mov a,_builtin_holtek_mant1[0]
 114  009F  0080     E  	mov rf,a
 114  00A0  0700     E  	mov a,re
 114  00A1  0080     E  	mov _builtin_holtek_mant1[2],a
 114  00A2  0700     E  	mov a,rd
 114  00A3  0080     E  	mov _builtin_holtek_mant1[1],a
 114  00A4  0700     E  	mov a,rc
 114  00A5  0080     E  	mov _builtin_holtek_mant1[0],a
 114  00A6  0700     E  	mov a,rh
 114  00A7  0080     E  	mov _builtin_holtek_mant2[2],a
 114  00A8  0700     E  	mov a,rg
 114  00A9  0080     E  	mov _builtin_holtek_mant2[1],a
 114  00AA  0700     E  	mov a,rf
 114  00AB  0080     E  	mov _builtin_holtek_mant2[0],a
 114  00AC  2000     E  	call _builtin_holtek_ftmul
 114  00AD  0700     E  	mov a,_builtin_holtek_mant1[2]
 114  00AE  0080     E  	mov re,a
 114  00AF  0700     E  	mov a,_builtin_holtek_mant1[1]
 114  00B0  0080     E  	mov rd,a
 114  00B1  0700     E  	mov a,_builtin_holtek_mant1[0]
 114  00B2  0080     E  	mov rc,a
 114  00B3  0700     E  	mov a,re
 114  00B4  0080     E  	mov rg,a
 114  00B5  0700     E  	mov a,rd
 114  00B6  0080     E  	mov rf,a
 114  00B7  0700     E  	mov a,rc
"File: co.c          Assembler  Version HGASM0202      Page 6

 114  00B8  0080     E  	mov re,a
 114  00B9  1F00     E  	clr rd
 114  00BA  0700     E  	mov a,rg
 114  00BB  0080     E  	mov _builtin_holtek_mant12p[0],a
 114  00BC  0700     E  	mov a,rf
 114  00BD  0080     E  	mov _builtin_holtek_mant1[2],a
 114  00BE  0700     E  	mov a,re
 114  00BF  0080     E  	mov _builtin_holtek_mant1[1],a
 114  00C0  0700     E  	mov a,rd
 114  00C1  0080     E  	mov _builtin_holtek_mant1[0],a
 114  00C2  0F40        	mov a,64
 114  00C3  0080     E  	mov _builtin_holtek_mant12p[1],a
 114  00C4  0FF5        	mov a,245
 114  00C5  0080     E  	mov _builtin_holtek_mant2[2],a
 114  00C6  0F55        	mov a,85
 114  00C7  0080     E  	mov _builtin_holtek_mant2[1],a
 114  00C8  0F55        	mov a,85
 114  00C9  0080     E  	mov _builtin_holtek_mant2[0],a
 114  00CA  2000     E  	call _builtin_holtek_dtdiv
 114  00CB  0700     E  	mov a,_builtin_holtek_mant12p[0]
 114  00CC  0080     E  	mov rg,a
 114  00CD  0700     E  	mov a,_builtin_holtek_mant1[2]
 114  00CE  0080     E  	mov rf,a
 114  00CF  0700     E  	mov a,_builtin_holtek_mant1[1]
 114  00D0  0080     E  	mov re,a
 114  00D1  0700     E  	mov a,_builtin_holtek_mant1[0]
 114  00D2  0080     E  	mov rd,a
 114  00D3  0700     E  	mov a,rg
 114  00D4  0080     E  	mov _builtin_holtek_mant12p[0],a
 114  00D5  0700     E  	mov a,rf
 114  00D6  0080     E  	mov _builtin_holtek_mant1[2],a
 114  00D7  0700     E  	mov a,re
 114  00D8  0080     E  	mov _builtin_holtek_mant1[1],a
 114  00D9  0700     E  	mov a,rd
 114  00DA  0080     E  	mov _builtin_holtek_mant1[0],a
 114  00DB  0F44        	mov a,68
 114  00DC  0080     E  	mov _builtin_holtek_mant12p[1],a
 114  00DD  0F7A        	mov a,122
 114  00DE  0080     E  	mov _builtin_holtek_mant2[2],a
 114  00DF  0F00        	mov a,0
 114  00E0  0080     E  	mov _builtin_holtek_mant2[1],a
 114  00E1  0F00        	mov a,0
 114  00E2  0080     E  	mov _builtin_holtek_mant2[0],a
 114  00E3  2000     E  	call _builtin_holtek_dtmul
 114  00E4  0700     E  	mov a,_builtin_holtek_mant12p[0]
 114  00E5  0080     E  	mov rg,a
 114  00E6  0700     E  	mov a,_builtin_holtek_mant1[2]
 114  00E7  0080     E  	mov rf,a
 114  00E8  0700     E  	mov a,_builtin_holtek_mant1[1]
 114  00E9  0080     E  	mov re,a
 114  00EA  0700     E  	mov a,_builtin_holtek_mant1[0]
 114  00EB  0080     E  	mov rd,a
 114  00EC  0700     E  	mov a,rg
 114  00ED  0080     E  	mov _builtin_holtek_mant12p[0],a
 114  00EE  0700     E  	mov a,rf
 114  00EF  0080     E  	mov _builtin_holtek_mant1[2],a
 114  00F0  0700     E  	mov a,re
 114  00F1  0080     E  	mov _builtin_holtek_mant1[1],a
 114  00F2  0700     E  	mov a,rd
 114  00F3  0080     E  	mov _builtin_holtek_mant1[0],a
"File: co.c          Assembler  Version HGASM0202      Page 7

 114  00F4  0F41        	mov a,65
 114  00F5  0080     E  	mov _builtin_holtek_mant12p[1],a
 114  00F6  0F70        	mov a,112
 114  00F7  0080     E  	mov _builtin_holtek_mant2[2],a
 114  00F8  0F00        	mov a,0
 114  00F9  0080     E  	mov _builtin_holtek_mant2[1],a
 114  00FA  0F00        	mov a,0
 114  00FB  0080     E  	mov _builtin_holtek_mant2[0],a
 114  00FC  2000     E  	call _builtin_holtek_dtdiv
 114  00FD  0700     E  	mov a,_builtin_holtek_mant12p[0]
 114  00FE  0080     E  	mov rg,a
 114  00FF  0700     E  	mov a,_builtin_holtek_mant1[2]
 114  0100  0080     E  	mov rf,a
 114  0101  0700     E  	mov a,_builtin_holtek_mant1[1]
 114  0102  0080     E  	mov re,a
 114  0103  0700     E  	mov a,_builtin_holtek_mant1[0]
 114  0104  0080     E  	mov rd,a
 114  0105  0700     E  	mov a,rg
 114  0106  0080     E  	mov _builtin_holtek_mant12p[0],a
 114  0107  0700     E  	mov a,rf
 114  0108  0080     E  	mov _builtin_holtek_mant1[2],a
 114  0109  0700     E  	mov a,re
 114  010A  0080     E  	mov _builtin_holtek_mant1[1],a
 114  010B  0700     E  	mov a,rd
 114  010C  0080     E  	mov _builtin_holtek_mant1[0],a
 114  010D  0F44        	mov a,68
 114  010E  0080     E  	mov _builtin_holtek_mant12p[1],a
 114  010F  0F7A        	mov a,122
 114  0110  0080     E  	mov _builtin_holtek_mant2[2],a
 114  0111  0F00        	mov a,0
 114  0112  0080     E  	mov _builtin_holtek_mant2[1],a
 114  0113  0F00        	mov a,0
 114  0114  0080     E  	mov _builtin_holtek_mant2[0],a
 114  0115  2000     E  	call _builtin_holtek_dtmul
 114  0116  0700     E  	mov a,_builtin_holtek_mant12p[0]
 114  0117  0080     E  	mov rg,a
 114  0118  0700     E  	mov a,_builtin_holtek_mant1[2]
 114  0119  0080     E  	mov rf,a
 114  011A  0700     E  	mov a,_builtin_holtek_mant1[1]
 114  011B  0080     E  	mov re,a
 114  011C  0700     E  	mov a,_builtin_holtek_mant1[0]
 114  011D  0080     E  	mov rd,a
 114  011E  0700     E  	mov a,re
 114  011F  0080     E  	mov rc,a
 114  0120  0700     E  	mov a,rf
 114  0121  0080     E  	mov rd,a
 114  0122  0700     E  	mov a,rg
 114  0123  0080     E  	mov re,a
 114  0124  0700     E  	mov a,rc
 114  0125  0080     R  	mov _VAmplifier1[0],a
 114  0126  0700     E  	mov a,rd
 114  0127  0080     R  	mov _VAmplifier1[1],a
 114  0128  0700     E  	mov a,re
 114  0129  0080     R  	mov _VAmplifier1[2],a
 115  012A              #line 115 "c:\users\tech\desktop\codetector\co.c"
 115  012A  0700     E  	mov a,re
 115  012B  0080     E  	mov rg,a
 115  012C  0700     E  	mov a,rd
 115  012D  0080     E  	mov rf,a
 115  012E  0700     E  	mov a,rc
"File: co.c          Assembler  Version HGASM0202      Page 8

 115  012F  0080     E  	mov re,a
 115  0130  1F00     E  	clr rd
 115  0131  0700     E  	mov a,rg
 115  0132  0080     E  	mov _builtin_holtek_mant12p[0],a
 115  0133  0700     E  	mov a,rf
 115  0134  0080     E  	mov _builtin_holtek_mant1[2],a
 115  0135  0700     E  	mov a,re
 115  0136  0080     E  	mov _builtin_holtek_mant1[1],a
 115  0137  0700     E  	mov a,rd
 115  0138  0080     E  	mov _builtin_holtek_mant1[0],a
 115  0139  0F3D        	mov a,61
 115  013A  0080     E  	mov _builtin_holtek_mant12p[1],a
 115  013B  0F23        	mov a,35
 115  013C  0080     E  	mov _builtin_holtek_mant2[2],a
 115  013D  0FD7        	mov a,215
 115  013E  0080     E  	mov _builtin_holtek_mant2[1],a
 115  013F  0F0A        	mov a,10
 115  0140  0080     E  	mov _builtin_holtek_mant2[0],a
 115  0141  2000     E  	call _builtin_holtek_dtmul
 115  0142  0700     E  	mov a,_builtin_holtek_mant12p[0]
 115  0143  0080     E  	mov rg,a
 115  0144  0700     E  	mov a,_builtin_holtek_mant1[2]
 115  0145  0080     E  	mov rf,a
 115  0146  0700     E  	mov a,_builtin_holtek_mant1[1]
 115  0147  0080     E  	mov re,a
 115  0148  0700     E  	mov a,_builtin_holtek_mant1[0]
 115  0149  0080     E  	mov rd,a
 115  014A  0700     E  	mov a,re
 115  014B  0080     E  	mov rc,a
 115  014C  0700     E  	mov a,rf
 115  014D  0080     E  	mov rd,a
 115  014E  0700     E  	mov a,rg
 115  014F  0080     E  	mov re,a
 115  0150  0700     E  	mov a,rc
 115  0151  0080     R  	mov _COValue[0],a
 115  0152  0700     E  	mov a,rd
 115  0153  0080     R  	mov _COValue[1],a
 115  0154  0700     E  	mov a,re
 115  0155  0080     R  	mov _COValue[2],a
 116  0156              #line 116 "c:\users\tech\desktop\codetector\co.c"
 116  0156  1F00     E  	clr _builtin_holtek_mant12p[0]
 116  0157  0700     E  	mov a,re
 116  0158  0080     E  	mov _builtin_holtek_mant1[2],a
 116  0159  0700     E  	mov a,rd
 116  015A  0080     E  	mov _builtin_holtek_mant1[1],a
 116  015B  0700     E  	mov a,rc
 116  015C  0080     E  	mov _builtin_holtek_mant1[0],a
 116  015D  2000     E  	call _builtin_holtek_ftol
 116  015E  0700     E  	mov a,_builtin_holtek_mant12p[0]
 116  015F  0080     E  	mov rg,a
 116  0160  0700     E  	mov a,_builtin_holtek_mant1[2]
 116  0161  0080     E  	mov rf,a
 116  0162  0700     E  	mov a,_builtin_holtek_mant1[1]
 116  0163  0080     E  	mov re,a
 116  0164  0700     E  	mov a,_builtin_holtek_mant1[0]
 116  0165  0080     E  	mov rd,a
 116  0166  0700     E  	mov a,rd
 116  0167  0080     E  	mov _shwoSegment_2[0],a
 116  0168  0700     E  	mov a,re
 116  0169  0080     E  	mov _shwoSegment_2[1],a
"File: co.c          Assembler  Version HGASM0202      Page 9

 116  016A  2000     E  	call _shwoSegment
 116  016B              _L4:
 119  016B              #line 119 "c:\users\tech\desktop\codetector\co.c"
 119  016B  1480     R  	inc _counter[0]
 119  016C  3D0A        	sz z
 119  016D  1480     R  	inc _counter[1]
 120  016E              #line 120 "c:\users\tech\desktop\codetector\co.c"
 120  016E  1F00     E  	clr _builtin_holtek_mant12p[0]
 120  016F  0700     R  	mov a,_COValue[2]
 120  0170  0080     E  	mov _builtin_holtek_mant1[2],a
 120  0171  0700     R  	mov a,_COValue[1]
 120  0172  0080     E  	mov _builtin_holtek_mant1[1],a
 120  0173  0700     R  	mov a,_COValue[0]
 120  0174  0080     E  	mov _builtin_holtek_mant1[0],a
 120  0175  2000     E  	call _builtin_holtek_ftol
 120  0176  0700     E  	mov a,_builtin_holtek_mant12p[0]
 120  0177  0080     E  	mov rg,a
 120  0178  0700     E  	mov a,_builtin_holtek_mant1[2]
 120  0179  0080     E  	mov rf,a
 120  017A  0700     E  	mov a,_builtin_holtek_mant1[1]
 120  017B  0080     E  	mov re,a
 120  017C  0700     E  	mov a,_builtin_holtek_mant1[0]
 120  017D  0080     E  	mov rd,a
 120  017E  0700     E  	mov a,rd
 120  017F  0080     E  	mov _shwoSegment_2[0],a
 120  0180  0700     E  	mov a,re
 120  0181  0080     E  	mov _shwoSegment_2[1],a
 120  0182  2000     E  	call _shwoSegment
 121  0183              #line 121 "c:\users\tech\desktop\codetector\co.c"
 121  0183  0FC8        	mov a,200
 121  0184  0200     R  	sub a,_counter[0]
 121  0185  0F00        	mov a,0
 121  0186  1200     R  	sbc a,_counter[1]
 121  0187  3B8A        	snz sc
 121  0188  2800     R  	jmp _L4
 123  0189              #line 123 "c:\users\tech\desktop\codetector\co.c"
 123  0189  1F00     R  	clr _counter[0]
 123  018A  1F00     R  	clr _counter[1]
 124  018B              #line 124 "c:\users\tech\desktop\codetector\co.c"
 124  018B  2000     E  	call _clearSegment
 125  018C              #line 125 "c:\users\tech\desktop\codetector\co.c"
 125  018C  3216        	set [22].4
 126  018D              #line 126 "c:\users\tech\desktop\codetector\co.c"
 126  018D  3217        	set [23].4
 127  018E              #line 127 "c:\users\tech\desktop\codetector\co.c"
 127  018E  0F38        	mov a,56
 127  018F  0097        	mov [23],a
 128  0190              #line 128 "c:\users\tech\desktop\codetector\co.c"
 128  0190  1F00     R  	clr _pressFlag[0]
 129  0191              #line 129 "c:\users\tech\desktop\codetector\co.c"
 129  0191  1F00     R  	clr _debounceCounter[0]
 129  0192  1F00     R  	clr _debounceCounter[1]
 130  0193              #line 130 "c:\users\tech\desktop\codetector\co.c"
 130  0193  1F00     R  	clr _keyCounter[0]
 130  0194  1F00     R  	clr _keyCounter[1]
 132  0195              #line 132 "c:\users\tech\desktop\codetector\co.c"
 132  0195  2800     R  	jmp _L5
 132  0196  2800     R  	jmp $
 132  0197              _main endp
 132  0197              
"File: co.c          Assembler  Version HGASM0202      Page 10

 132  0197              @dummy endp
 132  0197              
 132  0197              #line 132 "c:\users\tech\desktop\codetector\co.c"
 132  0197              #pragma debug scope 1 1
 132  0197              ___pa equ [20]
 132  0197              public _key
 132  0197              #pragma debug scope 3 1
 221  0197              #line 221 "c:\users\tech\desktop\codetector\co.c"
 221  0000              _key .section 'code'
 221  0000              _key proc
 221  0000  00              local _key_2 db 1 dup(?)	; 0,1
 226  0001              #line 226 "c:\users\tech\desktop\codetector\co.c"
 226  0000  3E14        	sz [20].4
 226  0001  2800     R  	jmp _L9
 229  0002              #line 229 "c:\users\tech\desktop\codetector\co.c"
 229  0002  0F01        	mov a,1
 229  0003  0300     R  	add a,_debounceCounter[0]
 229  0004  0080     E  	mov rb,a
 229  0005  0F00        	mov a,0
 229  0006  1300     R  	adc a,_debounceCounter[1]
 229  0007  0080     E  	mov rc,a
 229  0008  0700     E  	mov a,rb
 229  0009  0080     R  	mov _debounceCounter[0],a
 229  000A  0700     E  	mov a,rc
 229  000B  0080     R  	mov _debounceCounter[1],a
 230  000C              #line 230 "c:\users\tech\desktop\codetector\co.c"
 230  000C  1F00     R  	clr _buttonStatus[0]
 230  000D  1F00     R  	clr _buttonStatus[1]
 231  000E              #line 231 "c:\users\tech\desktop\codetector\co.c"
 231  000E  0F01        	mov a,1
 231  000F  0080     R  	mov _pressFlag[0],a
 233  0010              #line 233 "c:\users\tech\desktop\codetector\co.c"
 233  0010  1700     R  	sdza _pressLockFlag[0]
 233  0011  2800     R  	jmp _L10
 235  0012              #line 235 "c:\users\tech\desktop\codetector\co.c"
 235  0012  0F01        	mov a,1
 235  0013  0080     E  	mov ra,a
 235  0014  1E00     R  	snz _keyState[0]
 235  0015  2800     R  	jmp _L11
 235  0016  1F00     E  	clr ra
 235  0017              _L11:
 235  0017  0700     E  	mov a,ra
 235  0018  0080     R  	mov _keyState[0],a
 236  0019              #line 236 "c:\users\tech\desktop\codetector\co.c"
 236  0019  1F00     R  	clr _keyCounter[0]
 236  001A  1F00     R  	clr _keyCounter[1]
 237  001B              #line 237 "c:\users\tech\desktop\codetector\co.c"
 237  001B  1F00     R  	clr _pressLockFlag[0]
 237  001C              _L10:
 239  001C              #line 239 "c:\users\tech\desktop\codetector\co.c"
 239  001C  0F88        	mov a,136
 239  001D  0200     E  	sub a,rb
 239  001E  0F13        	mov a,19
 239  001F  1200     E  	sbc a,rc
 239  0020  3C0A        	sz c
 239  0021  2800     R  	jmp _L9
 241  0022              #line 241 "c:\users\tech\desktop\codetector\co.c"
 241  0022  0F02        	mov a,2
 241  0023  0080     R  	mov _pressFlag[0],a
 241  0024              _L9:
"File: co.c          Assembler  Version HGASM0202      Page 11

 246  0024              #line 246 "c:\users\tech\desktop\codetector\co.c"
 246  0024  3A14        	snz [20].4
 246  0025  2800     R  	jmp _L13
 246  0026  1700     R  	sdza _pressFlag[0]
 246  0027  2800     R  	jmp _L13
 248  0028              #line 248 "c:\users\tech\desktop\codetector\co.c"
 248  0028  0F01        	mov a,1
 248  0029  0080     R  	mov _pressLockFlag[0],a
 249  002A              #line 249 "c:\users\tech\desktop\codetector\co.c"
 249  002A  1F00     R  	clr _debounceCounter[0]
 249  002B  1F00     R  	clr _debounceCounter[1]
 251  002C              #line 251 "c:\users\tech\desktop\codetector\co.c"
 251  002C  2000     E  	call _clearSegment
 252  002D              #line 252 "c:\users\tech\desktop\codetector\co.c"
 252  002D  3216        	set [22].4
 253  002E              #line 253 "c:\users\tech\desktop\codetector\co.c"
 253  002E  3217        	set [23].4
 255  002F              #line 255 "c:\users\tech\desktop\codetector\co.c"
 255  002F  0700     R  	mov a,_keyState[0]
 255  0030  0080     R  	mov _key_2[0],a
 255  0031  1700     R  	sdza _key_2[0]
 255  0032  2800     R  	jmp _L14
 258  0033              #line 258 "c:\users\tech\desktop\codetector\co.c"
 258  0033  0F02        	mov a,2
 258  0034  0080     R  	mov _buttonStatus[0],a
 258  0035  1F00     R  	clr _buttonStatus[1]
 258  0036  2800     R  	jmp _L28
 258  0037              _L14:
 270  0037              #line 270 "c:\users\tech\desktop\codetector\co.c"
 270  0037  1080     R  	sz _key_2[0]
 270  0038  2800     R  	jmp _L17
 272  0039              #line 272 "c:\users\tech\desktop\codetector\co.c"
 272  0039  0F01        	mov a,1
 272  003A  0080     R  	mov _buttonStatus[0],a
 272  003B  1F00     R  	clr _buttonStatus[1]
 272  003C              _L28:
 273  003C              #line 273 "c:\users\tech\desktop\codetector\co.c"
 273  003C  0F01        	mov a,1
 273  003D  0300     R  	add a,_keyCounter[0]
 273  003E  0080     E  	mov rb,a
 273  003F  0F00        	mov a,0
 273  0040  1300     R  	adc a,_keyCounter[1]
 273  0041  0080     E  	mov rc,a
 273  0042  0700     E  	mov a,rb
 273  0043  0080     R  	mov _keyCounter[0],a
 273  0044  0700     E  	mov a,rc
 273  0045  0080     R  	mov _keyCounter[1],a
 274  0046              #line 274 "c:\users\tech\desktop\codetector\co.c"
 274  0046  0FF3        	mov a,243
 274  0047  0200     E  	sub a,rb
 274  0048  0F01        	mov a,1
 274  0049  1200     E  	sbc a,rc
 274  004A  3C0A        	sz c
 274  004B  2800     R  	jmp _L17
 276  004C              #line 276 "c:\users\tech\desktop\codetector\co.c"
 276  004C  1F00     R  	clr _debounceCounter[0]
 276  004D  1F00     R  	clr _debounceCounter[1]
 277  004E              #line 277 "c:\users\tech\desktop\codetector\co.c"
 277  004E  1F00     R  	clr _pressFlag[0]
 278  004F              #line 278 "c:\users\tech\desktop\codetector\co.c"
"File: co.c          Assembler  Version HGASM0202      Page 12

 278  004F  1F00     R  	clr _keyCounter[0]
 278  0050  1F00     R  	clr _keyCounter[1]
 278  0051              _L17:
 283  0051              #line 283 "c:\users\tech\desktop\codetector\co.c"
 283  0051  2000     E  	call _clearSegment
 285  0052              #line 285 "c:\users\tech\desktop\codetector\co.c"
 285  0052  3216        	set [22].4
 286  0053              #line 286 "c:\users\tech\desktop\codetector\co.c"
 286  0053  3217        	set [23].4
 286  0054              _L13:
 290  0054              #line 290 "c:\users\tech\desktop\codetector\co.c"
 290  0054  3A14        	snz [20].4
 290  0055  2800     R  	jmp _L20
 290  0056  0700     R  	mov a,_pressFlag[0]
 290  0057  0A02        	sub a,2
 290  0058  390A        	snz z
 290  0059  2800     R  	jmp _L20
 292  005A              #line 292 "c:\users\tech\desktop\codetector\co.c"
 292  005A  0F03        	mov a,3
 292  005B  0080     R  	mov _buttonStatus[0],a
 292  005C  1F00     R  	clr _buttonStatus[1]
 293  005D              #line 293 "c:\users\tech\desktop\codetector\co.c"
 293  005D  0F01        	mov a,1
 293  005E  0300     R  	add a,_keyCounter[0]
 293  005F  0080     E  	mov rb,a
 293  0060  0F00        	mov a,0
 293  0061  1300     R  	adc a,_keyCounter[1]
 293  0062  0080     E  	mov rc,a
 293  0063  0700     E  	mov a,rb
 293  0064  0080     R  	mov _keyCounter[0],a
 293  0065  0700     E  	mov a,rc
 293  0066  0080     R  	mov _keyCounter[1],a
 295  0067              #line 295 "c:\users\tech\desktop\codetector\co.c"
 295  0067  0FF3        	mov a,243
 295  0068  0200     E  	sub a,rb
 295  0069  0F01        	mov a,1
 295  006A  1200     E  	sbc a,rc
 295  006B  3C0A        	sz c
 295  006C  2800     R  	jmp _L20
 297  006D              #line 297 "c:\users\tech\desktop\codetector\co.c"
 297  006D  1F00     R  	clr _debounceCounter[0]
 297  006E  1F00     R  	clr _debounceCounter[1]
 298  006F              #line 298 "c:\users\tech\desktop\codetector\co.c"
 298  006F  1F00     R  	clr _pressFlag[0]
 299  0070              #line 299 "c:\users\tech\desktop\codetector\co.c"
 299  0070  1F00     R  	clr _keyCounter[0]
 299  0071  1F00     R  	clr _keyCounter[1]
 299  0072              _L20:
 305  0072              #line 305 "c:\users\tech\desktop\codetector\co.c"
 305  0072  1080     R  	sz _pressFlag[0]
 305  0073  2800     R  	jmp _L22
 307  0074              #line 307 "c:\users\tech\desktop\codetector\co.c"
 307  0074  0F04        	mov a,4
 307  0075  0080     R  	mov _buttonStatus[0],a
 307  0076  1F00     R  	clr _buttonStatus[1]
 307  0077              _L22:
 307  0077  0003        	ret
 307  0078              _key endp
 307  0078              #line 307 "c:\users\tech\desktop\codetector\co.c"
 307  0078              #pragma debug scope 1 1
"File: co.c          Assembler  Version HGASM0202      Page 13

 307  0078              public _counter
 307  0000              @HCCINIT	.section 'data'
  82  0000              #line 82 "c:\users\tech\desktop\codetector\co.c"
  82  0000              @HCCINIT_counter .section 'data'
  82  0000              _counter label byte
  82  0000              #pragma debug variable 11 1 _counter "counter"
  82  0000              	db 0
  82  0000              @ROMDATA_BASE .section inpage 'code'
  82  0000              	db 0
  82  0001              @HCCINIT_counter .section 'data'
  82  0001              	db 0
  82  0001              @ROMDATA_BASE .section inpage 'code'
  82  0001              	db 0
  82  0002              @HCCINIT_counter .section 'data'
  82  0002              public _keyCounter
  77  0002              #line 77 "c:\users\tech\desktop\codetector\co.c"
  77  0000              @HCCINIT_keyCounter .section 'data'
  77  0000              _keyCounter label byte
  77  0000              #pragma debug variable 12 1 _keyCounter "keyCounter"
  77  0000              	db 0
  77  0001              @ROMDATA_BASE .section inpage 'code'
  77  0001              	db 0
  77  0001              @HCCINIT_keyCounter .section 'data'
  77  0001              	db 0
  77  0002              @ROMDATA_BASE .section inpage 'code'
  77  0002              	db 0
  77  0002              @HCCINIT_keyCounter .section 'data'
  77  0002              public _pressFlag
  76  0002              #line 76 "c:\users\tech\desktop\codetector\co.c"
  76  0000              @HCCINIT_pressFlag .section 'data'
  76  0000              _pressFlag label byte
  76  0000              #pragma debug variable 7 1 _pressFlag "pressFlag"
  76  0000              	db 0
  76  0002              @ROMDATA_BASE .section inpage 'code'
  76  0002              	db 0
  76  0001              @HCCINIT_pressFlag .section 'data'
  76  0001              public _pressLockFlag
  75  0001              #line 75 "c:\users\tech\desktop\codetector\co.c"
  75  0000              @HCCINIT_pressLockFlag .section 'data'
  75  0000              _pressLockFlag label byte
  75  0000              #pragma debug variable 7 1 _pressLockFlag "pressLockFlag"
  75  0000              	db 2
  75  0003              @ROMDATA_BASE .section inpage 'code'
  75  0003              	db 2
  75  0001              @HCCINIT_pressLockFlag .section 'data'
  75  0001              public _keyState
  74  0001              #line 74 "c:\users\tech\desktop\codetector\co.c"
  74  0000              @HCCINIT_keyState .section 'data'
  74  0000              _keyState label byte
  74  0000              #pragma debug variable 7 1 _keyState "keyState"
  74  0000              	db 0
  74  0003              @ROMDATA_BASE .section inpage 'code'
  74  0003              	db 0
  74  0001              @HCCINIT_keyState .section 'data'
  73  0001              #line 73 "c:\users\tech\desktop\codetector\co.c"
  73  0001              public _debounceCounter
  73  0000              @HCCINIT0_debounceCounter .section 'data'
  73  0000  0002[       _debounceCounter	db 2 dup(0)
            00
            ]
"File: co.c          Assembler  Version HGASM0202      Page 14

  73  0002              #pragma debug variable 12 1 _debounceCounter "debounceCounter"
  73  0002              
  73  0000              @HCCINIT .section 'data'
  70  0000              #line 70 "c:\users\tech\desktop\codetector\co.c"
  70  0000              public _buttonStatus
  70  0000              @HCCINIT0_buttonStatus .section 'data'
  70  0000  0002[       _buttonStatus	db 2 dup(0)
            00
            ]
  70  0002              #pragma debug variable 12 1 _buttonStatus "buttonStatus"
  70  0002              
  70  0000              @HCCINIT .section 'data'
  53  0000              #line 53 "c:\users\tech\desktop\codetector\co.c"
  53  0000              public _alarmCounter
  53  0000              @HCCINIT0_alarmCounter .section 'data'
  53  0000  0002[       _alarmCounter	db 2 dup(0)
            00
            ]
  53  0002              #pragma debug variable 12 1 _alarmCounter "alarmCounter"
  53  0002              
  53  0000              @HCCINIT .section 'data'
  53  0000              public _VAmplifier1
  51  0000              #line 51 "c:\users\tech\desktop\codetector\co.c"
  51  0000              @HCCINIT_VAmplifier1 .section 'data'
  51  0000              _VAmplifier1 label byte
  51  0000              #pragma debug variable 28 1 _VAmplifier1 "VAmplifier1"
  51  0000              	db 0
  51  0004              @ROMDATA_BASE .section inpage 'code'
  51  0004              	db 0
  51  0001              @HCCINIT_VAmplifier1 .section 'data'
  51  0001              	db 0
  51  0004              @ROMDATA_BASE .section inpage 'code'
  51  0004              	db 0
  51  0002              @HCCINIT_VAmplifier1 .section 'data'
  51  0002              	db 0
  51  0005              @ROMDATA_BASE .section inpage 'code'
  51  0005              	db 0
  51  0003              @HCCINIT_VAmplifier1 .section 'data'
  51  0003              public _Amplifier1
  50  0003              #line 50 "c:\users\tech\desktop\codetector\co.c"
  50  0000              @HCCINIT_Amplifier1 .section 'data'
  50  0000              _Amplifier1 label byte
  50  0000              #pragma debug variable 28 1 _Amplifier1 "Amplifier1"
  50  0000              	db 0
  50  0005              @ROMDATA_BASE .section inpage 'code'
  50  0005              	db 0
  50  0001              @HCCINIT_Amplifier1 .section 'data'
  50  0001              	db 0
  50  0006              @ROMDATA_BASE .section inpage 'code'
  50  0006              	db 0
  50  0002              @HCCINIT_Amplifier1 .section 'data'
  50  0002              	db 0
  50  0006              @ROMDATA_BASE .section inpage 'code'
  50  0006              	db 0
  50  0003              @HCCINIT_Amplifier1 .section 'data'
  50  0003              public _temperatur
  49  0003              #line 49 "c:\users\tech\desktop\codetector\co.c"
  49  0000              @HCCINIT_temperatur .section 'data'
  49  0000              _temperatur label byte
  49  0000              #pragma debug variable 28 1 _temperatur "temperatur"
"File: co.c          Assembler  Version HGASM0202      Page 15

  49  0000              	db 0
  49  0007              @ROMDATA_BASE .section inpage 'code'
  49  0007              	db 0
  49  0001              @HCCINIT_temperatur .section 'data'
  49  0001              	db 0
  49  0007              @ROMDATA_BASE .section inpage 'code'
  49  0007              	db 0
  49  0002              @HCCINIT_temperatur .section 'data'
  49  0002              	db 0
  49  0008              @ROMDATA_BASE .section inpage 'code'
  49  0008              	db 0
  49  0003              @HCCINIT_temperatur .section 'data'
  49  0003              public _COValue
  48  0003              #line 48 "c:\users\tech\desktop\codetector\co.c"
  48  0000              @HCCINIT_COValue .section 'data'
  48  0000              _COValue label byte
  48  0000              #pragma debug variable 28 1 _COValue "COValue"
  48  0000              	db 0
  48  0008              @ROMDATA_BASE .section inpage 'code'
  48  0008              	db 0
  48  0001              @HCCINIT_COValue .section 'data'
  48  0001              	db 0
  48  0009              @ROMDATA_BASE .section inpage 'code'
  48  0009              	db 0
  48  0002              @HCCINIT_COValue .section 'data'
  48  0002              	db 0
  48  0009              @ROMDATA_BASE .section inpage 'code'
  48  0009              	db 0
  48  0003              @HCCINIT_COValue .section 'data'
  48  0003              public _VDD
  47  0003              #line 47 "c:\users\tech\desktop\codetector\co.c"
  47  0000              @HCCINIT_VDD .section 'data'
  47  0000              _VDD label byte
  47  0000              #pragma debug variable 28 1 _VDD "VDD"
  47  0000              	db 0
  47  000A              @ROMDATA_BASE .section inpage 'code'
  47  000A              	db 0
  47  0001              @HCCINIT_VDD .section 'data'
  47  0001              	db 0
  47  000A              @ROMDATA_BASE .section inpage 'code'
  47  000A              	db 0
  47  0002              @HCCINIT_VDD .section 'data'
  47  0002              	db 0
  47  000B              @ROMDATA_BASE .section inpage 'code'
  47  000B              	db 0
  47  0003              @HCCINIT_VDD .section 'data'
  47  0003              #pragma debug struct_end
  47  0003              #pragma debug struct_end
  47  0003              #pragma debug union_end
  47  0003              #pragma debug union_end
  47  0003              #pragma debug variable 43 1 ___status "__status" 1
  47  0003              #pragma debug struct_end
  47  0003              #pragma debug struct_end
  47  0003              #pragma debug union_end
  47  0003              #pragma debug union_end
  47  0003              #pragma debug variable 45 1 ___vbgrc "__vbgrc" 1
  47  0003              #pragma debug struct_end
  47  0003              #pragma debug struct_end
  47  0003              #pragma debug union_end
  47  0003              #pragma debug union_end
"File: co.c          Assembler  Version HGASM0202      Page 16

  47  0003              #pragma debug variable 47 1 ___pa "__pa" 1
  47  0003              #pragma debug struct_end
  47  0003              #pragma debug struct_end
  47  0003              #pragma debug union_end
  47  0003              #pragma debug union_end
  47  0003              #pragma debug variable 49 1 ___papu "__papu" 1
  47  0003              #pragma debug struct_end
  47  0003              #pragma debug struct_end
  47  0003              #pragma debug union_end
  47  0003              #pragma debug union_end
  47  0003              #pragma debug variable 51 1 ___pawu "__pawu" 1
  47  0003              #pragma debug struct_end
  47  0003              #pragma debug struct_end
  47  0003              #pragma debug union_end
  47  0003              #pragma debug union_end
  47  0003              #pragma debug variable 53 1 ___sda0c "__sda0c" 1
  47  0003              #pragma debug struct_end
  47  0003              #pragma debug struct_end
  47  0003              #pragma debug union_end
  47  0003              #pragma debug union_end
  47  0003              #pragma debug variable 55 1 ___sda1c "__sda1c" 1
  47  0003              #pragma debug struct_end
  47  0003              #pragma debug struct_end
  47  0003              #pragma debug union_end
  47  0003              #pragma debug union_end
  47  0003              #pragma debug variable 57 1 ___isgenc "__isgenc" 1
  84  0003              #line 84 "c:\users\tech\desktop\codetector\co.c"
  84  0000              @code .section at 0 'code'
  84  0000  2800     R  	jmp _main_startup1
  84  0001              
  84  0001              extern _ClockInit:near
  84  0001              extern _GPIOInit:near
  84  0001              extern _GPIOToGNDCurentInit:near
  84  0001              extern _OPAMPInit:near
  84  0001              extern _S_ADC_Init:near
  84  0001              extern _PTimerInit:near
  84  0001              extern _PWMSeter:near
  84  0001              extern _S_READ_ADC:near
  84  0001              extern _builtin_holtek_mant1:byte
  84  0001              extern _builtin_holtek_mant12p:byte
  84  0001              extern _builtin_holtek_signs:byte
  84  0001              extern _builtin_holtek_uitod:near
  84  0001              extern _builtin_holtek_mant2:byte
  84  0001              extern _builtin_holtek_dtdiv:near
  84  0001              extern _builtin_holtek_dtmul:near
  84  0001              extern _temperature_2:byte
  84  0001              extern _temperature:near
  84  0001              extern _builtin_holtek_uitof:near
  84  0001              extern _builtin_holtek_ftdiv:near
  84  0001              extern _builtin_holtek_ftmul:near
  84  0001              extern _builtin_holtek_ftol:near
  84  0001              extern _shwoSegment_2:byte
  84  0001              extern _shwoSegment:near
  84  0001              extern _clearSegment:near
  84  0001              
  84  0001              ; 
  84  0001              ; Generated by holtek-gcc v3.19, Mon Sep 25 17:00:03 2023
  84  0001              ; Rebuild 718
  84  0001              ; end of file

"File: co.c          Assembler  Version HGASM0202      Page 17


        0 Errors, 0