"File: Timer.c       Assembler  Version HGASM0202      Page 1


   1  0000              ; Generated by holtek-gcc v3.19, Sun Sep 24 15:40:42 2023
   2  0000              ; 
   3  0000              ; Configuration:
   4  0000              ;       with long instruction
   5  0000              ;       Single ROM, Multi-RAM
   6  0000              ;       bits_per_rom_unit:16
   7  0000              ;       with mp1
   8  0000              ;       with tbhp, address(0x9)
   9  0000              ;          Use tabrd-const
  10  0000              ;       
  11  0000              ; SFR address of long-instruction arch:
  12  0000              ;    mp0 = -1,1,0
  13  0000              ;    mp1 = 4,3,2
  14  0000              ;    mp2 = 14,13,12
  15  0000              ;    tbp = 9,7,8
  16  0000              ;    acc = 5
  17  0000              ;    pcl = 6
  18  0000              ;    status = 10
  19  0000              ;    bp = 11
  20  0000              ;    intc = 72
  21  0000              ;       
  22  0000              ;       
  23  0000              ; use 'tabrdc' instead of 'tabrd'
  24  0000              ;       
  25  0000              
  26  0000              #pragma translator "holtek-gcc 4.6.4" "3.19" "build 20130711"
  27  0000              ; Rebuild 718
  28  0000              
  29  0000              ir equ [2]
  30  0000              mp equ [3]
  31  0000              sbp equ [4]
  32  0000              acc equ [5]
  33  0000              bp equ [11]
  34  0000              tblp equ [7]
  35  0000              tbhp equ [9]
  36  0000              status equ [10]
  37  0000              c equ [10].0
  38  0000              ac equ [10].1
  39  0000              z equ [10].2
  40  0000              ov equ [10].3
  41  0000              cz equ [10].6
  42  0000              sc equ [10].7
  43  0000              intc equ [72]
  44  0000              
  45  0000              extern ra:byte
  46  0000              extern rb:byte
  47  0000              extern rc:byte
  48  0000              extern rd:byte
  49  0000              extern re:byte
  50  0000              extern rf:byte
  51  0000              extern rg:byte
  52  0000              extern rh:byte
  53  0000              extern _Crom2Prom:near
  54  0000              extern _Crom2PromNext:near
  55  0000              
  56  0000              RAMBANK 0 @BITDATASEC, @BITDATASEC1
  57  0000              @HCCINIT	.section 'data'
  58  0000              @HCCINIT0	.section 'data'
  59  0000              @BITDATASEC	 .section 'data'
"File: Timer.ASM     Assembler  Version HGASM0202      Page 2

  60  0000              @BITDATASEC1	 .section 'data'
  61  0000              
  62  0000              #pragma debug scope 1 1
  63  0000              	extern __DELAY3:near
  64  0000              	extern __DELAYX3:near
  65  0000              	extern __DELAYX6:near
  66  0000              	extern __DELAYY5:near
  67  0000              	extern __DELAYY3:near
  68  0000              	extern _builtin_holtek_delay_2:byte
  69  0000              ___pscr equ [29]
  70  0000              ___tb0c equ [16]
  71  0000              ___tb1c equ [17]
  72  0000              ___intc3 equ [75]
  73  0000              ___intc0 equ [72]
  74  0000              public _timerBaseInit
  75  0000              #pragma debug scope 2 1

   6  0000              #line 6 "Y:\Desktop\CODetector\Timer\Timer.c"
   6  0000              _timerBaseInit .section 'code'
   6  0000              _timerBaseInit proc
  14  0000              #line 14 "Y:\Desktop\CODetector\Timer\Timer.c"
  14  0000  0F01        	mov a,1
  14  0001  009D        	mov [29],a
  33  0002              #line 33 "Y:\Desktop\CODetector\Timer\Timer.c"
  33  0002  1F10        	clr [16]
  34  0003              #line 34 "Y:\Desktop\CODetector\Timer\Timer.c"
  34  0003  0F87        	mov a,135
  34  0004  0091        	mov [17],a
  36  0005              #line 36 "Y:\Desktop\CODetector\Timer\Timer.c"
  36  0005  30CB        	set [75].1
  37  0006              #line 37 "Y:\Desktop\CODetector\Timer\Timer.c"
  37  0006  36CB        	clr [75].5
  39  0007              #line 39 "Y:\Desktop\CODetector\Timer\Timer.c"
  39  0007  304B        	set [75].0
  40  0008              #line 40 "Y:\Desktop\CODetector\Timer\Timer.c"
  40  0008  364B        	clr [75].4
  42  0009              #line 42 "Y:\Desktop\CODetector\Timer\Timer.c"
  42  0009  3048        	set [72].0
  42  000A  0003        	ret
  42  000B              _timerBaseInit endp
  42  000B              #line 42 "Y:\Desktop\CODetector\Timer\Timer.c"
  42  000B              #pragma debug scope 1 1
  42  000B              ___stmc0 equ [39]
  42  000B              ___stmc1 equ [40]
  42  000B              ___stmal equ [43]
  42  000B              ___stmah equ [44]
  42  000B              ___intc2 equ [74]
  42  000B              public _STimerInit
  42  000B              #pragma debug scope 3 1
  46  000B              #line 46 "Y:\Desktop\CODetector\Timer\Timer.c"
  46  0000              _STimerInit .section 'code'
  46  0000              _STimerInit proc
  54  0000              #line 54 "Y:\Desktop\CODetector\Timer\Timer.c"
  54  0000  37A7        	clr [39].7
  67  0001              #line 67 "Y:\Desktop\CODetector\Timer\Timer.c"
  67  0001  3627        	clr [39].4
  68  0002              #line 68 "Y:\Desktop\CODetector\Timer\Timer.c"
  68  0002  36A7        	clr [39].5
  69  0003              #line 69 "Y:\Desktop\CODetector\Timer\Timer.c"
  69  0003  3727        	clr [39].6
"File: Timer.c       Assembler  Version HGASM0202      Page 3

  77  0004              #line 77 "Y:\Desktop\CODetector\Timer\Timer.c"
  77  0004  31A7        	set [39].3
  91  0005              #line 91 "Y:\Desktop\CODetector\Timer\Timer.c"
  91  0005  3427        	clr [39].0
  92  0006              #line 92 "Y:\Desktop\CODetector\Timer\Timer.c"
  92  0006  34A7        	clr [39].1
  93  0007              #line 93 "Y:\Desktop\CODetector\Timer\Timer.c"
  93  0007  3527        	clr [39].2
 130  0008              #line 130 "Y:\Desktop\CODetector\Timer\Timer.c"
 130  0008  3728        	clr [40].6
 131  0009              #line 131 "Y:\Desktop\CODetector\Timer\Timer.c"
 131  0009  37A8        	clr [40].7
 145  000A              #line 145 "Y:\Desktop\CODetector\Timer\Timer.c"
 145  000A  3628        	clr [40].4
 146  000B              #line 146 "Y:\Desktop\CODetector\Timer\Timer.c"
 146  000B  36A8        	clr [40].5
 154  000C              #line 154 "Y:\Desktop\CODetector\Timer\Timer.c"
 154  000C  31A8        	set [40].3
 161  000D              #line 161 "Y:\Desktop\CODetector\Timer\Timer.c"
 161  000D  3528        	clr [40].2
 169  000E              #line 169 "Y:\Desktop\CODetector\Timer\Timer.c"
 169  000E  30A8        	set [40].1
 177  000F              #line 177 "Y:\Desktop\CODetector\Timer\Timer.c"
 177  000F  3028        	set [40].0
 182  0010              #line 182 "Y:\Desktop\CODetector\Timer\Timer.c"
 182  0010  1FAB        	set [43]
 188  0011              #line 188 "Y:\Desktop\CODetector\Timer\Timer.c"
 188  0011  0F03        	mov a,3
 188  0012  00AC        	mov [44],a
 190  0013              #line 190 "Y:\Desktop\CODetector\Timer\Timer.c"
 190  0013  31CA        	set [74].3
 191  0014              #line 191 "Y:\Desktop\CODetector\Timer\Timer.c"
 191  0014  33CA        	set [74].7
 191  0015  0003        	ret
 191  0016              _STimerInit endp
 191  0016              #line 191 "Y:\Desktop\CODetector\Timer\Timer.c"
 191  0016              #pragma debug scope 1 1
 191  0016              ___stmdl equ [41]
 191  0016              ___stmdh equ [42]
 191  0016              public _readSTimer
 191  0016              #pragma debug scope 4 1
 198  0016              #line 198 "Y:\Desktop\CODetector\Timer\Timer.c"
 198  0000              _readSTimer .section 'code'
 198  0000              _readSTimer proc
 199  0000              #line 199 "Y:\Desktop\CODetector\Timer\Timer.c"
 199  0000  072A        	mov a,[42]
 199  0001  0080     E  	mov rc,a
 199  0002  1F00     E  	clr rb
 201  0003              #line 201 "Y:\Desktop\CODetector\Timer\Timer.c"
 201  0003  0700     E  	mov a,rc
 201  0004  0080     E  	mov re,a
 201  0005  0729        	mov a,[41]
 201  0006  0500     E  	or a,rb
 201  0007  0080     E  	mov rd,a
 201  0008  0700     E  	mov a,rd
 201  0009  0080     E  	mov ra,a
 201  000A  0700     E  	mov a,re
 201  000B  0080     E  	mov rb,a
 201  000C  0003        	ret
 201  000D              _readSTimer endp
"File: Timer.c       Assembler  Version HGASM0202      Page 4

 201  000D              #line 201 "Y:\Desktop\CODetector\Timer\Timer.c"
 201  000D              #pragma debug scope 1 1
 201  000D              ___ptmc0 equ [82]
 201  000D              ___ptmc1 equ [83]
 201  000D              public _PTimerInit
 201  000D              #pragma debug scope 5 1
 204  000D              #line 204 "Y:\Desktop\CODetector\Timer\Timer.c"
 204  0000              _PTimerInit .section 'code'
 204  0000              _PTimerInit proc
 217  0000              #line 217 "Y:\Desktop\CODetector\Timer\Timer.c"
 217  0000  3652        	clr [82].4
 218  0001              #line 218 "Y:\Desktop\CODetector\Timer\Timer.c"
 218  0001  32D2        	set [82].5
 219  0002              #line 219 "Y:\Desktop\CODetector\Timer\Timer.c"
 219  0002  3752        	clr [82].6
 227  0003              #line 227 "Y:\Desktop\CODetector\Timer\Timer.c"
 227  0003  3753        	clr [83].6
 228  0004              #line 228 "Y:\Desktop\CODetector\Timer\Timer.c"
 228  0004  33D3        	set [83].7
 237  0005              #line 237 "Y:\Desktop\CODetector\Timer\Timer.c"
 237  0005  3653        	clr [83].4
 238  0006              #line 238 "Y:\Desktop\CODetector\Timer\Timer.c"
 238  0006  32D3        	set [83].5
 244  0007              #line 244 "Y:\Desktop\CODetector\Timer\Timer.c"
 244  0007  35D3        	clr [83].3
 249  0008              #line 249 "Y:\Desktop\CODetector\Timer\Timer.c"
 249  0008  3553        	clr [83].2
 254  0009              #line 254 "Y:\Desktop\CODetector\Timer\Timer.c"
 254  0009  34D3        	clr [83].1
 262  000A              #line 262 "Y:\Desktop\CODetector\Timer\Timer.c"
 262  000A  3053        	set [83].0
 262  000B  0003        	ret
 262  000C              _PTimerInit endp
 262  000C              #line 262 "Y:\Desktop\CODetector\Timer\Timer.c"
 262  000C              #pragma debug scope 1 1
 262  000C              ___ptmal equ [87]
 262  000C              ___ptmah equ [88]
 262  000C              ___ptmrpl equ [91]
 262  000C              ___ptmrph equ [92]
 262  000C              public _PWMSeter
 262  000C              #pragma debug scope 6 1
 271  000C              #line 271 "Y:\Desktop\CODetector\Timer\Timer.c"
 271  0000              _PWMSeter .section 'code'
 271  0000              _PWMSeter proc
 271  0000  00              local _PWMSeter_2 db 1 dup(?)	; 0,1
 271  0000  0080     E  	mov ra,a
 271  0001  0080     R  	mov _PWMSeter_2[0],a
 271  0002              #pragma debug variable 7 6 _PWMSeter_2+0 "status"
 272  0002              #line 272 "Y:\Desktop\CODetector\Timer\Timer.c"
 272  0002  1E00     E  	snz ra
 272  0003  2800     R  	jmp _L6
 277  0004              #line 277 "Y:\Desktop\CODetector\Timer\Timer.c"
 277  0004  0F20        	mov a,32
 277  0005  00D7        	mov [87],a
 279  0006              #line 279 "Y:\Desktop\CODetector\Timer\Timer.c"
 279  0006  1F58        	clr [88]
 285  0007              #line 285 "Y:\Desktop\CODetector\Timer\Timer.c"
 285  0007  0F3F        	mov a,63
 285  0008  00DB        	mov [91],a
 287  0009              #line 287 "Y:\Desktop\CODetector\Timer\Timer.c"
"File: Timer.c       Assembler  Version HGASM0202      Page 5

 287  0009  1F5C        	clr [92]
 297  000A              #line 297 "Y:\Desktop\CODetector\Timer\Timer.c"
 297  000A  37D2        	clr [82].7
 303  000B              #line 303 "Y:\Desktop\CODetector\Timer\Timer.c"
 303  000B  31D2        	set [82].3
 303  000C  2800     R  	jmp _L5
 303  000D              _L6:
 308  000D              #line 308 "Y:\Desktop\CODetector\Timer\Timer.c"
 308  000D  33D2        	set [82].7
 309  000E              #line 309 "Y:\Desktop\CODetector\Timer\Timer.c"
 309  000E  35D2        	clr [82].3
 310  000F              #line 310 "Y:\Desktop\CODetector\Timer\Timer.c"
 310  000F  1F5B        	clr [91]
 311  0010              #line 311 "Y:\Desktop\CODetector\Timer\Timer.c"
 311  0010  1F57        	clr [87]
 311  0011              _L5:
 311  0011  0003        	ret
 311  0012              _PWMSeter endp
 311  0012              #line 311 "Y:\Desktop\CODetector\Timer\Timer.c"
 311  0012              #pragma debug scope 1 1
 311  0012              #pragma debug struct_end
 311  0012              #pragma debug struct_end
 311  0012              #pragma debug union_end
 311  0012              #pragma debug union_end
 311  0012              #pragma debug variable 43 1 ___tb0c "__tb0c" 1
 311  0012              #pragma debug struct_end
 311  0012              #pragma debug struct_end
 311  0012              #pragma debug union_end
 311  0012              #pragma debug union_end
 311  0012              #pragma debug variable 45 1 ___tb1c "__tb1c" 1
 311  0012              #pragma debug struct_end
 311  0012              #pragma debug struct_end
 311  0012              #pragma debug union_end
 311  0012              #pragma debug union_end
 311  0012              #pragma debug variable 47 1 ___pscr "__pscr" 1
 311  0012              #pragma debug struct_end
 311  0012              #pragma debug struct_end
 311  0012              #pragma debug union_end
 311  0012              #pragma debug union_end
 311  0012              #pragma debug variable 49 1 ___stmc0 "__stmc0" 1
 311  0012              #pragma debug struct_end
 311  0012              #pragma debug struct_end
 311  0012              #pragma debug union_end
 311  0012              #pragma debug union_end
 311  0012              #pragma debug variable 51 1 ___stmc1 "__stmc1" 1
 311  0012              #pragma debug variable 8 1 ___stmdl "__stmdl" 1
 311  0012              #pragma debug variable 8 1 ___stmdh "__stmdh" 1
 311  0012              #pragma debug variable 8 1 ___stmal "__stmal" 1
 311  0012              #pragma debug variable 8 1 ___stmah "__stmah" 1
 311  0012              #pragma debug struct_end
 311  0012              #pragma debug struct_end
 311  0012              #pragma debug union_end
 311  0012              #pragma debug union_end
 311  0012              #pragma debug variable 53 1 ___intc0 "__intc0" 1
 311  0012              #pragma debug struct_end
 311  0012              #pragma debug struct_end
 311  0012              #pragma debug union_end
 311  0012              #pragma debug union_end
 311  0012              #pragma debug variable 55 1 ___intc2 "__intc2" 1
 311  0012              #pragma debug struct_end
"File: Timer.c       Assembler  Version HGASM0202      Page 6

 311  0012              #pragma debug struct_end
 311  0012              #pragma debug union_end
 311  0012              #pragma debug union_end
 311  0012              #pragma debug variable 57 1 ___intc3 "__intc3" 1
 311  0012              #pragma debug struct_end
 311  0012              #pragma debug struct_end
 311  0012              #pragma debug union_end
 311  0012              #pragma debug union_end
 311  0012              #pragma debug variable 59 1 ___ptmc0 "__ptmc0" 1
 311  0012              #pragma debug struct_end
 311  0012              #pragma debug struct_end
 311  0012              #pragma debug union_end
 311  0012              #pragma debug union_end
 311  0012              #pragma debug variable 61 1 ___ptmc1 "__ptmc1" 1
 311  0012              #pragma debug variable 8 1 ___ptmal "__ptmal" 1
 311  0012              #pragma debug variable 8 1 ___ptmah "__ptmah" 1
 311  0012              #pragma debug variable 8 1 ___ptmrpl "__ptmrpl" 1
 311  0012              #pragma debug variable 8 1 ___ptmrph "__ptmrph" 1
 311  0012              
 311  0012              ; 
 311  0012              ; Generated by holtek-gcc v3.19, Sun Sep 24 15:40:42 2023
 311  0012              ; Rebuild 718
 311  0012              ; end of file


        0 Errors, 0