"File: co.c          Assembler  Version HGASM0202      Page 1


   1  0000              ; Generated by holtek-gcc v3.19, Sun Sep 10 10:46:59 2023
   2  0000              ; 
   3  0000              ; Configuration:
   4  0000              ;       with long instruction
   5  0000              ;       Single ROM, Multi-RAM
   6  0000              ;       bits_per_rom_unit:16
   7  0000              ;       with mp1
   8  0000              ;       with tbhp, address(0x9)
   9  0000              ;          Use tabrd-const
  10  0000              ;       
  11  0000              ; SFR address of long-instruction arch:
  12  0000              ;    mp0 = -1,1,0
  13  0000              ;    mp1 = 4,3,2
  14  0000              ;    mp2 = 14,13,12
  15  0000              ;    tbp = 9,7,8
  16  0000              ;    acc = 5
  17  0000              ;    pcl = 6
  18  0000              ;    status = 10
  19  0000              ;    bp = 11
  20  0000              ;    intc = 72
  21  0000              ;       
  22  0000              ;       
  23  0000              ; use 'tabrdc' instead of 'tabrd'
  24  0000              ;       
  25  0000              
  26  0000              #pragma translator "holtek-gcc 4.6.4" "3.19" "build 20130711"
  27  0000              ; Rebuild 718
  28  0000              
  29  0000              ir equ [2]
  30  0000              mp equ [3]
  31  0000              sbp equ [4]
  32  0000              acc equ [5]
  33  0000              bp equ [11]
  34  0000              tblp equ [7]
  35  0000              tbhp equ [9]
  36  0000              status equ [10]
  37  0000              c equ [10].0
  38  0000              ac equ [10].1
  39  0000              z equ [10].2
  40  0000              ov equ [10].3
  41  0000              cz equ [10].6
  42  0000              sc equ [10].7
  43  0000              intc equ [72]
  44  0000              
  45  0000              extern ra:byte
  46  0000              extern rb:byte
  47  0000              extern rc:byte
  48  0000              extern rd:byte
  49  0000              extern re:byte
  50  0000              extern rf:byte
  51  0000              extern rg:byte
  52  0000              extern rh:byte
  53  0000              extern _Crom2Prom:near
  54  0000              extern _Crom2PromNext:near
  55  0000              
  56  0000              RAMBANK 0 @BITDATASEC, @BITDATASEC1
  57  0000              @HCCINIT	.section 'data'
  58  0000              @HCCINIT0	.section 'data'
  59  0000              @BITDATASEC	 .section 'data'
"File: co.ASM        Assembler  Version HGASM0202      Page 2

  60  0000              @BITDATASEC1	 .section 'data'
  61  0000              
  62  0000              #pragma debug scope 1 1
  63  0000              	extern __DELAY3:near
  64  0000              	extern __DELAYX3:near
  65  0000              	extern __DELAYX6:near
  66  0000              	extern __DELAYY5:near
  67  0000              	extern __DELAYY3:near
  68  0000              	extern _builtin_holtek_delay_2:byte
  69  0000              ___isgenc equ [93]
  70  0000              ___vbgrc equ [11]
  71  0000              ___sda0c equ [35]
  72  0000              ___sda1c equ [37]
  73  0000              public _main
  74  0000              #pragma debug scope 2 1

 110  0000              #line 110 "c:\users\tech\desktop\codetector\co.c"
 110  0000              IFDEF WITH_DEFAULT_STARTUP
 110  0000              extern _main_initial0:near
 110  0000              extern _main_startup:near
 110  0000              ENDIF
 110  0000              
 110  0000              ROMBANK 0 @start
 110  0000              @start .section com_l 'code'
 110  0000              _main_startup1:
 110  0000              @start .section com_e 'code'
 110  0000  2800     R  	jmp _main
 110  0001              
 110  0000              _main .section 'code'
 110  0000              _main proc
 111  0000              #line 111 "c:\users\tech\desktop\codetector\co.c"
 111  0000  1480     R  	inc _cunter[0]
 111  0001  3D0A        	sz z
 111  0002  1480     R  	inc _cunter[1]
 113  0003              #line 113 "c:\users\tech\desktop\codetector\co.c"
 113  0003  2000     E  	call _ClockInit
 114  0004              #line 114 "c:\users\tech\desktop\codetector\co.c"
 114  0004  2000     E  	call _GPIOInit
 115  0005              #line 115 "c:\users\tech\desktop\codetector\co.c"
 115  0005  2000     E  	call _GPIOToGNDCurentInit
 116  0006              #line 116 "c:\users\tech\desktop\codetector\co.c"
 116  0006  2000     E  	call _OPAMPInit
 117  0007              #line 117 "c:\users\tech\desktop\codetector\co.c"
 117  0007  2000     E  	call _S_ADC_Init
 118  0008              #line 118 "c:\users\tech\desktop\codetector\co.c"
 118  0008  2000     E  	call _STimerInit
 149  0009              #line 149 "c:\users\tech\desktop\codetector\co.c"
 149  0009  305D        	set [93].0
 153  000A              #line 153 "c:\users\tech\desktop\codetector\co.c"
 153  000A              ;# 153 "c:\users\tech\desktop\codetector\co.c" 1
 153  000A              	IF 1000>263690
 153  000A              ;# 153 "c:\users\tech\desktop\codetector\co.c" 1
 153  000A              	ERRMESSAGE 'the value 1000of the argument exceeds the maxinum 263690'
 153  000A              	ENDIF
 153  000A              ;# 153 "c:\users\tech\desktop\codetector\co.c" 1
 153  000A              	IF 1000<0
 153  000A              ;# 153 "c:\users\tech\desktop\codetector\co.c" 1
 153  000A              	ERRMESSAGE 'the value 1000 of the argument exceeds the mininum 0'
 153  000A              	ENDIF
 153  000A              ;# 153 "c:\users\tech\desktop\codetector\co.c" 1
"File: co.c          Assembler  Version HGASM0202      Page 3

 153  000A              	IF 1000==0
 153  000A              ;# 153 "c:\users\tech\desktop\codetector\co.c" 1
 153  000A              	JMP $
 153  000A              	ENDIF
 153  000A              ;# 153 "c:\users\tech\desktop\codetector\co.c" 1
 153  000A              	IF 1000==1
 153  000A              ;# 153 "c:\users\tech\desktop\codetector\co.c" 1
 153  000A              	NOP
 153  000A              	ENDIF
 153  000A              ;# 153 "c:\users\tech\desktop\codetector\co.c" 1
 153  000A              	IF 1000==2
 153  000A              ;# 153 "c:\users\tech\desktop\codetector\co.c" 1
 153  000A              	NOP
 153  000A              ;# 153 "c:\users\tech\desktop\codetector\co.c" 1
 153  000A              	NOP
 153  000A              	ENDIF
 153  000A              ;# 153 "c:\users\tech\desktop\codetector\co.c" 1
 153  000A              	IF 1000==3
 153  000A              ;# 153 "c:\users\tech\desktop\codetector\co.c" 1
 153  000A              	NOP
 153  000A              ;# 153 "c:\users\tech\desktop\codetector\co.c" 1
 153  000A              	NOP
 153  000A              ;# 153 "c:\users\tech\desktop\codetector\co.c" 1
 153  000A              	NOP
 153  000A              	ENDIF
 153  000A              ;# 153 "c:\users\tech\desktop\codetector\co.c" 1
 153  000A              	IF (1000<8) AND (1000>3)
 153  000A              ;# 153 "c:\users\tech\desktop\codetector\co.c" 1
 153  000A              	CALL __DELAY3 + 7 -1000
 153  000A              	ENDIF
 153  000A              ;# 153 "c:\users\tech\desktop\codetector\co.c" 1
 153  000A              	IF (1000< 0404h) AND (1000>7)
 153  000A              ;# 153 "c:\users\tech\desktop\codetector\co.c" 1
 153  000A  0FF9        	MOV A,1000/4-1
 153  000B              ;# 153 "c:\users\tech\desktop\codetector\co.c" 1
 153  000B  2000     E  	CALL __DELAYX3 + 3 -(1000 MOD 4)
 153  000C              	ENDIF
 153  000C              ;# 153 "c:\users\tech\desktop\codetector\co.c" 1
 153  000C              	IF (1000< 0x40B) AND (1000> 0403h)
 153  000C              ;# 153 "c:\users\tech\desktop\codetector\co.c" 1
 153  000C              	MOV A,0 
 153  000C              ;# 153 "c:\users\tech\desktop\codetector\co.c" 1
 153  000C              	CALL __DELAYX6 + 0x40a -1000
 153  000C              	ENDIF
 153  000C              ;# 153 "c:\users\tech\desktop\codetector\co.c" 1
 153  000C              	IF (1000 >= 0x40b) AND ((((1000-9)%0402h)/4+1)>256)
 153  000C              ;# 153 "c:\users\tech\desktop\codetector\co.c" 1
 153  000C              	MOV A,(1000-9)/0402h
 153  000C              ;# 153 "c:\users\tech\desktop\codetector\co.c" 1
 153  000C              	MOV _builtin_holtek_delay_2,A
 153  000C              ;# 153 "c:\users\tech\desktop\codetector\co.c" 1
 153  000C              	MOV A,0
 153  000C              ;# 153 "c:\users\tech\desktop\codetector\co.c" 1
 153  000C              	CALL __DELAYY5 +5- (((1000-9)%0402h)%6)
 153  000C              	ENDIF
 153  000C              ;# 153 "c:\users\tech\desktop\codetector\co.c" 1
 153  000C              	IF (1000 >= 0x40b) AND ((((1000-9)%0402h)/4+1)<=256)
 153  000C              ;# 153 "c:\users\tech\desktop\codetector\co.c" 1
 153  000C              	MOV A,(1000-9)/0402h
 153  000C              ;# 153 "c:\users\tech\desktop\codetector\co.c" 1
"File: co.c          Assembler  Version HGASM0202      Page 4

 153  000C              	MOV _builtin_holtek_delay_2,A
 153  000C              ;# 153 "c:\users\tech\desktop\codetector\co.c" 1
 153  000C              	MOV A,((1000-9)%0402h)/4+1
 153  000C              ;# 153 "c:\users\tech\desktop\codetector\co.c" 1
 153  000C              	CALL __DELAYY3 +3-(((1000-9)%0402h)%4)
 153  000C              	ENDIF
 166  000C              #line 166 "c:\users\tech\desktop\codetector\co.c"
 166  000C  34DD        	clr [93].1
 171  000D              #line 171 "c:\users\tech\desktop\codetector\co.c"
 171  000D  0F13        	mov a,19
 171  000E  0080     R  	mov _ppm[0],a
 176  000F              #line 176 "c:\users\tech\desktop\codetector\co.c"
 176  000F              ;# 176 "c:\users\tech\desktop\codetector\co.c" 1
 176  000F              	IF 1000>263690
 176  000F              ;# 176 "c:\users\tech\desktop\codetector\co.c" 1
 176  000F              	ERRMESSAGE 'the value 1000of the argument exceeds the maxinum 263690'
 176  000F              	ENDIF
 176  000F              ;# 176 "c:\users\tech\desktop\codetector\co.c" 1
 176  000F              	IF 1000<0
 176  000F              ;# 176 "c:\users\tech\desktop\codetector\co.c" 1
 176  000F              	ERRMESSAGE 'the value 1000 of the argument exceeds the mininum 0'
 176  000F              	ENDIF
 176  000F              ;# 176 "c:\users\tech\desktop\codetector\co.c" 1
 176  000F              	IF 1000==0
 176  000F              ;# 176 "c:\users\tech\desktop\codetector\co.c" 1
 176  000F              	JMP $
 176  000F              	ENDIF
 176  000F              ;# 176 "c:\users\tech\desktop\codetector\co.c" 1
 176  000F              	IF 1000==1
 176  000F              ;# 176 "c:\users\tech\desktop\codetector\co.c" 1
 176  000F              	NOP
 176  000F              	ENDIF
 176  000F              ;# 176 "c:\users\tech\desktop\codetector\co.c" 1
 176  000F              	IF 1000==2
 176  000F              ;# 176 "c:\users\tech\desktop\codetector\co.c" 1
 176  000F              	NOP
 176  000F              ;# 176 "c:\users\tech\desktop\codetector\co.c" 1
 176  000F              	NOP
 176  000F              	ENDIF
 176  000F              ;# 176 "c:\users\tech\desktop\codetector\co.c" 1
 176  000F              	IF 1000==3
 176  000F              ;# 176 "c:\users\tech\desktop\codetector\co.c" 1
 176  000F              	NOP
 176  000F              ;# 176 "c:\users\tech\desktop\codetector\co.c" 1
 176  000F              	NOP
 176  000F              ;# 176 "c:\users\tech\desktop\codetector\co.c" 1
 176  000F              	NOP
 176  000F              	ENDIF
 176  000F              ;# 176 "c:\users\tech\desktop\codetector\co.c" 1
 176  000F              	IF (1000<8) AND (1000>3)
 176  000F              ;# 176 "c:\users\tech\desktop\codetector\co.c" 1
 176  000F              	CALL __DELAY3 + 7 -1000
 176  000F              	ENDIF
 176  000F              ;# 176 "c:\users\tech\desktop\codetector\co.c" 1
 176  000F              	IF (1000< 0404h) AND (1000>7)
 176  000F              ;# 176 "c:\users\tech\desktop\codetector\co.c" 1
 176  000F  0FF9        	MOV A,1000/4-1
 176  0010              ;# 176 "c:\users\tech\desktop\codetector\co.c" 1
 176  0010  2000     E  	CALL __DELAYX3 + 3 -(1000 MOD 4)
 176  0011              	ENDIF
"File: co.c          Assembler  Version HGASM0202      Page 5

 176  0011              ;# 176 "c:\users\tech\desktop\codetector\co.c" 1
 176  0011              	IF (1000< 0x40B) AND (1000> 0403h)
 176  0011              ;# 176 "c:\users\tech\desktop\codetector\co.c" 1
 176  0011              	MOV A,0 
 176  0011              ;# 176 "c:\users\tech\desktop\codetector\co.c" 1
 176  0011              	CALL __DELAYX6 + 0x40a -1000
 176  0011              	ENDIF
 176  0011              ;# 176 "c:\users\tech\desktop\codetector\co.c" 1
 176  0011              	IF (1000 >= 0x40b) AND ((((1000-9)%0402h)/4+1)>256)
 176  0011              ;# 176 "c:\users\tech\desktop\codetector\co.c" 1
 176  0011              	MOV A,(1000-9)/0402h
 176  0011              ;# 176 "c:\users\tech\desktop\codetector\co.c" 1
 176  0011              	MOV _builtin_holtek_delay_2,A
 176  0011              ;# 176 "c:\users\tech\desktop\codetector\co.c" 1
 176  0011              	MOV A,0
 176  0011              ;# 176 "c:\users\tech\desktop\codetector\co.c" 1
 176  0011              	CALL __DELAYY5 +5- (((1000-9)%0402h)%6)
 176  0011              	ENDIF
 176  0011              ;# 176 "c:\users\tech\desktop\codetector\co.c" 1
 176  0011              	IF (1000 >= 0x40b) AND ((((1000-9)%0402h)/4+1)<=256)
 176  0011              ;# 176 "c:\users\tech\desktop\codetector\co.c" 1
 176  0011              	MOV A,(1000-9)/0402h
 176  0011              ;# 176 "c:\users\tech\desktop\codetector\co.c" 1
 176  0011              	MOV _builtin_holtek_delay_2,A
 176  0011              ;# 176 "c:\users\tech\desktop\codetector\co.c" 1
 176  0011              	MOV A,((1000-9)%0402h)/4+1
 176  0011              ;# 176 "c:\users\tech\desktop\codetector\co.c" 1
 176  0011              	CALL __DELAYY3 +3-(((1000-9)%0402h)%4)
 176  0011              	ENDIF
 178  0011              #line 178 "c:\users\tech\desktop\codetector\co.c"
 178  0011  2000     E  	call _S_ADC_Init
 179  0012              #line 179 "c:\users\tech\desktop\codetector\co.c"
 179  0012  300B        	set [11].0
 183  0013              #line 183 "c:\users\tech\desktop\codetector\co.c"
 183  0013  3323        	set [35].6
 184  0014              #line 184 "c:\users\tech\desktop\codetector\co.c"
 184  0014  3325        	set [37].6
 184  0015              _L6:
 184  0015              #pragma debug scope 3 2
 184  0015              ;begin block, line: 184.-1
 224  0015              #line 224 "c:\users\tech\desktop\codetector\co.c"
 224  0015  305D        	set [93].0
 225  0016              #line 225 "c:\users\tech\desktop\codetector\co.c"
 225  0016  0F01        	mov a,1
 225  0017  2000     E  	call _S_READ_ADC
 225  0018  0F33        	mov a,51
 225  0019  0080     E  	mov _temperature_2[2],a
 225  001A  0F53        	mov a,83
 225  001B  0080     E  	mov _temperature_2[3],a
 225  001C  0F40        	mov a,64
 225  001D  0080     E  	mov _temperature_2[4],a
 225  001E  0700     E  	mov a,ra
 225  001F  0080     E  	mov _temperature_2[0],a
 225  0020  0700     E  	mov a,rb
 225  0021  0080     E  	mov _temperature_2[1],a
 225  0022  2000     E  	call _temperature
 225  0023  0700     E  	mov a,ra
 225  0024  0080     R  	mov _temperatur[0],a
 225  0025  0700     E  	mov a,rb
 225  0026  0080     R  	mov _temperatur[1],a
"File: co.c          Assembler  Version HGASM0202      Page 6

 225  0027  0700     E  	mov a,rc
 225  0028  0080     R  	mov _temperatur[2],a
 229  0029              #line 229 "c:\users\tech\desktop\codetector\co.c"
 229  0029  300B        	set [11].0
 236  002A              #line 236 "c:\users\tech\desktop\codetector\co.c"
 236  002A  0F04        	mov a,4
 236  002B  2000     E  	call _S_READ_ADC
 236  002C  0700     E  	mov a,rb
 236  002D  0080     E  	mov _builtin_holtek_mant1[1],a
 236  002E  0700     E  	mov a,ra
 236  002F  0080     E  	mov _builtin_holtek_mant1[0],a
 236  0030  3400     E  	clr _builtin_holtek_signs.0
 236  0031  2000     E  	call _builtin_holtek_uitod
 236  0032  0700     E  	mov a,_builtin_holtek_mant12p[0]
 236  0033  0080     E  	mov rh,a
 236  0034  0700     E  	mov a,_builtin_holtek_mant1[2]
 236  0035  0080     E  	mov rg,a
 236  0036  0700     E  	mov a,_builtin_holtek_mant1[1]
 236  0037  0080     E  	mov rf,a
 236  0038  0700     E  	mov a,_builtin_holtek_mant1[0]
 236  0039  0080     E  	mov re,a
 236  003A  1F00     E  	clr ra
 236  003B  0FF0        	mov a,-16
 236  003C  0080     E  	mov rb,a
 236  003D  0F7F        	mov a,127
 236  003E  0080     E  	mov rc,a
 236  003F  0F45        	mov a,69
 236  0040  0080     E  	mov rd,a
 236  0041  0700     E  	mov a,rd
 236  0042  0080     E  	mov _builtin_holtek_mant12p[0],a
 236  0043  0700     E  	mov a,rc
 236  0044  0080     E  	mov _builtin_holtek_mant1[2],a
 236  0045  0700     E  	mov a,rb
 236  0046  0080     E  	mov _builtin_holtek_mant1[1],a
 236  0047  0700     E  	mov a,ra
 236  0048  0080     E  	mov _builtin_holtek_mant1[0],a
 236  0049  0700     E  	mov a,rh
 236  004A  0080     E  	mov _builtin_holtek_mant12p[1],a
 236  004B  0700     E  	mov a,rg
 236  004C  0080     E  	mov _builtin_holtek_mant2[2],a
 236  004D  0700     E  	mov a,rf
 236  004E  0080     E  	mov _builtin_holtek_mant2[1],a
 236  004F  0700     E  	mov a,re
 236  0050  0080     E  	mov _builtin_holtek_mant2[0],a
 236  0051  2000     E  	call _builtin_holtek_dtdiv
 236  0052  0700     E  	mov a,_builtin_holtek_mant12p[0]
 236  0053  0080     E  	mov rh,a
 236  0054  0700     E  	mov a,_builtin_holtek_mant1[2]
 236  0055  0080     E  	mov rg,a
 236  0056  0700     E  	mov a,_builtin_holtek_mant1[1]
 236  0057  0080     E  	mov rf,a
 236  0058  0700     E  	mov a,_builtin_holtek_mant1[0]
 236  0059  0080     E  	mov re,a
 236  005A  0700     E  	mov a,rh
 236  005B  0080     E  	mov _builtin_holtek_mant12p[0],a
 236  005C  0700     E  	mov a,rg
 236  005D  0080     E  	mov _builtin_holtek_mant1[2],a
 236  005E  0700     E  	mov a,rf
 236  005F  0080     E  	mov _builtin_holtek_mant1[1],a
 236  0060  0700     E  	mov a,re
"File: co.c          Assembler  Version HGASM0202      Page 7

 236  0061  0080     E  	mov _builtin_holtek_mant1[0],a
 236  0062  0F3F        	mov a,63
 236  0063  0080     E  	mov _builtin_holtek_mant12p[1],a
 236  0064  0F99        	mov a,153
 236  0065  0080     E  	mov _builtin_holtek_mant2[2],a
 236  0066  0F99        	mov a,153
 236  0067  0080     E  	mov _builtin_holtek_mant2[1],a
 236  0068  0F9A        	mov a,154
 236  0069  0080     E  	mov _builtin_holtek_mant2[0],a
 236  006A  2000     E  	call _builtin_holtek_dtmul
 236  006B  0700     E  	mov a,_builtin_holtek_mant12p[0]
 236  006C  0080     E  	mov rg,a
 236  006D  0700     E  	mov a,_builtin_holtek_mant1[2]
 236  006E  0080     E  	mov rf,a
 236  006F  0700     E  	mov a,_builtin_holtek_mant1[1]
 236  0070  0080     E  	mov re,a
 236  0071  0700     E  	mov a,_builtin_holtek_mant1[0]
 236  0072  0080     E  	mov rd,a
 236  0073  0700     E  	mov a,rg
 236  0074  0080     R  	mov _VDD[2],a
 236  0075  0700     E  	mov a,rf
 236  0076  0080     R  	mov _VDD[1],a
 236  0077  0700     E  	mov a,re
 236  0078  0080     R  	mov _VDD[0],a
 270  0079              #line 270 "c:\users\tech\desktop\codetector\co.c"
 270  0079  2000     E  	call _readSTimer
 270  007A  0700     E  	mov a,ra
 270  007B  0080     R  	mov _TimerValue[0],a
 270  007C  0700     E  	mov a,rb
 270  007D  0080     R  	mov _TimerValue[1],a
 270  007E              _L5:
 275  007E              #line 275 "c:\users\tech\desktop\codetector\co.c"
 275  007E              ;# 275 "c:\users\tech\desktop\codetector\co.c" 1
 275  007E  0001        	clr wdt
 281  007F              #line 281 "c:\users\tech\desktop\codetector\co.c"
 281  007F  1F00     R  	clr _tempAmplifier1[0]
 281  0080  1F00     R  	clr _tempAmplifier1[1]
 281  0081  1F00     R  	clr _tempAmplifier1[2]
 282  0082              #line 282 "c:\users\tech\desktop\codetector\co.c"
 282  0082  1F00     R  	clr _Amplifier1[0]
 282  0083  1F00     R  	clr _Amplifier1[1]
 282  0084  1F00     R  	clr _Amplifier1[2]
 284  0085              #line 284 "c:\users\tech\desktop\codetector\co.c"
 284  0085  1F00     R  	clr _i[0]
 284  0086              _L2:
 284  0086  0F09        	mov a,9
 284  0087  0200     R  	sub a,_i[0]
 284  0088  3F8A        	sz sc
 284  0089  2800     R  	jmp _L8
 286  008A              #line 286 "c:\users\tech\desktop\codetector\co.c"
 286  008A  0F05        	mov a,5
 286  008B  2000     E  	call _S_READ_ADC
 286  008C  0700     E  	mov a,rb
 286  008D  0080     E  	mov _builtin_holtek_mant1[1],a
 286  008E  0700     E  	mov a,ra
 286  008F  0080     E  	mov _builtin_holtek_mant1[0],a
 286  0090  3400     E  	clr _builtin_holtek_signs.0
 286  0091  2000     E  	call _builtin_holtek_uitof
 286  0092  0700     E  	mov a,_builtin_holtek_mant1[2]
 286  0093  0080     E  	mov re,a
"File: co.c          Assembler  Version HGASM0202      Page 8

 286  0094  0700     E  	mov a,_builtin_holtek_mant1[1]
 286  0095  0080     E  	mov rd,a
 286  0096  0700     E  	mov a,_builtin_holtek_mant1[0]
 286  0097  0080     E  	mov rc,a
 286  0098  0700     E  	mov a,rc
 286  0099  0080     R  	mov _Amplifier1[0],a
 286  009A  0700     E  	mov a,rd
 286  009B  0080     R  	mov _Amplifier1[1],a
 286  009C  0700     E  	mov a,re
 286  009D  0080     R  	mov _Amplifier1[2],a
 287  009E              #line 287 "c:\users\tech\desktop\codetector\co.c"
 287  009E  0700     R  	mov a,_tempAmplifier1[2]
 287  009F  0080     E  	mov _builtin_holtek_mant1[2],a
 287  00A0  0700     R  	mov a,_tempAmplifier1[1]
 287  00A1  0080     E  	mov _builtin_holtek_mant1[1],a
 287  00A2  0700     R  	mov a,_tempAmplifier1[0]
 287  00A3  0080     E  	mov _builtin_holtek_mant1[0],a
 287  00A4  0700     E  	mov a,re
 287  00A5  0080     E  	mov _builtin_holtek_mant2[2],a
 287  00A6  0700     E  	mov a,rd
 287  00A7  0080     E  	mov _builtin_holtek_mant2[1],a
 287  00A8  0700     E  	mov a,rc
 287  00A9  0080     E  	mov _builtin_holtek_mant2[0],a
 287  00AA  2000     E  	call _builtin_holtek_ftadd
 287  00AB  0700     E  	mov a,_builtin_holtek_mant1[2]
 287  00AC  0080     R  	mov _tempAmplifier1[2],a
 287  00AD  0700     E  	mov a,_builtin_holtek_mant1[1]
 287  00AE  0080     R  	mov _tempAmplifier1[1],a
 287  00AF  0700     E  	mov a,_builtin_holtek_mant1[0]
 287  00B0  0080     R  	mov _tempAmplifier1[0],a
 284  00B1              #line 284 "c:\users\tech\desktop\codetector\co.c"
 284  00B1  1480     R  	inc _i[0]
 284  00B2  2800     R  	jmp _L2
 284  00B3              _L8:
 290  00B3              #line 290 "c:\users\tech\desktop\codetector\co.c"
 290  00B3  0700     R  	mov a,_tempAmplifier1[2]
 290  00B4  0080     E  	mov _builtin_holtek_mant1[2],a
 290  00B5  0700     R  	mov a,_tempAmplifier1[1]
 290  00B6  0080     E  	mov _builtin_holtek_mant1[1],a
 290  00B7  0700     R  	mov a,_tempAmplifier1[0]
 290  00B8  0080     E  	mov _builtin_holtek_mant1[0],a
 290  00B9  0F41        	mov a,65
 290  00BA  0080     E  	mov _builtin_holtek_mant2[2],a
 290  00BB  0F20        	mov a,32
 290  00BC  0080     E  	mov _builtin_holtek_mant2[1],a
 290  00BD  0F00        	mov a,0
 290  00BE  0080     E  	mov _builtin_holtek_mant2[0],a
 290  00BF  2000     E  	call _builtin_holtek_ftdiv
 290  00C0  0700     E  	mov a,_builtin_holtek_mant1[2]
 290  00C1  0080     R  	mov _Amplifier1[2],a
 290  00C2  0700     E  	mov a,_builtin_holtek_mant1[1]
 290  00C3  0080     R  	mov _Amplifier1[1],a
 290  00C4  0700     E  	mov a,_builtin_holtek_mant1[0]
 290  00C5  0080     R  	mov _Amplifier1[0],a
 316  00C6              #line 316 "c:\users\tech\desktop\codetector\co.c"
 316  00C6  0700     R  	mov a,_VAmplifier1[0]
 316  00C7  0080     E  	mov re,a
 316  00C8  0700     R  	mov a,_VAmplifier1[1]
 316  00C9  0080     E  	mov rf,a
 316  00CA  0700     R  	mov a,_VAmplifier1[2]
"File: co.c          Assembler  Version HGASM0202      Page 9

 316  00CB  0080     E  	mov rg,a
 316  00CC  1F00     E  	clr rd
 316  00CD  0700     E  	mov a,rg
 316  00CE  0080     E  	mov _builtin_holtek_mant12p[0],a
 316  00CF  0700     E  	mov a,rf
 316  00D0  0080     E  	mov _builtin_holtek_mant1[2],a
 316  00D1  0700     E  	mov a,re
 316  00D2  0080     E  	mov _builtin_holtek_mant1[1],a
 316  00D3  0700     E  	mov a,rd
 316  00D4  0080     E  	mov _builtin_holtek_mant1[0],a
 316  00D5  0F3C        	mov a,60
 316  00D6  0080     E  	mov _builtin_holtek_mant12p[1],a
 316  00D7  0FE1        	mov a,225
 316  00D8  0080     E  	mov _builtin_holtek_mant2[2],a
 316  00D9  0F47        	mov a,71
 316  00DA  0080     E  	mov _builtin_holtek_mant2[1],a
 316  00DB  0FAE        	mov a,174
 316  00DC  0080     E  	mov _builtin_holtek_mant2[0],a
 316  00DD  2000     E  	call _builtin_holtek_dtmul
 316  00DE  0700     E  	mov a,_builtin_holtek_mant12p[0]
 316  00DF  0080     E  	mov rg,a
 316  00E0  0700     E  	mov a,_builtin_holtek_mant1[2]
 316  00E1  0080     E  	mov rf,a
 316  00E2  0700     E  	mov a,_builtin_holtek_mant1[1]
 316  00E3  0080     E  	mov re,a
 316  00E4  0700     E  	mov a,_builtin_holtek_mant1[0]
 316  00E5  0080     E  	mov rd,a
 316  00E6  0700     E  	mov a,rg
 316  00E7  0080     R  	mov _COValue[2],a
 316  00E8  0700     E  	mov a,rf
 316  00E9  0080     R  	mov _COValue[1],a
 316  00EA  0700     E  	mov a,re
 316  00EB  0080     R  	mov _COValue[0],a
 319  00EC              #line 319 "c:\users\tech\desktop\codetector\co.c"
 319  00EC  0700     R  	mov a,_TimerValue[0]
 319  00ED  0080     E  	mov _shwoSegment_2[0],a
 319  00EE  0700     R  	mov a,_TimerValue[1]
 319  00EF  0080     E  	mov _shwoSegment_2[1],a
 319  00F0  2000     E  	call _shwoSegment
 322  00F1              #line 322 "c:\users\tech\desktop\codetector\co.c"
 322  00F1  0F01        	mov a,1
 322  00F2  0300     R  	add a,_cunter[0]
 322  00F3  0080     E  	mov rb,a
 322  00F4  0F00        	mov a,0
 322  00F5  1300     R  	adc a,_cunter[1]
 322  00F6  0080     E  	mov rc,a
 322  00F7  0700     E  	mov a,rb
 322  00F8  0080     R  	mov _cunter[0],a
 322  00F9  0700     E  	mov a,rc
 322  00FA  0080     R  	mov _cunter[1],a
 323  00FB              #line 323 "c:\users\tech\desktop\codetector\co.c"
 323  00FB  0F64        	mov a,100
 323  00FC  0200     E  	sub a,rb
 323  00FD  0F00        	mov a,0
 323  00FE  1200     E  	sbc a,rc
 323  00FF  3B8A        	snz sc
 323  0100  2800     R  	jmp _L5
 325  0101              #line 325 "c:\users\tech\desktop\codetector\co.c"
 325  0101  1F00     R  	clr _cunter[0]
 325  0102  1F00     R  	clr _cunter[1]
"File: co.c          Assembler  Version HGASM0202      Page 10

 327  0103              #line 327 "c:\users\tech\desktop\codetector\co.c"
 327  0103  1F00     R  	clr _VDD[0]
 327  0104  1F00     R  	clr _VDD[1]
 327  0105  1F00     R  	clr _VDD[2]
 327  0106              #pragma debug scope 2 1
 329  0106              #line 329 "c:\users\tech\desktop\codetector\co.c"
 329  0106  2800     R  	jmp _L6
 329  0107  2800     R  	jmp $
 329  0108              _main endp
 329  0108              
 329  0108              @dummy endp
 329  0108              
 329  0108              #line 329 "c:\users\tech\desktop\codetector\co.c"
 329  0108              #pragma debug scope 1 1
 106  0108              #line 106 "c:\users\tech\desktop\codetector\co.c"
 106  0108              public _i
 106  0000              @HCCINIT0_i .section 'data'
 106  0000              _i	db 0
 106  0001              #pragma debug variable 7 1 _i "i"
 106  0001              
 106  0000              @HCCINIT .section 'data'
 106  0000              public _cunter
 106  0000              @HCCINIT	.section 'data'
 104  0000              #line 104 "c:\users\tech\desktop\codetector\co.c"
 104  0000              @HCCINIT_cunter .section 'data'
 104  0000              _cunter label byte
 104  0000              #pragma debug variable 11 1 _cunter "cunter"
 104  0000              	db 0
 104  0000              @ROMDATA_BASE .section inpage 'code'
 104  0000              	db 0
 104  0001              @HCCINIT_cunter .section 'data'
 104  0001              	db 0
 104  0001              @ROMDATA_BASE .section inpage 'code'
 104  0001              	db 0
 104  0002              @HCCINIT_cunter .section 'data'
 104  0002              public _TimerValue
  91  0002              #line 91 "c:\users\tech\desktop\codetector\co.c"
  91  0000              @HCCINIT_TimerValue .section 'data'
  91  0000              _TimerValue label byte
  91  0000              #pragma debug variable 12 1 _TimerValue "TimerValue"
  91  0000              	db 0
  91  0001              @ROMDATA_BASE .section inpage 'code'
  91  0001              	db 0
  91  0001              @HCCINIT_TimerValue .section 'data'
  91  0001              	db 0
  91  0002              @ROMDATA_BASE .section inpage 'code'
  91  0002              	db 0
  91  0002              @HCCINIT_TimerValue .section 'data'
  91  0002              public _VAmplifier1
  90  0002              #line 90 "c:\users\tech\desktop\codetector\co.c"
  90  0000              @HCCINIT_VAmplifier1 .section 'data'
  90  0000              _VAmplifier1 label byte
  90  0000              #pragma debug variable 28 1 _VAmplifier1 "VAmplifier1"
  90  0000              	db 0
  90  0002              @ROMDATA_BASE .section inpage 'code'
  90  0002              	db 0
  90  0001              @HCCINIT_VAmplifier1 .section 'data'
  90  0001              	db 0
  90  0003              @ROMDATA_BASE .section inpage 'code'
  90  0003              	db 0
"File: co.c          Assembler  Version HGASM0202      Page 11

  90  0002              @HCCINIT_VAmplifier1 .section 'data'
  90  0002              	db 0
  90  0003              @ROMDATA_BASE .section inpage 'code'
  90  0003              	db 0
  90  0003              @HCCINIT_VAmplifier1 .section 'data'
  90  0003              public _tempAmplifier1
  89  0003              #line 89 "c:\users\tech\desktop\codetector\co.c"
  89  0000              @HCCINIT_tempAmplifier1 .section 'data'
  89  0000              _tempAmplifier1 label byte
  89  0000              #pragma debug variable 28 1 _tempAmplifier1 "tempAmplifier1"
  89  0000              	db 0
  89  0004              @ROMDATA_BASE .section inpage 'code'
  89  0004              	db 0
  89  0001              @HCCINIT_tempAmplifier1 .section 'data'
  89  0001              	db 0
  89  0004              @ROMDATA_BASE .section inpage 'code'
  89  0004              	db 0
  89  0002              @HCCINIT_tempAmplifier1 .section 'data'
  89  0002              	db 0
  89  0005              @ROMDATA_BASE .section inpage 'code'
  89  0005              	db 0
  89  0003              @HCCINIT_tempAmplifier1 .section 'data'
  89  0003              public _Amplifier1
  88  0003              #line 88 "c:\users\tech\desktop\codetector\co.c"
  88  0000              @HCCINIT_Amplifier1 .section 'data'
  88  0000              _Amplifier1 label byte
  88  0000              #pragma debug variable 28 1 _Amplifier1 "Amplifier1"
  88  0000              	db 0
  88  0005              @ROMDATA_BASE .section inpage 'code'
  88  0005              	db 0
  88  0001              @HCCINIT_Amplifier1 .section 'data'
  88  0001              	db 0
  88  0006              @ROMDATA_BASE .section inpage 'code'
  88  0006              	db 0
  88  0002              @HCCINIT_Amplifier1 .section 'data'
  88  0002              	db 0
  88  0006              @ROMDATA_BASE .section inpage 'code'
  88  0006              	db 0
  88  0003              @HCCINIT_Amplifier1 .section 'data'
  88  0003              public _temperatur
  87  0003              #line 87 "c:\users\tech\desktop\codetector\co.c"
  87  0000              @HCCINIT_temperatur .section 'data'
  87  0000              _temperatur label byte
  87  0000              #pragma debug variable 28 1 _temperatur "temperatur"
  87  0000              	db 0
  87  0007              @ROMDATA_BASE .section inpage 'code'
  87  0007              	db 0
  87  0001              @HCCINIT_temperatur .section 'data'
  87  0001              	db 0
  87  0007              @ROMDATA_BASE .section inpage 'code'
  87  0007              	db 0
  87  0002              @HCCINIT_temperatur .section 'data'
  87  0002              	db 0
  87  0008              @ROMDATA_BASE .section inpage 'code'
  87  0008              	db 0
  87  0003              @HCCINIT_temperatur .section 'data'
  87  0003              public _COValue
  86  0003              #line 86 "c:\users\tech\desktop\codetector\co.c"
  86  0000              @HCCINIT_COValue .section 'data'
  86  0000              _COValue label byte
"File: co.c          Assembler  Version HGASM0202      Page 12

  86  0000              #pragma debug variable 28 1 _COValue "COValue"
  86  0000              	db 0
  86  0008              @ROMDATA_BASE .section inpage 'code'
  86  0008              	db 0
  86  0001              @HCCINIT_COValue .section 'data'
  86  0001              	db 0
  86  0009              @ROMDATA_BASE .section inpage 'code'
  86  0009              	db 0
  86  0002              @HCCINIT_COValue .section 'data'
  86  0002              	db 0
  86  0009              @ROMDATA_BASE .section inpage 'code'
  86  0009              	db 0
  86  0003              @HCCINIT_COValue .section 'data'
  81  0003              #line 81 "c:\users\tech\desktop\codetector\co.c"
  81  0003              public _falt
  81  0000              @BITDATASEC .section 'data'
  81  0000  00          _falt	dbit 0
  81  0001              #pragma debug variable 2 1 _falt "falt"
  81  0001              
  81  0000              @HCCINIT .section 'data'
  75  0000              #line 75 "c:\users\tech\desktop\codetector\co.c"
  75  0000              public _block
  75  0000              @HCCINIT0_block .section 'data'
  75  0000              _block	db 0
  75  0001              #pragma debug variable 7 1 _block "block"
  75  0001              
  75  0000              @HCCINIT .section 'data'
  73  0000              #line 73 "c:\users\tech\desktop\codetector\co.c"
  73  0000              public _adres2
  73  0000              @HCCINIT0_adres2 .section 'data'
  73  0000              _adres2	db 0
  73  0001              #pragma debug variable 7 1 _adres2 "adres2"
  73  0001              
  73  0000              @HCCINIT .section 'data'
  72  0000              #line 72 "c:\users\tech\desktop\codetector\co.c"
  72  0000              public _adres1
  72  0000              @HCCINIT0_adres1 .section 'data'
  72  0000              _adres1	db 0
  72  0001              #pragma debug variable 7 1 _adres1 "adres1"
  72  0001              
  72  0000              @HCCINIT .section 'data'
  68  0000              #line 68 "c:\users\tech\desktop\codetector\co.c"
  68  0000              public _bat_low
  68  0001              @BITDATASEC .section 'data'
  68  0000              _bat_low	dbit 0
  68  0001              #pragma debug variable 2 1 _bat_low "bat_low"
  68  0001              
  68  0000              @HCCINIT .section 'data'
  68  0000              public _VDD
  67  0000              #line 67 "c:\users\tech\desktop\codetector\co.c"
  67  0000              @HCCINIT_VDD .section 'data'
  67  0000              _VDD label byte
  67  0000              #pragma debug variable 28 1 _VDD "VDD"
  67  0000              	db 0
  67  000A              @ROMDATA_BASE .section inpage 'code'
  67  000A              	db 0
  67  0001              @HCCINIT_VDD .section 'data'
  67  0001              	db 0
  67  000A              @ROMDATA_BASE .section inpage 'code'
  67  000A              	db 0
"File: co.c          Assembler  Version HGASM0202      Page 13

  67  0002              @HCCINIT_VDD .section 'data'
  67  0002              	db 0
  67  000B              @ROMDATA_BASE .section inpage 'code'
  67  000B              	db 0
  67  0003              @HCCINIT_VDD .section 'data'
  63  0003              #line 63 "c:\users\tech\desktop\codetector\co.c"
  63  0003              public _co_falt
  63  0001              @BITDATASEC .section 'data'
  63  0000              _co_falt	dbit 0
  63  0001              #pragma debug variable 2 1 _co_falt "co_falt"
  63  0001              
  63  0000              @HCCINIT .section 'data'
  62  0000              #line 62 "c:\users\tech\desktop\codetector\co.c"
  62  0000              public _co
  62  0001              @BITDATASEC .section 'data'
  62  0000              _co	dbit 0
  62  0001              #pragma debug variable 2 1 _co "co"
  62  0001              
  62  0000              @HCCINIT .section 'data'
  61  0000              #line 61 "c:\users\tech\desktop\codetector\co.c"
  61  0000              public _ppm
  61  0000              @HCCINIT0_ppm .section 'data'
  61  0000              _ppm	db 0
  61  0001              #pragma debug variable 7 1 _ppm "ppm"
  61  0001              
  61  0000              @HCCINIT .section 'data'
  57  0000              #line 57 "c:\users\tech\desktop\codetector\co.c"
  57  0000              public _buz_delay
  57  0000              @HCCINIT0_buz_delay .section 'data'
  57  0000  0002[       _buz_delay	db 2 dup(0)
            00
            ]
  57  0002              #pragma debug variable 11 1 _buz_delay "buz_delay"
  57  0002              
  57  0000              @HCCINIT .section 'data'
  52  0000              #line 52 "c:\users\tech\desktop\codetector\co.c"
  52  0000              public _test
  52  0001              @BITDATASEC .section 'data'
  52  0000              _test	dbit 0
  52  0001              #pragma debug variable 2 1 _test "test"
  52  0001              
  52  0000              @HCCINIT .section 'data'
  51  0000              #line 51 "c:\users\tech\desktop\codetector\co.c"
  51  0000              public _test_tm
  51  0000              @HCCINIT0_test_tm .section 'data'
  51  0000              _test_tm	db 0
  51  0001              #pragma debug variable 7 1 _test_tm "test_tm"
  51  0001              
  51  0000              @HCCINIT .section 'data'
  51  0000              public _MP1L
  18  0000              #line 18 "c:\users\tech\desktop\codetector\co.c"
  18  0000              @HCCINIT_MP1L .section 'data'
  18  0000              _MP1L label byte
  18  0000              #pragma debug pointer 42 7 1
  18  0000              #pragma debug pointer 42 7 1
  18  0000              #pragma debug variable 42 1 _MP1L "MP1L"
  18  0000              	dw 417
  18  000B              @ROMDATA_BASE .section inpage 'code'
  18  000B  01A1        	dc 417
  18  0002              @HCCINIT_MP1L .section 'data'
"File: co.c          Assembler  Version HGASM0202      Page 14

  18  0002              public _MP1H
  17  0002              #line 17 "c:\users\tech\desktop\codetector\co.c"
  17  0000              @HCCINIT_MP1H .section 'data'
  17  0000              _MP1H label byte
  17  0000              #pragma debug variable 42 1 _MP1H "MP1H"
  17  0000              	dw 416
  17  000C              @ROMDATA_BASE .section inpage 'code'
  17  000C  01A0        	dc 416
  17  0002              @HCCINIT_MP1H .section 'data'
  17  0002              public _mp1l
  11  0002              #line 11 "c:\users\tech\desktop\codetector\co.c"
  11  0000              @HCCINIT_mp1l .section 'data'
  11  0000              _mp1l label byte
  11  0000              #pragma debug pointer 43 11 1
  11  0000              #pragma debug pointer 43 11 1
  11  0000              #pragma debug variable 43 1 _mp1l "mp1l"
  11  0000              	db 0
  11  000D              @ROMDATA_BASE .section inpage 'code'
  11  000D              	db 0
  11  0001              @HCCINIT_mp1l .section 'data'
  11  0001              	db 0
  11  000E              @ROMDATA_BASE .section inpage 'code'
  11  000E              	db 0
  11  0002              @HCCINIT_mp1l .section 'data'
  11  0002              #pragma debug struct_end
  11  0002              #pragma debug struct_end
  11  0002              #pragma debug union_end
  11  0002              #pragma debug union_end
  11  0002              #pragma debug variable 45 1 ___vbgrc "__vbgrc" 1
  11  0002              #pragma debug struct_end
  11  0002              #pragma debug struct_end
  11  0002              #pragma debug union_end
  11  0002              #pragma debug union_end
  11  0002              #pragma debug variable 47 1 ___sda0c "__sda0c" 1
  11  0002              #pragma debug struct_end
  11  0002              #pragma debug struct_end
  11  0002              #pragma debug union_end
  11  0002              #pragma debug union_end
  11  0002              #pragma debug variable 49 1 ___sda1c "__sda1c" 1
  11  0002              #pragma debug struct_end
  11  0002              #pragma debug struct_end
  11  0002              #pragma debug union_end
  11  0002              #pragma debug union_end
  11  0002              #pragma debug variable 51 1 ___isgenc "__isgenc" 1
 110  0002              #line 110 "c:\users\tech\desktop\codetector\co.c"
 110  0000              @code .section at 0 'code'
 110  0000  2800     R  	jmp _main_startup1
 110  0001              
 110  0001              extern _ClockInit:near
 110  0001              extern _GPIOInit:near
 110  0001              extern _GPIOToGNDCurentInit:near
 110  0001              extern _OPAMPInit:near
 110  0001              extern _S_ADC_Init:near
 110  0001              extern _STimerInit:near
 110  0001              extern _S_READ_ADC:near
 110  0001              extern _temperature_2:byte
 110  0001              extern _temperature:near
 110  0001              extern _builtin_holtek_mant1:byte
 110  0001              extern _builtin_holtek_mant12p:byte
 110  0001              extern _builtin_holtek_signs:byte
"File: co.c          Assembler  Version HGASM0202      Page 15

 110  0001              extern _builtin_holtek_uitod:near
 110  0001              extern _builtin_holtek_mant2:byte
 110  0001              extern _builtin_holtek_dtdiv:near
 110  0001              extern _builtin_holtek_dtmul:near
 110  0001              extern _readSTimer:near
 110  0001              extern _builtin_holtek_uitof:near
 110  0001              extern _builtin_holtek_ftadd:near
 110  0001              extern _builtin_holtek_ftdiv:near
 110  0001              extern _shwoSegment_2:byte
 110  0001              extern _shwoSegment:near
 110  0001              
 110  0001              ; 
 110  0001              ; Generated by holtek-gcc v3.19, Sun Sep 10 10:47:00 2023
 110  0001              ; Rebuild 718
 110  0001              ; end of file


        0 Errors, 0