"File: EEPROM.c      Assembler  Version HGASM0202      Page 1


   1  0000              ; Generated by holtek-gcc v3.19, Sun Sep 17 11:20:59 2023
   2  0000              ; 
   3  0000              ; Configuration:
   4  0000              ;       with long instruction
   5  0000              ;       Single ROM, Multi-RAM
   6  0000              ;       bits_per_rom_unit:16
   7  0000              ;       with mp1
   8  0000              ;       with tbhp, address(0x9)
   9  0000              ;          Use tabrd-const
  10  0000              ;       
  11  0000              ; SFR address of long-instruction arch:
  12  0000              ;    mp0 = -1,1,0
  13  0000              ;    mp1 = 4,3,2
  14  0000              ;    mp2 = 14,13,12
  15  0000              ;    tbp = 9,7,8
  16  0000              ;    acc = 5
  17  0000              ;    pcl = 6
  18  0000              ;    status = 10
  19  0000              ;    bp = 11
  20  0000              ;    intc = 72
  21  0000              ;       
  22  0000              ;       
  23  0000              ; use 'tabrdc' instead of 'tabrd'
  24  0000              ;       
  25  0000              
  26  0000              #pragma translator "holtek-gcc 4.6.4" "3.19" "build 20130711"
  27  0000              ; Rebuild 718
  28  0000              
  29  0000              ir equ [2]
  30  0000              mp equ [3]
  31  0000              sbp equ [4]
  32  0000              acc equ [5]
  33  0000              bp equ [11]
  34  0000              tblp equ [7]
  35  0000              tbhp equ [9]
  36  0000              status equ [10]
  37  0000              c equ [10].0
  38  0000              ac equ [10].1
  39  0000              z equ [10].2
  40  0000              ov equ [10].3
  41  0000              cz equ [10].6
  42  0000              sc equ [10].7
  43  0000              intc equ [72]
  44  0000              
  45  0000              extern ra:byte
  46  0000              extern rb:byte
  47  0000              extern rc:byte
  48  0000              extern rd:byte
  49  0000              extern re:byte
  50  0000              extern rf:byte
  51  0000              extern rg:byte
  52  0000              extern rh:byte
  53  0000              extern _Crom2Prom:near
  54  0000              extern _Crom2PromNext:near
  55  0000              
  56  0000              RAMBANK 0 @BITDATASEC, @BITDATASEC1
  57  0000              @HCCINIT	.section 'data'
  58  0000              @HCCINIT0	.section 'data'
  59  0000              @BITDATASEC	 .section 'data'
"File: EEPROM.ASM    Assembler  Version HGASM0202      Page 2

  60  0000              @BITDATASEC1	 .section 'data'
  61  0000              
  62  0000              #pragma debug scope 1 1
  63  0000              	extern __DELAY3:near
  64  0000              	extern __DELAYX3:near
  65  0000              	extern __DELAYX6:near
  66  0000              	extern __DELAYY5:near
  67  0000              	extern __DELAYY3:near
  68  0000              	extern _builtin_holtek_delay_2:byte
  69  0000              ___eea equ [62]
  70  0000              ___eed equ [63]
  71  0000              ___mp1l equ [3]
  72  0000              ___mp1h equ [4]
  73  0000              ___iar1 equ [2]
  74  0000              public _writeToEEPROM
  75  0000              #pragma debug scope 2 1

  10  0000              #line 10 "c:\users\tech\desktop\codetector\EEPROM\EEPROM.c"
  10  0000              _writeToEEPROM .section 'code'
  10  0000              _writeToEEPROM proc
  10  0000              public _writeToEEPROM_2
  10  0000  0002[           local _writeToEEPROM_2 db 2 dup(?)	; 1,1
            00
            ]
  10  0000  0080     E  	mov ra,a
  10  0001  0080     R  	mov _writeToEEPROM_2[1],a
  10  0002              #pragma debug variable 7 2 _writeToEEPROM_2+1 "address"
  10  0002              #pragma debug variable 7 2 _writeToEEPROM_2+0 "data"
  13  0002              #line 13 "c:\users\tech\desktop\codetector\EEPROM\EEPROM.c"
  13  0002  0700     E  	mov a,ra
  13  0003  00BE        	mov [62],a
  15  0004              #line 15 "c:\users\tech\desktop\codetector\EEPROM\EEPROM.c"
  15  0004  0700     R  	mov a,_writeToEEPROM_2[0]
  15  0005  00BF        	mov [63],a
  17  0006              #line 17 "c:\users\tech\desktop\codetector\EEPROM\EEPROM.c"
  17  0006  0F40        	mov a,64
  17  0007  0083        	mov [3],a
  19  0008              #line 19 "c:\users\tech\desktop\codetector\EEPROM\EEPROM.c"
  19  0008  0F01        	mov a,1
  19  0009  0084        	mov [4],a
  21  000A              #line 21 "c:\users\tech\desktop\codetector\EEPROM\EEPROM.c"
  21  000A  3182        	set [2].3
  23  000B              #line 23 "c:\users\tech\desktop\codetector\EEPROM\EEPROM.c"
  23  000B  3102        	set [2].2
  23  000C              _L3:
  25  000C              #line 25 "c:\users\tech\desktop\codetector\EEPROM\EEPROM.c"
  25  000C  3D02        	sz [2].2
  25  000D  2800     R  	jmp _L3
  27  000E              #line 27 "c:\users\tech\desktop\codetector\EEPROM\EEPROM.c"
  27  000E  1F04        	clr [4]
  27  000F  0003        	ret
  27  0010              _writeToEEPROM endp
  27  0010              #line 27 "c:\users\tech\desktop\codetector\EEPROM\EEPROM.c"
  27  0010              #pragma debug scope 1 1
  27  0010              public _readFromEEPROM
  27  0010              #pragma debug scope 3 1
  33  0010              #line 33 "c:\users\tech\desktop\codetector\EEPROM\EEPROM.c"
  33  0000              _readFromEEPROM .section 'code'
  33  0000              _readFromEEPROM proc
  33  0000              public _readFromEEPROM_2
"File: EEPROM.c      Assembler  Version HGASM0202      Page 3

  33  0000  0003[           local _readFromEEPROM_2 db 3 dup(?)	; 2,1
            00
            ]
  33  0000  0080     E  	mov ra,a
  33  0001  0080     R  	mov _readFromEEPROM_2[2],a
  33  0002              #pragma debug variable 7 3 _readFromEEPROM_2+2 "address"
  33  0002              #pragma debug pointer 42 7 3
  33  0002              #pragma debug pointer 42 7 3
  33  0002              #pragma debug variable 42 3 _readFromEEPROM_2+0 "readData"
  36  0002              #line 36 "c:\users\tech\desktop\codetector\EEPROM\EEPROM.c"
  36  0002  0700     E  	mov a,ra
  36  0003  00BE        	mov [62],a
  38  0004              #line 38 "c:\users\tech\desktop\codetector\EEPROM\EEPROM.c"
  38  0004  0F40        	mov a,64
  38  0005  0083        	mov [3],a
  40  0006              #line 40 "c:\users\tech\desktop\codetector\EEPROM\EEPROM.c"
  40  0006  0F01        	mov a,1
  40  0007  0084        	mov [4],a
  42  0008              #line 42 "c:\users\tech\desktop\codetector\EEPROM\EEPROM.c"
  42  0008  3082        	set [2].1
  44  0009              #line 44 "c:\users\tech\desktop\codetector\EEPROM\EEPROM.c"
  44  0009  3002        	set [2].0
  44  000A              _L7:
  46  000A              #line 46 "c:\users\tech\desktop\codetector\EEPROM\EEPROM.c"
  46  000A  3C02        	sz [2].0
  46  000B  2800     R  	jmp _L7
  48  000C              #line 48 "c:\users\tech\desktop\codetector\EEPROM\EEPROM.c"
  48  000C  1F02        	clr [2]
  50  000D              #line 50 "c:\users\tech\desktop\codetector\EEPROM\EEPROM.c"
  50  000D  1F04        	clr [4]
  52  000E              #line 52 "c:\users\tech\desktop\codetector\EEPROM\EEPROM.c"
  52  000E  0700     R  	mov a,_readFromEEPROM_2[0]
  52  000F  0083        	mov mp,a
  52  0010  0700     R  	mov a,_readFromEEPROM_2[1]
  52  0011  0084        	mov sbp,a
  52  0012  073F        	mov a,[63]
  52  0013  0082        	mov ir,a
  52  0014  0003        	ret
  52  0015              _readFromEEPROM endp
  52  0015              #line 52 "c:\users\tech\desktop\codetector\EEPROM\EEPROM.c"
  52  0015              #pragma debug scope 1 1
  52  0015              #pragma debug variable 8 1 ___mp1l "__mp1l" 1
  52  0015              #pragma debug variable 8 1 ___mp1h "__mp1h" 1
  52  0015              #pragma debug struct_end
  52  0015              #pragma debug struct_end
  52  0015              #pragma debug union_end
  52  0015              #pragma debug union_end
  52  0015              #pragma debug variable 44 1 ___eea "__eea" 1
  52  0015              #pragma debug variable 8 1 ___eed "__eed" 1
  52  0015              #pragma debug variable 8 1 ___iar1 "__iar1" 1
  52  0015              
  52  0015              ; 
  52  0015              ; Generated by holtek-gcc v3.19, Sun Sep 17 11:20:59 2023
  52  0015              ; Rebuild 718
  52  0015              ; end of file


        0 Errors, 0