"File: GPIO.c        Assembler  Version HGASM0202      Page 1


   1  0000              ; Generated by holtek-gcc v3.19, Sat Sep 09 19:50:35 2023
   2  0000              ; 
   3  0000              ; Configuration:
   4  0000              ;       with long instruction
   5  0000              ;       Single ROM, Multi-RAM
   6  0000              ;       bits_per_rom_unit:16
   7  0000              ;       with mp1
   8  0000              ;       with tbhp, address(0x9)
   9  0000              ;          Use tabrd-const
  10  0000              ;       
  11  0000              ; SFR address of long-instruction arch:
  12  0000              ;    mp0 = -1,1,0
  13  0000              ;    mp1 = 4,3,2
  14  0000              ;    mp2 = 14,13,12
  15  0000              ;    tbp = 9,7,8
  16  0000              ;    acc = 5
  17  0000              ;    pcl = 6
  18  0000              ;    status = 10
  19  0000              ;    bp = 11
  20  0000              ;    intc = 72
  21  0000              ;       
  22  0000              ;       
  23  0000              ; use 'tabrdc' instead of 'tabrd'
  24  0000              ;       
  25  0000              
  26  0000              #pragma translator "holtek-gcc 4.6.4" "3.19" "build 20130711"
  27  0000              ; Rebuild 718
  28  0000              
  29  0000              ir equ [2]
  30  0000              mp equ [3]
  31  0000              sbp equ [4]
  32  0000              acc equ [5]
  33  0000              bp equ [11]
  34  0000              tblp equ [7]
  35  0000              tbhp equ [9]
  36  0000              status equ [10]
  37  0000              c equ [10].0
  38  0000              ac equ [10].1
  39  0000              z equ [10].2
  40  0000              ov equ [10].3
  41  0000              cz equ [10].6
  42  0000              sc equ [10].7
  43  0000              intc equ [72]
  44  0000              
  45  0000              extern ra:byte
  46  0000              extern rb:byte
  47  0000              extern rc:byte
  48  0000              extern rd:byte
  49  0000              extern re:byte
  50  0000              extern rf:byte
  51  0000              extern rg:byte
  52  0000              extern rh:byte
  53  0000              extern _Crom2Prom:near
  54  0000              extern _Crom2PromNext:near
  55  0000              
  56  0000              RAMBANK 0 @BITDATASEC, @BITDATASEC1
  57  0000              @HCCINIT	.section 'data'
  58  0000              @HCCINIT0	.section 'data'
  59  0000              @BITDATASEC	 .section 'data'
"File: GPIO.ASM      Assembler  Version HGASM0202      Page 2

  60  0000              @BITDATASEC1	 .section 'data'
  61  0000              
  62  0000              #pragma debug scope 1 1
  63  0000              	extern __DELAY3:near
  64  0000              	extern __DELAYX3:near
  65  0000              	extern __DELAYX6:near
  66  0000              	extern __DELAYY5:near
  67  0000              	extern __DELAYY3:near
  68  0000              	extern _builtin_holtek_delay_2:byte
  69  0000              ___isgenc equ [93]
  70  0000              ___isgdata0 equ [94]
  71  0000              ___isgdata1 equ [95]
  72  0000              public _GPIOToGNDCurentInit
  73  0000              #pragma debug scope 2 1

  12  0000              #line 12 "c:\users\tech\desktop\codetector\GPIO\GPIO.c"
  12  0000              _GPIOToGNDCurentInit .section 'code'
  12  0000              _GPIOToGNDCurentInit proc
  18  0000              #line 18 "c:\users\tech\desktop\codetector\GPIO\GPIO.c"
  18  0000  33DD        	set [93].7
  22  0001              #line 22 "c:\users\tech\desktop\codetector\GPIO\GPIO.c"
  22  0001  1F5E        	clr [94]
  26  0002              #line 26 "c:\users\tech\desktop\codetector\GPIO\GPIO.c"
  26  0002  1F5F        	clr [95]
  31  0003              #line 31 "c:\users\tech\desktop\codetector\GPIO\GPIO.c"
  31  0003  345D        	clr [93].0
  34  0004              #line 34 "c:\users\tech\desktop\codetector\GPIO\GPIO.c"
  34  0004  34DD        	clr [93].1
  34  0005  0003        	ret
  34  0006              _GPIOToGNDCurentInit endp
  34  0006              #line 34 "c:\users\tech\desktop\codetector\GPIO\GPIO.c"
  34  0006              #pragma debug scope 1 1
  34  0006              ___papu equ [22]
  34  0006              ___pbpu equ [26]
  34  0006              ___pas0 equ [76]
  34  0006              ___pas1 equ [77]
  34  0006              ___pbs0 equ [78]
  34  0006              public _GPIOInit
  34  0006              #pragma debug scope 3 1
  55  0006              #line 55 "c:\users\tech\desktop\codetector\GPIO\GPIO.c"
  55  0000              _GPIOInit .section 'code'
  55  0000              _GPIOInit proc
  60  0000              #line 60 "c:\users\tech\desktop\codetector\GPIO\GPIO.c"
  60  0000  1F16        	clr [22]
  61  0001              #line 61 "c:\users\tech\desktop\codetector\GPIO\GPIO.c"
  61  0001  1F1A        	clr [26]
 129  0002              #line 129 "c:\users\tech\desktop\codetector\GPIO\GPIO.c"
 129  0002  344C        	clr [76].0
 130  0003              #line 130 "c:\users\tech\desktop\codetector\GPIO\GPIO.c"
 130  0003  34CC        	clr [76].1
 133  0004              #line 133 "c:\users\tech\desktop\codetector\GPIO\GPIO.c"
 133  0004  354C        	clr [76].2
 134  0005              #line 134 "c:\users\tech\desktop\codetector\GPIO\GPIO.c"
 134  0005  35CC        	clr [76].3
 137  0006              #line 137 "c:\users\tech\desktop\codetector\GPIO\GPIO.c"
 137  0006  364C        	clr [76].4
 138  0007              #line 138 "c:\users\tech\desktop\codetector\GPIO\GPIO.c"
 138  0007  36CC        	clr [76].5
 141  0008              #line 141 "c:\users\tech\desktop\codetector\GPIO\GPIO.c"
 141  0008  374C        	clr [76].6
"File: GPIO.c        Assembler  Version HGASM0202      Page 3

 142  0009              #line 142 "c:\users\tech\desktop\codetector\GPIO\GPIO.c"
 142  0009  37CC        	clr [76].7
 145  000A              #line 145 "c:\users\tech\desktop\codetector\GPIO\GPIO.c"
 145  000A  344D        	clr [77].0
 146  000B              #line 146 "c:\users\tech\desktop\codetector\GPIO\GPIO.c"
 146  000B  34CD        	clr [77].1
 149  000C              #line 149 "c:\users\tech\desktop\codetector\GPIO\GPIO.c"
 149  000C  364D        	clr [77].4
 150  000D              #line 150 "c:\users\tech\desktop\codetector\GPIO\GPIO.c"
 150  000D  36CD        	clr [77].5
 153  000E              #line 153 "c:\users\tech\desktop\codetector\GPIO\GPIO.c"
 153  000E  374D        	clr [77].6
 154  000F              #line 154 "c:\users\tech\desktop\codetector\GPIO\GPIO.c"
 154  000F  33CD        	set [77].7
 156  0010              #line 156 "c:\users\tech\desktop\codetector\GPIO\GPIO.c"
 156  0010  364E        	clr [78].4
 157  0011              #line 157 "c:\users\tech\desktop\codetector\GPIO\GPIO.c"
 157  0011  36CE        	clr [78].5
 159  0012              #line 159 "c:\users\tech\desktop\codetector\GPIO\GPIO.c"
 159  0012  374E        	clr [78].6
 160  0013              #line 160 "c:\users\tech\desktop\codetector\GPIO\GPIO.c"
 160  0013  37CE        	clr [78].7
 162  0014              #line 162 "c:\users\tech\desktop\codetector\GPIO\GPIO.c"
 162  0014  354E        	clr [78].2
 163  0015              #line 163 "c:\users\tech\desktop\codetector\GPIO\GPIO.c"
 163  0015  35CE        	clr [78].3
 163  0016  0003        	ret
 163  0017              _GPIOInit endp
 163  0017              #line 163 "c:\users\tech\desktop\codetector\GPIO\GPIO.c"
 163  0017              #pragma debug scope 1 1
 163  0017              #pragma debug struct_end
 163  0017              #pragma debug struct_end
 163  0017              #pragma debug union_end
 163  0017              #pragma debug union_end
 163  0017              #pragma debug variable 43 1 ___papu "__papu" 1
 163  0017              #pragma debug struct_end
 163  0017              #pragma debug struct_end
 163  0017              #pragma debug union_end
 163  0017              #pragma debug union_end
 163  0017              #pragma debug variable 45 1 ___pbpu "__pbpu" 1
 163  0017              #pragma debug struct_end
 163  0017              #pragma debug struct_end
 163  0017              #pragma debug union_end
 163  0017              #pragma debug union_end
 163  0017              #pragma debug variable 47 1 ___pas0 "__pas0" 1
 163  0017              #pragma debug struct_end
 163  0017              #pragma debug struct_end
 163  0017              #pragma debug union_end
 163  0017              #pragma debug union_end
 163  0017              #pragma debug variable 49 1 ___pas1 "__pas1" 1
 163  0017              #pragma debug struct_end
 163  0017              #pragma debug struct_end
 163  0017              #pragma debug union_end
 163  0017              #pragma debug union_end
 163  0017              #pragma debug variable 51 1 ___pbs0 "__pbs0" 1
 163  0017              #pragma debug struct_end
 163  0017              #pragma debug struct_end
 163  0017              #pragma debug union_end
 163  0017              #pragma debug union_end
 163  0017              #pragma debug variable 53 1 ___isgenc "__isgenc" 1
"File: GPIO.c        Assembler  Version HGASM0202      Page 4

 163  0017              #pragma debug variable 8 1 ___isgdata0 "__isgdata0" 1
 163  0017              #pragma debug variable 8 1 ___isgdata1 "__isgdata1" 1
 163  0017              
 163  0017              ; 
 163  0017              ; Generated by holtek-gcc v3.19, Sat Sep 09 19:50:35 2023
 163  0017              ; Rebuild 718
 163  0017              ; end of file


        0 Errors, 0