"File: NTC.c         Assembler  Version HGASM0202      Page 1


   1  0000              ; Generated by holtek-gcc v3.19, Sun Aug 27 10:54:55 2023
   2  0000              ; 
   3  0000              ; Configuration:
   4  0000              ;       with long instruction
   5  0000              ;       Single ROM, Multi-RAM
   6  0000              ;       bits_per_rom_unit:16
   7  0000              ;       with mp1
   8  0000              ;       with tbhp, address(0x9)
   9  0000              ;          Use tabrd-const
  10  0000              ;       
  11  0000              ; SFR address of long-instruction arch:
  12  0000              ;    mp0 = -1,1,0
  13  0000              ;    mp1 = 4,3,2
  14  0000              ;    mp2 = 14,13,12
  15  0000              ;    tbp = 9,7,8
  16  0000              ;    acc = 5
  17  0000              ;    pcl = 6
  18  0000              ;    status = 10
  19  0000              ;    bp = 11
  20  0000              ;    intc = 72
  21  0000              ;       
  22  0000              ;       
  23  0000              ; use 'tabrdc' instead of 'tabrd'
  24  0000              ;       
  25  0000              
  26  0000              #pragma translator "holtek-gcc 4.6.4" "3.19" "build 20130711"
  27  0000              ; Rebuild 718
  28  0000              
  29  0000              ir equ [2]
  30  0000              mp equ [3]
  31  0000              sbp equ [4]
  32  0000              acc equ [5]
  33  0000              bp equ [11]
  34  0000              tblp equ [7]
  35  0000              tbhp equ [9]
  36  0000              status equ [10]
  37  0000              c equ [10].0
  38  0000              ac equ [10].1
  39  0000              z equ [10].2
  40  0000              ov equ [10].3
  41  0000              cz equ [10].6
  42  0000              sc equ [10].7
  43  0000              intc equ [72]
  44  0000              
  45  0000              extern ra:byte
  46  0000              extern rb:byte
  47  0000              extern rc:byte
  48  0000              extern rd:byte
  49  0000              extern re:byte
  50  0000              extern rf:byte
  51  0000              extern rg:byte
  52  0000              extern rh:byte
  53  0000              extern _Crom2Prom:near
  54  0000              extern _Crom2PromNext:near
  55  0000              
  56  0000              RAMBANK 0 @BITDATASEC, @BITDATASEC1
  57  0000              @HCCINIT	.section 'data'
  58  0000              @HCCINIT0	.section 'data'
  59  0000              @BITDATASEC	 .section 'data'
"File: NTC.ASM       Assembler  Version HGASM0202      Page 2

  60  0000              @BITDATASEC1	 .section 'data'
  61  0000              
  62  0000              #pragma debug scope 1 1
  63  0000              	extern __DELAY3:near
  64  0000              	extern __DELAYX3:near
  65  0000              	extern __DELAYX6:near
  66  0000              	extern __DELAYY5:near
  67  0000              	extern __DELAYY3:near
  68  0000              	extern _builtin_holtek_delay_2:byte
  69  0000              public _custom_log
  70  0000              #pragma debug scope 2 1

  11  0000              #line 11 "C:\Users\Tech\Desktop\CODetector\NTC\NTC.c"
  11  0000              _custom_log .section 'code'
  11  0000              _custom_log proc
  11  0000              public _custom_log_2
  11  0000  0018[           local _custom_log_2 db 24 dup(?)	; 4,20
            00
            ]
  11  0018              #pragma debug variable 29 2 _custom_log_2+0 "x"
  11  0018              #pragma debug variable 29 2 _custom_log_2+4 "result"
  13  0018              #line 13 "C:\Users\Tech\Desktop\CODetector\NTC\NTC.c"
  13  0000  0700     R  	mov a,_custom_log_2[3]
  13  0001  0080     E  	mov _builtin_holtek_mant12p[0],a
  13  0002  0700     R  	mov a,_custom_log_2[2]
  13  0003  0080     E  	mov _builtin_holtek_mant1[2],a
  13  0004  0700     R  	mov a,_custom_log_2[1]
  13  0005  0080     E  	mov _builtin_holtek_mant1[1],a
  13  0006  0700     R  	mov a,_custom_log_2[0]
  13  0007  0080     E  	mov _builtin_holtek_mant1[0],a
  13  0008  0F00        	mov a,0
  13  0009  0080     E  	mov _builtin_holtek_mant12p[1],a
  13  000A  0F00        	mov a,0
  13  000B  0080     E  	mov _builtin_holtek_mant2[2],a
  13  000C  0F00        	mov a,0
  13  000D  0080     E  	mov _builtin_holtek_mant2[1],a
  13  000E  0F00        	mov a,0
  13  000F  0080     E  	mov _builtin_holtek_mant2[0],a
  13  0010  2000     E  	call _builtin_holtek_dtsub
  13  0011  3C00     E  	sz _builtin_holtek_mant12p[0].7
  13  0012  2800     R  	jmp _L5
  13  0013  0700     E  	mov a,_builtin_holtek_mant12p[0]
  13  0014  0500     E  	or a,_builtin_holtek_mant1[2]
  13  0015  0500     E  	or a,_builtin_holtek_mant1[1]
  13  0016  0500     E  	or a,_builtin_holtek_mant1[0]
  13  0017  3D0A        	sz z
  13  0018  2800     R  	jmp _L5
  20  0019              #line 20 "C:\Users\Tech\Desktop\CODetector\NTC\NTC.c"
  20  0019  0700     R  	mov a,_custom_log_2[3]
  20  001A  0080     E  	mov _builtin_holtek_mant12p[0],a
  20  001B  0700     R  	mov a,_custom_log_2[2]
  20  001C  0080     E  	mov _builtin_holtek_mant1[2],a
  20  001D  0700     R  	mov a,_custom_log_2[1]
  20  001E  0080     E  	mov _builtin_holtek_mant1[1],a
  20  001F  0700     R  	mov a,_custom_log_2[0]
  20  0020  0080     E  	mov _builtin_holtek_mant1[0],a
  20  0021  0F3F        	mov a,63
  20  0022  0080     E  	mov _builtin_holtek_mant12p[1],a
  20  0023  0F80        	mov a,128
  20  0024  0080     E  	mov _builtin_holtek_mant2[2],a
"File: NTC.c         Assembler  Version HGASM0202      Page 3

  20  0025  0F00        	mov a,0
  20  0026  0080     E  	mov _builtin_holtek_mant2[1],a
  20  0027  0F00        	mov a,0
  20  0028  0080     E  	mov _builtin_holtek_mant2[0],a
  20  0029  2000     E  	call _builtin_holtek_dtsub
  20  002A  0700     E  	mov a,_builtin_holtek_mant12p[0]
  20  002B  0080     R  	mov _custom_log_2[7],a
  20  002C  0700     E  	mov a,_builtin_holtek_mant1[2]
  20  002D  0080     R  	mov _custom_log_2[6],a
  20  002E  0700     E  	mov a,_builtin_holtek_mant1[1]
  20  002F  0080     R  	mov _custom_log_2[5],a
  20  0030  0700     E  	mov a,_builtin_holtek_mant1[0]
  20  0031  0080     R  	mov _custom_log_2[4],a
  20  0032  0700     R  	mov a,_custom_log_2[3]
  20  0033  0080     E  	mov _builtin_holtek_mant12p[0],a
  20  0034  0700     R  	mov a,_custom_log_2[2]
  20  0035  0080     E  	mov _builtin_holtek_mant1[2],a
  20  0036  0700     R  	mov a,_custom_log_2[1]
  20  0037  0080     E  	mov _builtin_holtek_mant1[1],a
  20  0038  0700     R  	mov a,_custom_log_2[0]
  20  0039  0080     E  	mov _builtin_holtek_mant1[0],a
  20  003A  0F3F        	mov a,63
  20  003B  0080     E  	mov _builtin_holtek_mant12p[1],a
  20  003C  0F80        	mov a,128
  20  003D  0080     E  	mov _builtin_holtek_mant2[2],a
  20  003E  0F00        	mov a,0
  20  003F  0080     E  	mov _builtin_holtek_mant2[1],a
  20  0040  0F00        	mov a,0
  20  0041  0080     E  	mov _builtin_holtek_mant2[0],a
  20  0042  2000     E  	call _builtin_holtek_dtadd
  20  0043  0700     E  	mov a,_builtin_holtek_mant12p[0]
  20  0044  0080     E  	mov rg,a
  20  0045  0700     E  	mov a,_builtin_holtek_mant1[2]
  20  0046  0080     E  	mov rf,a
  20  0047  0700     E  	mov a,_builtin_holtek_mant1[1]
  20  0048  0080     E  	mov re,a
  20  0049  0700     E  	mov a,_builtin_holtek_mant1[0]
  20  004A  0080     E  	mov rd,a
  20  004B  0700     R  	mov a,_custom_log_2[7]
  20  004C  0080     E  	mov _builtin_holtek_mant12p[0],a
  20  004D  0700     R  	mov a,_custom_log_2[6]
  20  004E  0080     E  	mov _builtin_holtek_mant1[2],a
  20  004F  0700     R  	mov a,_custom_log_2[5]
  20  0050  0080     E  	mov _builtin_holtek_mant1[1],a
  20  0051  0700     R  	mov a,_custom_log_2[4]
  20  0052  0080     E  	mov _builtin_holtek_mant1[0],a
  20  0053  0700     E  	mov a,rg
  20  0054  0080     E  	mov _builtin_holtek_mant12p[1],a
  20  0055  0700     E  	mov a,rf
  20  0056  0080     E  	mov _builtin_holtek_mant2[2],a
  20  0057  0700     E  	mov a,re
  20  0058  0080     E  	mov _builtin_holtek_mant2[1],a
  20  0059  0700     E  	mov a,rd
  20  005A  0080     E  	mov _builtin_holtek_mant2[0],a
  20  005B  2000     E  	call _builtin_holtek_dtdiv
  20  005C  0700     E  	mov a,_builtin_holtek_mant12p[0]
  20  005D  0080     R  	mov _custom_log_2[15],a
  20  005E  0700     E  	mov a,_builtin_holtek_mant1[2]
  20  005F  0080     R  	mov _custom_log_2[14],a
  20  0060  0700     E  	mov a,_builtin_holtek_mant1[1]
"File: NTC.c         Assembler  Version HGASM0202      Page 4

  20  0061  0080     R  	mov _custom_log_2[13],a
  20  0062  0700     E  	mov a,_builtin_holtek_mant1[0]
  20  0063  0080     R  	mov _custom_log_2[12],a
  21  0064              #line 21 "C:\Users\Tech\Desktop\CODetector\NTC\NTC.c"
  21  0064  0700     R  	mov a,_custom_log_2[15]
  21  0065  0080     E  	mov _builtin_holtek_mant12p[0],a
  21  0066  0700     R  	mov a,_custom_log_2[14]
  21  0067  0080     E  	mov _builtin_holtek_mant1[2],a
  21  0068  0700     R  	mov a,_custom_log_2[13]
  21  0069  0080     E  	mov _builtin_holtek_mant1[1],a
  21  006A  0700     R  	mov a,_custom_log_2[12]
  21  006B  0080     E  	mov _builtin_holtek_mant1[0],a
  21  006C  0700     R  	mov a,_custom_log_2[15]
  21  006D  0080     E  	mov _builtin_holtek_mant12p[1],a
  21  006E  0700     R  	mov a,_custom_log_2[14]
  21  006F  0080     E  	mov _builtin_holtek_mant2[2],a
  21  0070  0700     R  	mov a,_custom_log_2[13]
  21  0071  0080     E  	mov _builtin_holtek_mant2[1],a
  21  0072  0700     R  	mov a,_custom_log_2[12]
  21  0073  0080     E  	mov _builtin_holtek_mant2[0],a
  21  0074  2000     E  	call _builtin_holtek_dtmul
  21  0075  0700     E  	mov a,_builtin_holtek_mant12p[0]
  21  0076  0080     R  	mov _custom_log_2[23],a
  21  0077  0700     E  	mov a,_builtin_holtek_mant1[2]
  21  0078  0080     R  	mov _custom_log_2[22],a
  21  0079  0700     E  	mov a,_builtin_holtek_mant1[1]
  21  007A  0080     R  	mov _custom_log_2[21],a
  21  007B  0700     E  	mov a,_builtin_holtek_mant1[0]
  21  007C  0080     R  	mov _custom_log_2[20],a
  23  007D              #line 23 "C:\Users\Tech\Desktop\CODetector\NTC\NTC.c"
  23  007D  0700     R  	mov a,_custom_log_2[12]
  23  007E  0080     E  	mov rd,a
  23  007F  0700     R  	mov a,_custom_log_2[13]
  23  0080  0080     E  	mov re,a
  23  0081  0700     R  	mov a,_custom_log_2[14]
  23  0082  0080     E  	mov rf,a
  23  0083  0700     R  	mov a,_custom_log_2[15]
  23  0084  0080     E  	mov rg,a
  22  0085              #line 22 "C:\Users\Tech\Desktop\CODetector\NTC\NTC.c"
  22  0085  0700     R  	mov a,_custom_log_2[20]
  22  0086  0080     R  	mov _custom_log_2[16],a
  22  0087  0700     R  	mov a,_custom_log_2[21]
  22  0088  0080     R  	mov _custom_log_2[17],a
  22  0089  0700     R  	mov a,_custom_log_2[22]
  22  008A  0080     R  	mov _custom_log_2[18],a
  22  008B  0700     R  	mov a,_custom_log_2[23]
  22  008C  0080     R  	mov _custom_log_2[19],a
  25  008D              #line 25 "C:\Users\Tech\Desktop\CODetector\NTC\NTC.c"
  25  008D  0F01        	mov a,1
  25  008E  0080     E  	mov rb,a
  25  008F  1F00     E  	clr rc
  19  0090              #line 19 "C:\Users\Tech\Desktop\CODetector\NTC\NTC.c"
  19  0090  1F00     R  	clr _custom_log_2[4]
  19  0091  1F00     R  	clr _custom_log_2[5]
  19  0092  1F00     R  	clr _custom_log_2[6]
  19  0093  1F00     R  	clr _custom_log_2[7]
  19  0094              _L3:
  19  0094  0700     E  	mov a,rb
  19  0095  0080     E  	mov rh,a
  19  0096  0700     E  	mov a,rc
"File: NTC.c         Assembler  Version HGASM0202      Page 5

  19  0097  0080     E  	mov ra,a
  19  0098  1480     E  	inc rb
  19  0099  3D0A        	sz z
  19  009A  1480     E  	inc rc
  25  009B              #line 25 "C:\Users\Tech\Desktop\CODetector\NTC\NTC.c"
  25  009B  0700     E  	mov a,rg
  25  009C  0080     E  	mov _builtin_holtek_mant12p[0],a
  25  009D  0700     E  	mov a,rf
  25  009E  0080     E  	mov _builtin_holtek_mant1[2],a
  25  009F  0700     E  	mov a,re
  25  00A0  0080     E  	mov _builtin_holtek_mant1[1],a
  25  00A1  0700     E  	mov a,rd
  25  00A2  0080     E  	mov _builtin_holtek_mant1[0],a
  25  00A3  0F2E        	mov a,46
  25  00A4  0080     E  	mov _builtin_holtek_mant12p[1],a
  25  00A5  0FDB        	mov a,219
  25  00A6  0080     E  	mov _builtin_holtek_mant2[2],a
  25  00A7  0FE6        	mov a,230
  25  00A8  0080     E  	mov _builtin_holtek_mant2[1],a
  25  00A9  0FFF        	mov a,255
  25  00AA  0080     E  	mov _builtin_holtek_mant2[0],a
  25  00AB  2000     E  	call _builtin_holtek_dtsub
  25  00AC  3C00     E  	sz _builtin_holtek_mant12p[0].7
  25  00AD  2800     R  	jmp _LI1
  25  00AE  0700     E  	mov a,_builtin_holtek_mant12p[0]
  25  00AF  0500     E  	or a,_builtin_holtek_mant1[2]
  25  00B0  0500     E  	or a,_builtin_holtek_mant1[1]
  25  00B1  0500     E  	or a,_builtin_holtek_mant1[0]
  25  00B2  390A        	snz z
  25  00B3  2800     R  	jmp _L4
  25  00B4              _LI1:
  25  00B4  0700     E  	mov a,rh
  25  00B5  0080     R  	mov _n[0],a
  25  00B6  0700     E  	mov a,ra
  25  00B7  0080     R  	mov _n[1],a
  33  00B8              #line 33 "C:\Users\Tech\Desktop\CODetector\NTC\NTC.c"
  33  00B8  0700     R  	mov a,_custom_log_2[7]
  33  00B9  0080     E  	mov _builtin_holtek_mant12p[0],a
  33  00BA  0700     R  	mov a,_custom_log_2[6]
  33  00BB  0080     E  	mov _builtin_holtek_mant1[2],a
  33  00BC  0700     R  	mov a,_custom_log_2[5]
  33  00BD  0080     E  	mov _builtin_holtek_mant1[1],a
  33  00BE  0700     R  	mov a,_custom_log_2[4]
  33  00BF  0080     E  	mov _builtin_holtek_mant1[0],a
  33  00C0  0700     R  	mov a,_custom_log_2[7]
  33  00C1  0080     E  	mov _builtin_holtek_mant12p[1],a
  33  00C2  0700     R  	mov a,_custom_log_2[6]
  33  00C3  0080     E  	mov _builtin_holtek_mant2[2],a
  33  00C4  0700     R  	mov a,_custom_log_2[5]
  33  00C5  0080     E  	mov _builtin_holtek_mant2[1],a
  33  00C6  0700     R  	mov a,_custom_log_2[4]
  33  00C7  0080     E  	mov _builtin_holtek_mant2[0],a
  33  00C8  2000     E  	call _builtin_holtek_dtadd
  33  00C9  0700     E  	mov a,_builtin_holtek_mant12p[0]
  33  00CA  0080     E  	mov rd,a
  33  00CB  0700     E  	mov a,_builtin_holtek_mant1[2]
  33  00CC  0080     E  	mov rc,a
  33  00CD  0700     E  	mov a,_builtin_holtek_mant1[1]
  33  00CE  0080     E  	mov rb,a
  33  00CF  0700     E  	mov a,_builtin_holtek_mant1[0]
"File: NTC.c         Assembler  Version HGASM0202      Page 6

  33  00D0  0080     E  	mov ra,a
  33  00D1  2800     R  	jmp _L2
  33  00D2              _L4:
  27  00D2              #line 27 "C:\Users\Tech\Desktop\CODetector\NTC\NTC.c"
  27  00D2  0700     R  	mov a,_custom_log_2[7]
  27  00D3  0080     E  	mov _builtin_holtek_mant12p[0],a
  27  00D4  0700     R  	mov a,_custom_log_2[6]
  27  00D5  0080     E  	mov _builtin_holtek_mant1[2],a
  27  00D6  0700     R  	mov a,_custom_log_2[5]
  27  00D7  0080     E  	mov _builtin_holtek_mant1[1],a
  27  00D8  0700     R  	mov a,_custom_log_2[4]
  27  00D9  0080     E  	mov _builtin_holtek_mant1[0],a
  27  00DA  0700     E  	mov a,rg
  27  00DB  0080     E  	mov _builtin_holtek_mant12p[1],a
  27  00DC  0700     E  	mov a,rf
  27  00DD  0080     E  	mov _builtin_holtek_mant2[2],a
  27  00DE  0700     E  	mov a,re
  27  00DF  0080     E  	mov _builtin_holtek_mant2[1],a
  27  00E0  0700     E  	mov a,rd
  27  00E1  0080     E  	mov _builtin_holtek_mant2[0],a
  27  00E2  2000     E  	call _builtin_holtek_dtadd
  27  00E3  0700     E  	mov a,_builtin_holtek_mant12p[0]
  27  00E4  0080     R  	mov _custom_log_2[7],a
  27  00E5  0700     E  	mov a,_builtin_holtek_mant1[2]
  27  00E6  0080     R  	mov _custom_log_2[6],a
  27  00E7  0700     E  	mov a,_builtin_holtek_mant1[1]
  27  00E8  0080     R  	mov _custom_log_2[5],a
  27  00E9  0700     E  	mov a,_builtin_holtek_mant1[0]
  27  00EA  0080     R  	mov _custom_log_2[4],a
  28  00EB              #line 28 "C:\Users\Tech\Desktop\CODetector\NTC\NTC.c"
  28  00EB  0700     R  	mov a,_custom_log_2[19]
  28  00EC  0080     E  	mov _builtin_holtek_mant12p[0],a
  28  00ED  0700     R  	mov a,_custom_log_2[18]
  28  00EE  0080     E  	mov _builtin_holtek_mant1[2],a
  28  00EF  0700     R  	mov a,_custom_log_2[17]
  28  00F0  0080     E  	mov _builtin_holtek_mant1[1],a
  28  00F1  0700     R  	mov a,_custom_log_2[16]
  28  00F2  0080     E  	mov _builtin_holtek_mant1[0],a
  28  00F3  0700     R  	mov a,_custom_log_2[15]
  28  00F4  0080     E  	mov _builtin_holtek_mant12p[1],a
  28  00F5  0700     R  	mov a,_custom_log_2[14]
  28  00F6  0080     E  	mov _builtin_holtek_mant2[2],a
  28  00F7  0700     R  	mov a,_custom_log_2[13]
  28  00F8  0080     E  	mov _builtin_holtek_mant2[1],a
  28  00F9  0700     R  	mov a,_custom_log_2[12]
  28  00FA  0080     E  	mov _builtin_holtek_mant2[0],a
  28  00FB  2000     E  	call _builtin_holtek_dtmul
  28  00FC  0700     E  	mov a,_builtin_holtek_mant12p[0]
  28  00FD  0080     E  	mov rg,a
  28  00FE  0700     E  	mov a,_builtin_holtek_mant1[2]
  28  00FF  0080     E  	mov rf,a
  28  0100  0700     E  	mov a,_builtin_holtek_mant1[1]
  28  0101  0080     E  	mov re,a
  28  0102  0700     E  	mov a,_builtin_holtek_mant1[0]
  28  0103  0080     E  	mov rd,a
  29  0104              #line 29 "C:\Users\Tech\Desktop\CODetector\NTC\NTC.c"
  29  0104  0700     R  	mov a,_custom_log_2[19]
  29  0105  0080     E  	mov _builtin_holtek_mant12p[0],a
  29  0106  0700     R  	mov a,_custom_log_2[18]
  29  0107  0080     E  	mov _builtin_holtek_mant1[2],a
"File: NTC.c         Assembler  Version HGASM0202      Page 7

  29  0108  0700     R  	mov a,_custom_log_2[17]
  29  0109  0080     E  	mov _builtin_holtek_mant1[1],a
  29  010A  0700     R  	mov a,_custom_log_2[16]
  29  010B  0080     E  	mov _builtin_holtek_mant1[0],a
  29  010C  0700     R  	mov a,_custom_log_2[23]
  29  010D  0080     E  	mov _builtin_holtek_mant12p[1],a
  29  010E  0700     R  	mov a,_custom_log_2[22]
  29  010F  0080     E  	mov _builtin_holtek_mant2[2],a
  29  0110  0700     R  	mov a,_custom_log_2[21]
  29  0111  0080     E  	mov _builtin_holtek_mant2[1],a
  29  0112  0700     R  	mov a,_custom_log_2[20]
  29  0113  0080     E  	mov _builtin_holtek_mant2[0],a
  29  0114  2000     E  	call _builtin_holtek_dtmul
  29  0115  0700     E  	mov a,_builtin_holtek_mant12p[0]
  29  0116  0080     R  	mov _custom_log_2[19],a
  29  0117  0700     E  	mov a,_builtin_holtek_mant1[2]
  29  0118  0080     R  	mov _custom_log_2[18],a
  29  0119  0700     E  	mov a,_builtin_holtek_mant1[1]
  29  011A  0080     R  	mov _custom_log_2[17],a
  29  011B  0700     E  	mov a,_builtin_holtek_mant1[0]
  29  011C  0080     R  	mov _custom_log_2[16],a
  29  011D  340A        	clr c
  29  011E  1A00     E  	rlca rb
  29  011F  0080     R  	mov _custom_log_2[8],a
  29  0120  1A00     E  	rlca rc
  29  0121  0080     R  	mov _custom_log_2[9],a
  29  0122  0FFF        	mov a,255
  29  0123  0380     R  	addm a,_custom_log_2[8]
  29  0124  0FFF        	mov a,255
  29  0125  1380     R  	adcm a,_custom_log_2[9]
  30  0126              #line 30 "C:\Users\Tech\Desktop\CODetector\NTC\NTC.c"
  30  0126  0700     R  	mov a,_custom_log_2[9]
  30  0127  0080     E  	mov _builtin_holtek_mant1[1],a
  30  0128  0700     R  	mov a,_custom_log_2[8]
  30  0129  0080     E  	mov _builtin_holtek_mant1[0],a
  30  012A  2000     E  	call _builtin_holtek_itod
  30  012B  0700     E  	mov a,_builtin_holtek_mant12p[0]
  30  012C  0080     R  	mov _custom_log_2[11],a
  30  012D  0700     E  	mov a,_builtin_holtek_mant1[2]
  30  012E  0080     R  	mov _custom_log_2[10],a
  30  012F  0700     E  	mov a,_builtin_holtek_mant1[1]
  30  0130  0080     R  	mov _custom_log_2[9],a
  30  0131  0700     E  	mov a,_builtin_holtek_mant1[0]
  30  0132  0080     R  	mov _custom_log_2[8],a
  30  0133  0700     E  	mov a,rg
  30  0134  0080     E  	mov _builtin_holtek_mant12p[0],a
  30  0135  0700     E  	mov a,rf
  30  0136  0080     E  	mov _builtin_holtek_mant1[2],a
  30  0137  0700     E  	mov a,re
  30  0138  0080     E  	mov _builtin_holtek_mant1[1],a
  30  0139  0700     E  	mov a,rd
  30  013A  0080     E  	mov _builtin_holtek_mant1[0],a
  30  013B  0700     R  	mov a,_custom_log_2[11]
  30  013C  0080     E  	mov _builtin_holtek_mant12p[1],a
  30  013D  0700     R  	mov a,_custom_log_2[10]
  30  013E  0080     E  	mov _builtin_holtek_mant2[2],a
  30  013F  0700     R  	mov a,_custom_log_2[9]
  30  0140  0080     E  	mov _builtin_holtek_mant2[1],a
  30  0141  0700     R  	mov a,_custom_log_2[8]
  30  0142  0080     E  	mov _builtin_holtek_mant2[0],a
"File: NTC.c         Assembler  Version HGASM0202      Page 8

  30  0143  2000     E  	call _builtin_holtek_dtdiv
  30  0144  0700     E  	mov a,_builtin_holtek_mant12p[0]
  30  0145  0080     E  	mov rg,a
  30  0146  0700     E  	mov a,_builtin_holtek_mant1[2]
  30  0147  0080     E  	mov rf,a
  30  0148  0700     E  	mov a,_builtin_holtek_mant1[1]
  30  0149  0080     E  	mov re,a
  30  014A  0700     E  	mov a,_builtin_holtek_mant1[0]
  30  014B  0080     E  	mov rd,a
  30  014C  2800     R  	jmp _L3
  30  014D              _L5:
  15  014D              #line 15 "C:\Users\Tech\Desktop\CODetector\NTC\NTC.c"
  15  014D  1F00     E  	clr ra
  15  014E  1F00     E  	clr rb
  15  014F  0F80        	mov a,-128
  15  0150  0080     E  	mov rc,a
  15  0151  0FBF        	mov a,-65
  15  0152  0080     E  	mov rd,a
  15  0153              _L2:
  15  0153  0003        	ret
  15  0154              _custom_log endp
  15  0154              #line 15 "C:\Users\Tech\Desktop\CODetector\NTC\NTC.c"
  15  0154              #pragma debug scope 1 1
  15  0154              public _temperature
  15  0154              #pragma debug scope 3 1
  38  0154              #line 38 "C:\Users\Tech\Desktop\CODetector\NTC\NTC.c"
  38  0000              _temperature .section 'code'
  38  0000              _temperature proc
  38  0000              public _temperature_2
  38  0000  000D[           local _temperature_2 db 13 dup(?)	; 5,8
            00
            ]
  38  000D              #pragma debug variable 11 3 _temperature_2+0 "ADCValue"
  38  000D              #pragma debug variable 28 3 _temperature_2+2 "VDD"
  41  000D              #line 41 "C:\Users\Tech\Desktop\CODetector\NTC\NTC.c"
  41  0000  0700     R  	mov a,_temperature_2[4]
  41  0001  0080     E  	mov _builtin_holtek_mant1[2],a
  41  0002  0700     R  	mov a,_temperature_2[3]
  41  0003  0080     E  	mov _builtin_holtek_mant1[1],a
  41  0004  0700     R  	mov a,_temperature_2[2]
  41  0005  0080     E  	mov _builtin_holtek_mant1[0],a
  41  0006  0F45        	mov a,69
  41  0007  0080     E  	mov _builtin_holtek_mant2[2],a
  41  0008  0F7F        	mov a,127
  41  0009  0080     E  	mov _builtin_holtek_mant2[1],a
  41  000A  0FF0        	mov a,240
  41  000B  0080     E  	mov _builtin_holtek_mant2[0],a
  41  000C  2000     E  	call _builtin_holtek_ftdiv
  41  000D  0700     E  	mov a,_builtin_holtek_mant1[2]
  41  000E  0080     E  	mov rh,a
  41  000F  0700     E  	mov a,_builtin_holtek_mant1[1]
  41  0010  0080     E  	mov rg,a
  41  0011  0700     E  	mov a,_builtin_holtek_mant1[0]
  41  0012  0080     E  	mov rf,a
  41  0013  0700     R  	mov a,_temperature_2[1]
  41  0014  0080     E  	mov _builtin_holtek_mant1[1],a
  41  0015  0700     R  	mov a,_temperature_2[0]
  41  0016  0080     E  	mov _builtin_holtek_mant1[0],a
  41  0017  2000     E  	call _builtin_holtek_itof
  41  0018  0700     E  	mov a,_builtin_holtek_mant1[2]
"File: NTC.c         Assembler  Version HGASM0202      Page 9

  41  0019  0080     E  	mov re,a
  41  001A  0700     E  	mov a,_builtin_holtek_mant1[1]
  41  001B  0080     E  	mov rd,a
  41  001C  0700     E  	mov a,_builtin_holtek_mant1[0]
  41  001D  0080     E  	mov rc,a
  41  001E  0700     E  	mov a,rh
  41  001F  0080     E  	mov _builtin_holtek_mant1[2],a
  41  0020  0700     E  	mov a,rg
  41  0021  0080     E  	mov _builtin_holtek_mant1[1],a
  41  0022  0700     E  	mov a,rf
  41  0023  0080     E  	mov _builtin_holtek_mant1[0],a
  41  0024  0700     E  	mov a,re
  41  0025  0080     E  	mov _builtin_holtek_mant2[2],a
  41  0026  0700     E  	mov a,rd
  41  0027  0080     E  	mov _builtin_holtek_mant2[1],a
  41  0028  0700     E  	mov a,rc
  41  0029  0080     E  	mov _builtin_holtek_mant2[0],a
  41  002A  2000     E  	call _builtin_holtek_ftmul
  41  002B  0700     E  	mov a,_builtin_holtek_mant1[2]
  41  002C  0080     E  	mov re,a
  41  002D  0700     E  	mov a,_builtin_holtek_mant1[1]
  41  002E  0080     E  	mov rd,a
  41  002F  0700     E  	mov a,_builtin_holtek_mant1[0]
  41  0030  0080     E  	mov rc,a
  42  0031              #line 42 "C:\Users\Tech\Desktop\CODetector\NTC\NTC.c"
  42  0031  0700     R  	mov a,_temperature_2[4]
  42  0032  0080     E  	mov _builtin_holtek_mant1[2],a
  42  0033  0700     R  	mov a,_temperature_2[3]
  42  0034  0080     E  	mov _builtin_holtek_mant1[1],a
  42  0035  0700     R  	mov a,_temperature_2[2]
  42  0036  0080     E  	mov _builtin_holtek_mant1[0],a
  42  0037  0700     E  	mov a,re
  42  0038  0080     E  	mov _builtin_holtek_mant2[2],a
  42  0039  0700     E  	mov a,rd
  42  003A  0080     E  	mov _builtin_holtek_mant2[1],a
  42  003B  0700     E  	mov a,rc
  42  003C  0080     E  	mov _builtin_holtek_mant2[0],a
  42  003D  2000     E  	call _builtin_holtek_ftsub
  42  003E  0700     E  	mov a,_builtin_holtek_mant1[2]
  42  003F  0080     E  	mov rh,a
  42  0040  0700     E  	mov a,_builtin_holtek_mant1[1]
  42  0041  0080     E  	mov rg,a
  42  0042  0700     E  	mov a,_builtin_holtek_mant1[0]
  42  0043  0080     E  	mov rf,a
  42  0044  0700     E  	mov a,rh
  42  0045  0080     E  	mov _builtin_holtek_mant1[2],a
  42  0046  0700     E  	mov a,rg
  42  0047  0080     E  	mov _builtin_holtek_mant1[1],a
  42  0048  0700     E  	mov a,rf
  42  0049  0080     E  	mov _builtin_holtek_mant1[0],a
  42  004A  0F41        	mov a,65
  42  004B  0080     E  	mov _builtin_holtek_mant2[2],a
  42  004C  0F20        	mov a,32
  42  004D  0080     E  	mov _builtin_holtek_mant2[1],a
  42  004E  0F00        	mov a,0
  42  004F  0080     E  	mov _builtin_holtek_mant2[0],a
  42  0050  2000     E  	call _builtin_holtek_ftmul
  42  0051  0700     E  	mov a,_builtin_holtek_mant1[2]
  42  0052  0080     E  	mov rh,a
  42  0053  0700     E  	mov a,_builtin_holtek_mant1[1]
"File: NTC.c         Assembler  Version HGASM0202      Page 10

  42  0054  0080     E  	mov rg,a
  42  0055  0700     E  	mov a,_builtin_holtek_mant1[0]
  42  0056  0080     E  	mov rf,a
  42  0057  0700     E  	mov a,rh
  42  0058  0080     E  	mov _builtin_holtek_mant1[2],a
  42  0059  0700     E  	mov a,rg
  42  005A  0080     E  	mov _builtin_holtek_mant1[1],a
  42  005B  0700     E  	mov a,rf
  42  005C  0080     E  	mov _builtin_holtek_mant1[0],a
  42  005D  0700     E  	mov a,re
  42  005E  0080     E  	mov _builtin_holtek_mant2[2],a
  42  005F  0700     E  	mov a,rd
  42  0060  0080     E  	mov _builtin_holtek_mant2[1],a
  42  0061  0700     E  	mov a,rc
  42  0062  0080     E  	mov _builtin_holtek_mant2[0],a
  42  0063  2000     E  	call _builtin_holtek_ftdiv
  42  0064  0700     E  	mov a,_builtin_holtek_mant1[2]
  42  0065  0080     E  	mov re,a
  42  0066  0700     E  	mov a,_builtin_holtek_mant1[1]
  42  0067  0080     E  	mov rd,a
  42  0068  0700     E  	mov a,_builtin_holtek_mant1[0]
  42  0069  0080     E  	mov rc,a
  44  006A              #line 44 "C:\Users\Tech\Desktop\CODetector\NTC\NTC.c"
  44  006A  0700     E  	mov a,re
  44  006B  0080     E  	mov _builtin_holtek_mant1[2],a
  44  006C  0700     E  	mov a,rd
  44  006D  0080     E  	mov _builtin_holtek_mant1[1],a
  44  006E  0700     E  	mov a,rc
  44  006F  0080     E  	mov _builtin_holtek_mant1[0],a
  44  0070  0700     R  	mov a,_temperature_2[4]
  44  0071  0080     E  	mov _builtin_holtek_mant2[2],a
  44  0072  0700     R  	mov a,_temperature_2[3]
  44  0073  0080     E  	mov _builtin_holtek_mant2[1],a
  44  0074  0700     R  	mov a,_temperature_2[2]
  44  0075  0080     E  	mov _builtin_holtek_mant2[0],a
  44  0076  2000     E  	call _builtin_holtek_ftmul
  44  0077  0700     E  	mov a,_builtin_holtek_mant1[2]
  44  0078  0080     E  	mov re,a
  44  0079  0700     E  	mov a,_builtin_holtek_mant1[1]
  44  007A  0080     E  	mov rd,a
  44  007B  0700     E  	mov a,_builtin_holtek_mant1[0]
  44  007C  0080     E  	mov rc,a
  44  007D  0700     E  	mov a,rc
  44  007E  0080     R  	mov _custom_log_2[1],a
  44  007F  0700     E  	mov a,rd
  44  0080  0080     R  	mov _custom_log_2[2],a
  44  0081  0700     E  	mov a,re
  44  0082  0080     R  	mov _custom_log_2[3],a
  44  0083  1F00     R  	clr _custom_log_2[0]
  44  0084  2000     R  	call _custom_log
  44  0085  0700     E  	mov a,rd
  44  0086  0080     E  	mov re,a
  44  0087  0700     E  	mov a,rc
  44  0088  0080     E  	mov rd,a
  44  0089  0700     E  	mov a,rb
  44  008A  0080     E  	mov rc,a
  49  008B              #line 49 "C:\Users\Tech\Desktop\CODetector\NTC\NTC.c"
  49  008B  0700     E  	mov a,re
  49  008C  0080     E  	mov rg,a
  49  008D  0700     E  	mov a,rd
"File: NTC.c         Assembler  Version HGASM0202      Page 11

  49  008E  0080     E  	mov rf,a
  49  008F  0700     E  	mov a,rc
  49  0090  0080     E  	mov re,a
  49  0091  1F00     E  	clr rd
  49  0092  0700     E  	mov a,rg
  49  0093  0080     E  	mov _builtin_holtek_mant12p[0],a
  49  0094  0700     E  	mov a,rf
  49  0095  0080     E  	mov _builtin_holtek_mant1[2],a
  49  0096  0700     E  	mov a,re
  49  0097  0080     E  	mov _builtin_holtek_mant1[1],a
  49  0098  0700     E  	mov a,rd
  49  0099  0080     E  	mov _builtin_holtek_mant1[0],a
  49  009A  0F39        	mov a,57
  49  009B  0080     E  	mov _builtin_holtek_mant12p[1],a
  49  009C  0F75        	mov a,117
  49  009D  0080     E  	mov _builtin_holtek_mant2[2],a
  49  009E  0F7F        	mov a,127
  49  009F  0080     E  	mov _builtin_holtek_mant2[1],a
  49  00A0  0F73        	mov a,115
  49  00A1  0080     E  	mov _builtin_holtek_mant2[0],a
  49  00A2  2000     E  	call _builtin_holtek_dtmul
  49  00A3  0700     E  	mov a,_builtin_holtek_mant12p[0]
  49  00A4  0080     R  	mov _temperature_2[8],a
  49  00A5  0700     E  	mov a,_builtin_holtek_mant1[2]
  49  00A6  0080     R  	mov _temperature_2[7],a
  49  00A7  0700     E  	mov a,_builtin_holtek_mant1[1]
  49  00A8  0080     R  	mov _temperature_2[6],a
  49  00A9  0700     E  	mov a,_builtin_holtek_mant1[0]
  49  00AA  0080     R  	mov _temperature_2[5],a
  49  00AB  0700     R  	mov a,_temperature_2[8]
  49  00AC  0080     E  	mov _builtin_holtek_mant12p[0],a
  49  00AD  0700     R  	mov a,_temperature_2[7]
  49  00AE  0080     E  	mov _builtin_holtek_mant1[2],a
  49  00AF  0700     R  	mov a,_temperature_2[6]
  49  00B0  0080     E  	mov _builtin_holtek_mant1[1],a
  49  00B1  0700     R  	mov a,_temperature_2[5]
  49  00B2  0080     E  	mov _builtin_holtek_mant1[0],a
  49  00B3  0F3A        	mov a,58
  49  00B4  0080     E  	mov _builtin_holtek_mant12p[1],a
  49  00B5  0F93        	mov a,147
  49  00B6  0080     E  	mov _builtin_holtek_mant2[2],a
  49  00B7  0FFF        	mov a,255
  49  00B8  0080     E  	mov _builtin_holtek_mant2[1],a
  49  00B9  0FEB        	mov a,235
  49  00BA  0080     E  	mov _builtin_holtek_mant2[0],a
  49  00BB  2000     E  	call _builtin_holtek_dtadd
  49  00BC  0700     E  	mov a,_builtin_holtek_mant12p[0]
  49  00BD  0080     R  	mov _temperature_2[8],a
  49  00BE  0700     E  	mov a,_builtin_holtek_mant1[2]
  49  00BF  0080     R  	mov _temperature_2[7],a
  49  00C0  0700     E  	mov a,_builtin_holtek_mant1[1]
  49  00C1  0080     R  	mov _temperature_2[6],a
  49  00C2  0700     E  	mov a,_builtin_holtek_mant1[0]
  49  00C3  0080     R  	mov _temperature_2[5],a
  49  00C4  0700     E  	mov a,rg
  49  00C5  0080     E  	mov _builtin_holtek_mant12p[0],a
  49  00C6  0700     E  	mov a,rf
  49  00C7  0080     E  	mov _builtin_holtek_mant1[2],a
  49  00C8  0700     E  	mov a,re
  49  00C9  0080     E  	mov _builtin_holtek_mant1[1],a
"File: NTC.c         Assembler  Version HGASM0202      Page 12

  49  00CA  0700     E  	mov a,rd
  49  00CB  0080     E  	mov _builtin_holtek_mant1[0],a
  49  00CC  0F33        	mov a,51
  49  00CD  0080     E  	mov _builtin_holtek_mant12p[1],a
  49  00CE  0FBC        	mov a,188
  49  00CF  0080     E  	mov _builtin_holtek_mant2[2],a
  49  00D0  0F47        	mov a,71
  49  00D1  0080     E  	mov _builtin_holtek_mant2[1],a
  49  00D2  0F59        	mov a,89
  49  00D3  0080     E  	mov _builtin_holtek_mant2[0],a
  49  00D4  2000     E  	call _builtin_holtek_dtmul
  49  00D5  0700     E  	mov a,_builtin_holtek_mant12p[0]
  49  00D6  0080     R  	mov _temperature_2[12],a
  49  00D7  0700     E  	mov a,_builtin_holtek_mant1[2]
  49  00D8  0080     R  	mov _temperature_2[11],a
  49  00D9  0700     E  	mov a,_builtin_holtek_mant1[1]
  49  00DA  0080     R  	mov _temperature_2[10],a
  49  00DB  0700     E  	mov a,_builtin_holtek_mant1[0]
  49  00DC  0080     R  	mov _temperature_2[9],a
  49  00DD  0700     R  	mov a,_temperature_2[12]
  49  00DE  0080     E  	mov _builtin_holtek_mant12p[0],a
  49  00DF  0700     R  	mov a,_temperature_2[11]
  49  00E0  0080     E  	mov _builtin_holtek_mant1[2],a
  49  00E1  0700     R  	mov a,_temperature_2[10]
  49  00E2  0080     E  	mov _builtin_holtek_mant1[1],a
  49  00E3  0700     R  	mov a,_temperature_2[9]
  49  00E4  0080     E  	mov _builtin_holtek_mant1[0],a
  49  00E5  0700     E  	mov a,rg
  49  00E6  0080     E  	mov _builtin_holtek_mant12p[1],a
  49  00E7  0700     E  	mov a,rf
  49  00E8  0080     E  	mov _builtin_holtek_mant2[2],a
  49  00E9  0700     E  	mov a,re
  49  00EA  0080     E  	mov _builtin_holtek_mant2[1],a
  49  00EB  0700     E  	mov a,rd
  49  00EC  0080     E  	mov _builtin_holtek_mant2[0],a
  49  00ED  2000     E  	call _builtin_holtek_dtmul
  49  00EE  0700     E  	mov a,_builtin_holtek_mant12p[0]
  49  00EF  0080     R  	mov _temperature_2[12],a
  49  00F0  0700     E  	mov a,_builtin_holtek_mant1[2]
  49  00F1  0080     R  	mov _temperature_2[11],a
  49  00F2  0700     E  	mov a,_builtin_holtek_mant1[1]
  49  00F3  0080     R  	mov _temperature_2[10],a
  49  00F4  0700     E  	mov a,_builtin_holtek_mant1[0]
  49  00F5  0080     R  	mov _temperature_2[9],a
  49  00F6  0700     R  	mov a,_temperature_2[12]
  49  00F7  0080     E  	mov _builtin_holtek_mant12p[0],a
  49  00F8  0700     R  	mov a,_temperature_2[11]
  49  00F9  0080     E  	mov _builtin_holtek_mant1[2],a
  49  00FA  0700     R  	mov a,_temperature_2[10]
  49  00FB  0080     E  	mov _builtin_holtek_mant1[1],a
  49  00FC  0700     R  	mov a,_temperature_2[9]
  49  00FD  0080     E  	mov _builtin_holtek_mant1[0],a
  49  00FE  0700     E  	mov a,rg
  49  00FF  0080     E  	mov _builtin_holtek_mant12p[1],a
  49  0100  0700     E  	mov a,rf
  49  0101  0080     E  	mov _builtin_holtek_mant2[2],a
  49  0102  0700     E  	mov a,re
  49  0103  0080     E  	mov _builtin_holtek_mant2[1],a
  49  0104  0700     E  	mov a,rd
  49  0105  0080     E  	mov _builtin_holtek_mant2[0],a
"File: NTC.c         Assembler  Version HGASM0202      Page 13

  49  0106  2000     E  	call _builtin_holtek_dtmul
  49  0107  0700     E  	mov a,_builtin_holtek_mant12p[0]
  49  0108  0080     E  	mov rg,a
  49  0109  0700     E  	mov a,_builtin_holtek_mant1[2]
  49  010A  0080     E  	mov rf,a
  49  010B  0700     E  	mov a,_builtin_holtek_mant1[1]
  49  010C  0080     E  	mov re,a
  49  010D  0700     E  	mov a,_builtin_holtek_mant1[0]
  49  010E  0080     E  	mov rd,a
  49  010F  0700     R  	mov a,_temperature_2[8]
  49  0110  0080     E  	mov _builtin_holtek_mant12p[0],a
  49  0111  0700     R  	mov a,_temperature_2[7]
  49  0112  0080     E  	mov _builtin_holtek_mant1[2],a
  49  0113  0700     R  	mov a,_temperature_2[6]
  49  0114  0080     E  	mov _builtin_holtek_mant1[1],a
  49  0115  0700     R  	mov a,_temperature_2[5]
  49  0116  0080     E  	mov _builtin_holtek_mant1[0],a
  49  0117  0700     E  	mov a,rg
  49  0118  0080     E  	mov _builtin_holtek_mant12p[1],a
  49  0119  0700     E  	mov a,rf
  49  011A  0080     E  	mov _builtin_holtek_mant2[2],a
  49  011B  0700     E  	mov a,re
  49  011C  0080     E  	mov _builtin_holtek_mant2[1],a
  49  011D  0700     E  	mov a,rd
  49  011E  0080     E  	mov _builtin_holtek_mant2[0],a
  49  011F  2000     E  	call _builtin_holtek_dtadd
  49  0120  0700     E  	mov a,_builtin_holtek_mant12p[0]
  49  0121  0080     E  	mov rh,a
  49  0122  0700     E  	mov a,_builtin_holtek_mant1[2]
  49  0123  0080     E  	mov rg,a
  49  0124  0700     E  	mov a,_builtin_holtek_mant1[1]
  49  0125  0080     E  	mov rf,a
  49  0126  0700     E  	mov a,_builtin_holtek_mant1[0]
  49  0127  0080     E  	mov re,a
  49  0128  1F00     E  	clr ra
  49  0129  1F00     E  	clr rb
  49  012A  0F80        	mov a,-128
  49  012B  0080     E  	mov rc,a
  49  012C  0F3F        	mov a,63
  49  012D  0080     E  	mov rd,a
  49  012E  0700     E  	mov a,rd
  49  012F  0080     E  	mov _builtin_holtek_mant12p[0],a
  49  0130  0700     E  	mov a,rc
  49  0131  0080     E  	mov _builtin_holtek_mant1[2],a
  49  0132  0700     E  	mov a,rb
  49  0133  0080     E  	mov _builtin_holtek_mant1[1],a
  49  0134  0700     E  	mov a,ra
  49  0135  0080     E  	mov _builtin_holtek_mant1[0],a
  49  0136  0700     E  	mov a,rh
  49  0137  0080     E  	mov _builtin_holtek_mant12p[1],a
  49  0138  0700     E  	mov a,rg
  49  0139  0080     E  	mov _builtin_holtek_mant2[2],a
  49  013A  0700     E  	mov a,rf
  49  013B  0080     E  	mov _builtin_holtek_mant2[1],a
  49  013C  0700     E  	mov a,re
  49  013D  0080     E  	mov _builtin_holtek_mant2[0],a
  49  013E  2000     E  	call _builtin_holtek_dtdiv
  49  013F  0700     E  	mov a,_builtin_holtek_mant12p[0]
  49  0140  0080     E  	mov rh,a
  49  0141  0700     E  	mov a,_builtin_holtek_mant1[2]
"File: NTC.c         Assembler  Version HGASM0202      Page 14

  49  0142  0080     E  	mov rg,a
  49  0143  0700     E  	mov a,_builtin_holtek_mant1[1]
  49  0144  0080     E  	mov rf,a
  49  0145  0700     E  	mov a,_builtin_holtek_mant1[0]
  49  0146  0080     E  	mov re,a
  49  0147  0700     E  	mov a,rf
  49  0148  0080     E  	mov rc,a
  49  0149  0700     E  	mov a,rg
  49  014A  0080     E  	mov rd,a
  49  014B  0700     E  	mov a,rh
  49  014C  0080     E  	mov re,a
  50  014D              #line 50 "C:\Users\Tech\Desktop\CODetector\NTC\NTC.c"
  50  014D  0700     E  	mov a,re
  50  014E  0080     E  	mov rg,a
  50  014F  0700     E  	mov a,rd
  50  0150  0080     E  	mov rf,a
  50  0151  0700     E  	mov a,rc
  50  0152  0080     E  	mov re,a
  50  0153  1F00     E  	clr rd
  50  0154  0700     E  	mov a,rg
  50  0155  0080     E  	mov _builtin_holtek_mant12p[0],a
  50  0156  0700     E  	mov a,rf
  50  0157  0080     E  	mov _builtin_holtek_mant1[2],a
  50  0158  0700     E  	mov a,re
  50  0159  0080     E  	mov _builtin_holtek_mant1[1],a
  50  015A  0700     E  	mov a,rd
  50  015B  0080     E  	mov _builtin_holtek_mant1[0],a
  50  015C  0F43        	mov a,67
  50  015D  0080     E  	mov _builtin_holtek_mant12p[1],a
  50  015E  0F88        	mov a,136
  50  015F  0080     E  	mov _builtin_holtek_mant2[2],a
  50  0160  0F93        	mov a,147
  50  0161  0080     E  	mov _builtin_holtek_mant2[1],a
  50  0162  0F33        	mov a,51
  50  0163  0080     E  	mov _builtin_holtek_mant2[0],a
  50  0164  2000     E  	call _builtin_holtek_dtsub
  50  0165  0700     E  	mov a,_builtin_holtek_mant12p[0]
  50  0166  0080     E  	mov rg,a
  50  0167  0700     E  	mov a,_builtin_holtek_mant1[2]
  50  0168  0080     E  	mov rf,a
  50  0169  0700     E  	mov a,_builtin_holtek_mant1[1]
  50  016A  0080     E  	mov re,a
  50  016B  0700     E  	mov a,_builtin_holtek_mant1[0]
  50  016C  0080     E  	mov rd,a
  54  016D              #line 54 "C:\Users\Tech\Desktop\CODetector\NTC\NTC.c"
  54  016D  0700     E  	mov a,rg
  54  016E  0080     E  	mov rc,a
  54  016F  0700     E  	mov a,rf
  54  0170  0080     E  	mov rb,a
  54  0171  0700     E  	mov a,re
  54  0172  0080     E  	mov ra,a
  54  0173  0003        	ret
  54  0174              _temperature endp
  54  0174              #line 54 "C:\Users\Tech\Desktop\CODetector\NTC\NTC.c"
  54  0174              #pragma debug scope 1 1
  54  0174              public _n
  54  0000              @HCCINIT	.section 'data'
   9  0000              #line 9 "C:\Users\Tech\Desktop\CODetector\NTC\NTC.c"
   9  0000              @HCCINIT_n .section 'data'
   9  0000              _n label byte
"File: NTC.c         Assembler  Version HGASM0202      Page 15

   9  0000              #pragma debug variable 11 1 _n "n"
   9  0000              	db 0
   9  0000              @ROMDATA_BASE .section inpage 'code'
   9  0000              	db 0
   9  0001              @HCCINIT_n .section 'data'
   9  0001              	db 0
   9  0001              @ROMDATA_BASE .section inpage 'code'
   9  0001              	db 0
   9  0002              @HCCINIT_n .section 'data'
   9  0002              extern _builtin_holtek_mant1:byte
   9  0002              extern _builtin_holtek_mant2:byte
   9  0002              extern _builtin_holtek_mant12p:byte
   9  0002              extern _builtin_holtek_dtsub:near
   9  0002              extern _builtin_holtek_dtadd:near
   9  0002              extern _builtin_holtek_dtdiv:near
   9  0002              extern _builtin_holtek_dtmul:near
   9  0002              extern _builtin_holtek_itod:near
   9  0002              extern _builtin_holtek_ftdiv:near
   9  0002              extern _builtin_holtek_itof:near
   9  0002              extern _builtin_holtek_ftmul:near
   9  0002              extern _builtin_holtek_ftsub:near
   9  0002              
   9  0002              ; 
   9  0002              ; Generated by holtek-gcc v3.19, Sun Aug 27 10:54:55 2023
   9  0002              ; Rebuild 718
   9  0002              ; end of file


        0 Errors, 0