"File: STimer.c      Assembler  Version HGASM0202      Page 1


   1  0000              ; Generated by holtek-gcc v3.19, Sun Sep 10 10:47:01 2023
   2  0000              ; 
   3  0000              ; Configuration:
   4  0000              ;       with long instruction
   5  0000              ;       Single ROM, Multi-RAM
   6  0000              ;       bits_per_rom_unit:16
   7  0000              ;       with mp1
   8  0000              ;       with tbhp, address(0x9)
   9  0000              ;          Use tabrd-const
  10  0000              ;       
  11  0000              ; SFR address of long-instruction arch:
  12  0000              ;    mp0 = -1,1,0
  13  0000              ;    mp1 = 4,3,2
  14  0000              ;    mp2 = 14,13,12
  15  0000              ;    tbp = 9,7,8
  16  0000              ;    acc = 5
  17  0000              ;    pcl = 6
  18  0000              ;    status = 10
  19  0000              ;    bp = 11
  20  0000              ;    intc = 72
  21  0000              ;       
  22  0000              ;       
  23  0000              ; use 'tabrdc' instead of 'tabrd'
  24  0000              ;       
  25  0000              
  26  0000              #pragma translator "holtek-gcc 4.6.4" "3.19" "build 20130711"
  27  0000              ; Rebuild 718
  28  0000              
  29  0000              ir equ [2]
  30  0000              mp equ [3]
  31  0000              sbp equ [4]
  32  0000              acc equ [5]
  33  0000              bp equ [11]
  34  0000              tblp equ [7]
  35  0000              tbhp equ [9]
  36  0000              status equ [10]
  37  0000              c equ [10].0
  38  0000              ac equ [10].1
  39  0000              z equ [10].2
  40  0000              ov equ [10].3
  41  0000              cz equ [10].6
  42  0000              sc equ [10].7
  43  0000              intc equ [72]
  44  0000              
  45  0000              extern ra:byte
  46  0000              extern rb:byte
  47  0000              extern rc:byte
  48  0000              extern rd:byte
  49  0000              extern re:byte
  50  0000              extern rf:byte
  51  0000              extern rg:byte
  52  0000              extern rh:byte
  53  0000              extern _Crom2Prom:near
  54  0000              extern _Crom2PromNext:near
  55  0000              
  56  0000              RAMBANK 0 @BITDATASEC, @BITDATASEC1
  57  0000              @HCCINIT	.section 'data'
  58  0000              @HCCINIT0	.section 'data'
  59  0000              @BITDATASEC	 .section 'data'
"File: STimer.ASM    Assembler  Version HGASM0202      Page 2

  60  0000              @BITDATASEC1	 .section 'data'
  61  0000              
  62  0000              #pragma debug scope 1 1
  63  0000              	extern __DELAY3:near
  64  0000              	extern __DELAYX3:near
  65  0000              	extern __DELAYX6:near
  66  0000              	extern __DELAYY5:near
  67  0000              	extern __DELAYY3:near
  68  0000              	extern _builtin_holtek_delay_2:byte
  69  0000              ___stmc0 equ [39]
  70  0000              ___stmc1 equ [40]
  71  0000              public _STimerInit
  72  0000              #pragma debug scope 2 1

   3  0000              #line 3 "C:\Users\Tech\Desktop\CODetector\STimer\STimer.c"
   3  0000              _STimerInit .section 'code'
   3  0000              _STimerInit proc
  10  0000              #line 10 "C:\Users\Tech\Desktop\CODetector\STimer\STimer.c"
  10  0000  37A7        	clr [39].7
  23  0001              #line 23 "C:\Users\Tech\Desktop\CODetector\STimer\STimer.c"
  23  0001  3227        	set [39].4
  24  0002              #line 24 "C:\Users\Tech\Desktop\CODetector\STimer\STimer.c"
  24  0002  32A7        	set [39].5
  25  0003              #line 25 "C:\Users\Tech\Desktop\CODetector\STimer\STimer.c"
  25  0003  3727        	clr [39].6
  33  0004              #line 33 "C:\Users\Tech\Desktop\CODetector\STimer\STimer.c"
  33  0004  31A7        	set [39].3
  47  0005              #line 47 "C:\Users\Tech\Desktop\CODetector\STimer\STimer.c"
  47  0005  3427        	clr [39].0
  48  0006              #line 48 "C:\Users\Tech\Desktop\CODetector\STimer\STimer.c"
  48  0006  34A7        	clr [39].1
  49  0007              #line 49 "C:\Users\Tech\Desktop\CODetector\STimer\STimer.c"
  49  0007  3527        	clr [39].2
  60  0008              #line 60 "C:\Users\Tech\Desktop\CODetector\STimer\STimer.c"
  60  0008  3328        	set [40].6
  61  0009              #line 61 "C:\Users\Tech\Desktop\CODetector\STimer\STimer.c"
  61  0009  33A8        	set [40].7
  73  000A              #line 73 "C:\Users\Tech\Desktop\CODetector\STimer\STimer.c"
  73  000A  3628        	clr [40].4
  74  000B              #line 74 "C:\Users\Tech\Desktop\CODetector\STimer\STimer.c"
  74  000B  36A8        	clr [40].5
  74  000C  0003        	ret
  74  000D              _STimerInit endp
  74  000D              #line 74 "C:\Users\Tech\Desktop\CODetector\STimer\STimer.c"
  74  000D              #pragma debug scope 1 1
  74  000D              ___stmdl equ [41]
  74  000D              ___stmdh equ [42]
  74  000D              public _readSTimer
  74  000D              #pragma debug scope 3 1
  78  000D              #line 78 "C:\Users\Tech\Desktop\CODetector\STimer\STimer.c"
  78  0000              _readSTimer .section 'code'
  78  0000              _readSTimer proc
  80  0000              #line 80 "C:\Users\Tech\Desktop\CODetector\STimer\STimer.c"
  80  0000  072A        	mov a,[42]
  80  0001  0080     E  	mov rc,a
  80  0002  1F00     E  	clr rb
  82  0003              #line 82 "C:\Users\Tech\Desktop\CODetector\STimer\STimer.c"
  82  0003  0700     E  	mov a,rc
  82  0004  0080     E  	mov re,a
  82  0005  0729        	mov a,[41]
"File: STimer.c      Assembler  Version HGASM0202      Page 3

  82  0006  0500     E  	or a,rb
  82  0007  0080     E  	mov rd,a
  82  0008  0700     E  	mov a,rd
  82  0009  0080     E  	mov ra,a
  82  000A  0700     E  	mov a,re
  82  000B  0080     E  	mov rb,a
  82  000C  0003        	ret
  82  000D              _readSTimer endp
  82  000D              #line 82 "C:\Users\Tech\Desktop\CODetector\STimer\STimer.c"
  82  000D              #pragma debug scope 1 1
  82  000D              #pragma debug struct_end
  82  000D              #pragma debug struct_end
  82  000D              #pragma debug union_end
  82  000D              #pragma debug union_end
  82  000D              #pragma debug variable 43 1 ___stmc0 "__stmc0" 1
  82  000D              #pragma debug struct_end
  82  000D              #pragma debug struct_end
  82  000D              #pragma debug union_end
  82  000D              #pragma debug union_end
  82  000D              #pragma debug variable 45 1 ___stmc1 "__stmc1" 1
  82  000D              #pragma debug variable 8 1 ___stmdl "__stmdl" 1
  82  000D              #pragma debug variable 8 1 ___stmdh "__stmdh" 1
  82  000D              
  82  000D              ; 
  82  000D              ; Generated by holtek-gcc v3.19, Sun Sep 10 10:47:01 2023
  82  000D              ; Rebuild 718
  82  000D              ; end of file


        0 Errors, 0