"File: Timer.c       Assembler  Version HGASM0202      Page 1


   1  0000              ; Generated by holtek-gcc v3.19, Sat Sep 23 12:35:34 2023
   2  0000              ; 
   3  0000              ; Configuration:
   4  0000              ;       with long instruction
   5  0000              ;       Single ROM, Multi-RAM
   6  0000              ;       bits_per_rom_unit:16
   7  0000              ;       with mp1
   8  0000              ;       with tbhp, address(0x9)
   9  0000              ;          Use tabrd-const
  10  0000              ;       
  11  0000              ; SFR address of long-instruction arch:
  12  0000              ;    mp0 = -1,1,0
  13  0000              ;    mp1 = 4,3,2
  14  0000              ;    mp2 = 14,13,12
  15  0000              ;    tbp = 9,7,8
  16  0000              ;    acc = 5
  17  0000              ;    pcl = 6
  18  0000              ;    status = 10
  19  0000              ;    bp = 11
  20  0000              ;    intc = 72
  21  0000              ;       
  22  0000              ;       
  23  0000              ; use 'tabrdc' instead of 'tabrd'
  24  0000              ;       
  25  0000              
  26  0000              #pragma translator "holtek-gcc 4.6.4" "3.19" "build 20130711"
  27  0000              ; Rebuild 718
  28  0000              
  29  0000              ir equ [2]
  30  0000              mp equ [3]
  31  0000              sbp equ [4]
  32  0000              acc equ [5]
  33  0000              bp equ [11]
  34  0000              tblp equ [7]
  35  0000              tbhp equ [9]
  36  0000              status equ [10]
  37  0000              c equ [10].0
  38  0000              ac equ [10].1
  39  0000              z equ [10].2
  40  0000              ov equ [10].3
  41  0000              cz equ [10].6
  42  0000              sc equ [10].7
  43  0000              intc equ [72]
  44  0000              
  45  0000              extern ra:byte
  46  0000              extern rb:byte
  47  0000              extern rc:byte
  48  0000              extern rd:byte
  49  0000              extern re:byte
  50  0000              extern rf:byte
  51  0000              extern rg:byte
  52  0000              extern rh:byte
  53  0000              extern _Crom2Prom:near
  54  0000              extern _Crom2PromNext:near
  55  0000              
  56  0000              RAMBANK 0 @BITDATASEC, @BITDATASEC1
  57  0000              @HCCINIT	.section 'data'
  58  0000              @HCCINIT0	.section 'data'
  59  0000              @BITDATASEC	 .section 'data'
"File: Timer.ASM     Assembler  Version HGASM0202      Page 2

  60  0000              @BITDATASEC1	 .section 'data'
  61  0000              
  62  0000              #pragma debug scope 1 1
  63  0000              	extern __DELAY3:near
  64  0000              	extern __DELAYX3:near
  65  0000              	extern __DELAYX6:near
  66  0000              	extern __DELAYY5:near
  67  0000              	extern __DELAYY3:near
  68  0000              	extern _builtin_holtek_delay_2:byte
  69  0000              ___pscr equ [29]
  70  0000              ___tb0c equ [16]
  71  0000              ___tb1c equ [17]
  72  0000              ___intc3 equ [75]
  73  0000              ___intc0 equ [72]
  74  0000              public _timerBaseInit
  75  0000              #pragma debug scope 2 1

   5  0000              #line 5 "c:\users\tech\desktop\codetector\Timer\Timer.c"
   5  0000              _timerBaseInit .section 'code'
   5  0000              _timerBaseInit proc
  13  0000              #line 13 "c:\users\tech\desktop\codetector\Timer\Timer.c"
  13  0000  0F01        	mov a,1
  13  0001  009D        	mov [29],a
  32  0002              #line 32 "c:\users\tech\desktop\codetector\Timer\Timer.c"
  32  0002  1F10        	clr [16]
  33  0003              #line 33 "c:\users\tech\desktop\codetector\Timer\Timer.c"
  33  0003  0F87        	mov a,135
  33  0004  0091        	mov [17],a
  35  0005              #line 35 "c:\users\tech\desktop\codetector\Timer\Timer.c"
  35  0005  30CB        	set [75].1
  36  0006              #line 36 "c:\users\tech\desktop\codetector\Timer\Timer.c"
  36  0006  36CB        	clr [75].5
  38  0007              #line 38 "c:\users\tech\desktop\codetector\Timer\Timer.c"
  38  0007  304B        	set [75].0
  39  0008              #line 39 "c:\users\tech\desktop\codetector\Timer\Timer.c"
  39  0008  364B        	clr [75].4
  41  0009              #line 41 "c:\users\tech\desktop\codetector\Timer\Timer.c"
  41  0009  3048        	set [72].0
  41  000A  0003        	ret
  41  000B              _timerBaseInit endp
  41  000B              #line 41 "c:\users\tech\desktop\codetector\Timer\Timer.c"
  41  000B              #pragma debug scope 1 1
  41  000B              ___stmc0 equ [39]
  41  000B              ___stmc1 equ [40]
  41  000B              ___stmal equ [43]
  41  000B              ___stmah equ [44]
  41  000B              ___intc2 equ [74]
  41  000B              public _STimerInit
  41  000B              #pragma debug scope 3 1
  45  000B              #line 45 "c:\users\tech\desktop\codetector\Timer\Timer.c"
  45  0000              _STimerInit .section 'code'
  45  0000              _STimerInit proc
  53  0000              #line 53 "c:\users\tech\desktop\codetector\Timer\Timer.c"
  53  0000  37A7        	clr [39].7
  66  0001              #line 66 "c:\users\tech\desktop\codetector\Timer\Timer.c"
  66  0001  3627        	clr [39].4
  67  0002              #line 67 "c:\users\tech\desktop\codetector\Timer\Timer.c"
  67  0002  36A7        	clr [39].5
  68  0003              #line 68 "c:\users\tech\desktop\codetector\Timer\Timer.c"
  68  0003  3727        	clr [39].6
"File: Timer.c       Assembler  Version HGASM0202      Page 3

  76  0004              #line 76 "c:\users\tech\desktop\codetector\Timer\Timer.c"
  76  0004  31A7        	set [39].3
  90  0005              #line 90 "c:\users\tech\desktop\codetector\Timer\Timer.c"
  90  0005  3427        	clr [39].0
  91  0006              #line 91 "c:\users\tech\desktop\codetector\Timer\Timer.c"
  91  0006  34A7        	clr [39].1
  92  0007              #line 92 "c:\users\tech\desktop\codetector\Timer\Timer.c"
  92  0007  3527        	clr [39].2
 129  0008              #line 129 "c:\users\tech\desktop\codetector\Timer\Timer.c"
 129  0008  3728        	clr [40].6
 130  0009              #line 130 "c:\users\tech\desktop\codetector\Timer\Timer.c"
 130  0009  37A8        	clr [40].7
 144  000A              #line 144 "c:\users\tech\desktop\codetector\Timer\Timer.c"
 144  000A  3628        	clr [40].4
 145  000B              #line 145 "c:\users\tech\desktop\codetector\Timer\Timer.c"
 145  000B  36A8        	clr [40].5
 153  000C              #line 153 "c:\users\tech\desktop\codetector\Timer\Timer.c"
 153  000C  31A8        	set [40].3
 160  000D              #line 160 "c:\users\tech\desktop\codetector\Timer\Timer.c"
 160  000D  3528        	clr [40].2
 168  000E              #line 168 "c:\users\tech\desktop\codetector\Timer\Timer.c"
 168  000E  30A8        	set [40].1
 176  000F              #line 176 "c:\users\tech\desktop\codetector\Timer\Timer.c"
 176  000F  3028        	set [40].0
 181  0010              #line 181 "c:\users\tech\desktop\codetector\Timer\Timer.c"
 181  0010  1FAB        	set [43]
 187  0011              #line 187 "c:\users\tech\desktop\codetector\Timer\Timer.c"
 187  0011  0F03        	mov a,3
 187  0012  00AC        	mov [44],a
 189  0013              #line 189 "c:\users\tech\desktop\codetector\Timer\Timer.c"
 189  0013  31CA        	set [74].3
 190  0014              #line 190 "c:\users\tech\desktop\codetector\Timer\Timer.c"
 190  0014  33CA        	set [74].7
 190  0015  0003        	ret
 190  0016              _STimerInit endp
 190  0016              #line 190 "c:\users\tech\desktop\codetector\Timer\Timer.c"
 190  0016              #pragma debug scope 1 1
 190  0016              ___stmdl equ [41]
 190  0016              ___stmdh equ [42]
 190  0016              public _readSTimer
 190  0016              #pragma debug scope 4 1
 197  0016              #line 197 "c:\users\tech\desktop\codetector\Timer\Timer.c"
 197  0000              _readSTimer .section 'code'
 197  0000              _readSTimer proc
 198  0000              #line 198 "c:\users\tech\desktop\codetector\Timer\Timer.c"
 198  0000  072A        	mov a,[42]
 198  0001  0080     E  	mov rc,a
 198  0002  1F00     E  	clr rb
 200  0003              #line 200 "c:\users\tech\desktop\codetector\Timer\Timer.c"
 200  0003  0700     E  	mov a,rc
 200  0004  0080     E  	mov re,a
 200  0005  0729        	mov a,[41]
 200  0006  0500     E  	or a,rb
 200  0007  0080     E  	mov rd,a
 200  0008  0700     E  	mov a,rd
 200  0009  0080     E  	mov ra,a
 200  000A  0700     E  	mov a,re
 200  000B  0080     E  	mov rb,a
 200  000C  0003        	ret
 200  000D              _readSTimer endp
"File: Timer.c       Assembler  Version HGASM0202      Page 4

 200  000D              #line 200 "c:\users\tech\desktop\codetector\Timer\Timer.c"
 200  000D              #pragma debug scope 1 1
 200  000D              #pragma debug struct_end
 200  000D              #pragma debug struct_end
 200  000D              #pragma debug union_end
 200  000D              #pragma debug union_end
 200  000D              #pragma debug variable 43 1 ___tb0c "__tb0c" 1
 200  000D              #pragma debug struct_end
 200  000D              #pragma debug struct_end
 200  000D              #pragma debug union_end
 200  000D              #pragma debug union_end
 200  000D              #pragma debug variable 45 1 ___tb1c "__tb1c" 1
 200  000D              #pragma debug struct_end
 200  000D              #pragma debug struct_end
 200  000D              #pragma debug union_end
 200  000D              #pragma debug union_end
 200  000D              #pragma debug variable 47 1 ___pscr "__pscr" 1
 200  000D              #pragma debug struct_end
 200  000D              #pragma debug struct_end
 200  000D              #pragma debug union_end
 200  000D              #pragma debug union_end
 200  000D              #pragma debug variable 49 1 ___stmc0 "__stmc0" 1
 200  000D              #pragma debug struct_end
 200  000D              #pragma debug struct_end
 200  000D              #pragma debug union_end
 200  000D              #pragma debug union_end
 200  000D              #pragma debug variable 51 1 ___stmc1 "__stmc1" 1
 200  000D              #pragma debug variable 8 1 ___stmdl "__stmdl" 1
 200  000D              #pragma debug variable 8 1 ___stmdh "__stmdh" 1
 200  000D              #pragma debug variable 8 1 ___stmal "__stmal" 1
 200  000D              #pragma debug variable 8 1 ___stmah "__stmah" 1
 200  000D              #pragma debug struct_end
 200  000D              #pragma debug struct_end
 200  000D              #pragma debug union_end
 200  000D              #pragma debug union_end
 200  000D              #pragma debug variable 53 1 ___intc0 "__intc0" 1
 200  000D              #pragma debug struct_end
 200  000D              #pragma debug struct_end
 200  000D              #pragma debug union_end
 200  000D              #pragma debug union_end
 200  000D              #pragma debug variable 55 1 ___intc2 "__intc2" 1
 200  000D              #pragma debug struct_end
 200  000D              #pragma debug struct_end
 200  000D              #pragma debug union_end
 200  000D              #pragma debug union_end
 200  000D              #pragma debug variable 57 1 ___intc3 "__intc3" 1
 200  000D              
 200  000D              ; 
 200  000D              ; Generated by holtek-gcc v3.19, Sat Sep 23 12:35:34 2023
 200  000D              ; Rebuild 718
 200  000D              ; end of file


        0 Errors, 0