"File: co.c          Assembler  Version HGASM0202      Page 1


   1  0000              ; Generated by holtek-gcc v3.19, Sun Oct 01 11:37:11 2023
   2  0000              ; 
   3  0000              ; Configuration:
   4  0000              ;       with long instruction
   5  0000              ;       Single ROM, Multi-RAM
   6  0000              ;       bits_per_rom_unit:16
   7  0000              ;       with mp1
   8  0000              ;       with tbhp, address(0x9)
   9  0000              ;          Use tabrd-const
  10  0000              ;       
  11  0000              ; SFR address of long-instruction arch:
  12  0000              ;    mp0 = -1,1,0
  13  0000              ;    mp1 = 4,3,2
  14  0000              ;    mp2 = 14,13,12
  15  0000              ;    tbp = 9,7,8
  16  0000              ;    acc = 5
  17  0000              ;    pcl = 6
  18  0000              ;    status = 10
  19  0000              ;    bp = 11
  20  0000              ;    intc = 72
  21  0000              ;       
  22  0000              ;       
  23  0000              ; use 'tabrdc' instead of 'tabrd'
  24  0000              ;       
  25  0000              
  26  0000              #pragma translator "holtek-gcc 4.6.4" "3.19" "build 20130711"
  27  0000              ; Rebuild 718
  28  0000              
  29  0000              ir equ [2]
  30  0000              mp equ [3]
  31  0000              sbp equ [4]
  32  0000              acc equ [5]
  33  0000              bp equ [11]
  34  0000              tblp equ [7]
  35  0000              tbhp equ [9]
  36  0000              status equ [10]
  37  0000              c equ [10].0
  38  0000              ac equ [10].1
  39  0000              z equ [10].2
  40  0000              ov equ [10].3
  41  0000              cz equ [10].6
  42  0000              sc equ [10].7
  43  0000              intc equ [72]
  44  0000              
  45  0000              extern ra:byte
  46  0000              extern rb:byte
  47  0000              extern rc:byte
  48  0000              extern rd:byte
  49  0000              extern re:byte
  50  0000              extern rf:byte
  51  0000              extern rg:byte
  52  0000              extern rh:byte
  53  0000              extern _Crom2Prom:near
  54  0000              extern _Crom2PromNext:near
  55  0000              
  56  0000              RAMBANK 0 @BITDATASEC, @BITDATASEC1
  57  0000              @HCCINIT	.section 'data'
  58  0000              @HCCINIT0	.section 'data'
  59  0000              @BITDATASEC	 .section 'data'
"File: co.ASM        Assembler  Version HGASM0202      Page 2

  60  0000              @BITDATASEC1	 .section 'data'
  61  0000              
  62  0000              #pragma debug scope 1 1
  63  0000              	extern __DELAY3:near
  64  0000              	extern __DELAYX3:near
  65  0000              	extern __DELAYX6:near
  66  0000              	extern __DELAYY5:near
  67  0000              	extern __DELAYY3:near
  68  0000              	extern _builtin_holtek_delay_2:byte
  69  0000              public _TempToPPMPercentage
  70  0000              #pragma debug scope 2 1

 159  0000              #line 159 "c:\users\tech\desktop\codetector\co.c"
 159  0000              _TempToPPMPercentage .section 'code'
 159  0000              _TempToPPMPercentage proc
 159  0000              public _TempToPPMPercentage_2
 159  0000  0003[           local _TempToPPMPercentage_2 db 3 dup(?)	; 3,0
            00
            ]
 159  0003              #pragma debug variable 28 2 _TempToPPMPercentage_2+0 "temperatur"
 165  0003              #line 165 "c:\users\tech\desktop\codetector\co.c"
 165  0000  0700     R  	mov a,_TempToPPMPercentage_2[2]
 165  0001  0080     E  	mov _builtin_holtek_mant1[2],a
 165  0002  0700     R  	mov a,_TempToPPMPercentage_2[1]
 165  0003  0080     E  	mov _builtin_holtek_mant1[1],a
 165  0004  0700     R  	mov a,_TempToPPMPercentage_2[0]
 165  0005  0080     E  	mov _builtin_holtek_mant1[0],a
 165  0006  0F00        	mov a,0
 165  0007  0080     E  	mov _builtin_holtek_mant2[2],a
 165  0008  0F00        	mov a,0
 165  0009  0080     E  	mov _builtin_holtek_mant2[1],a
 165  000A  0F00        	mov a,0
 165  000B  0080     E  	mov _builtin_holtek_mant2[0],a
 165  000C  2000     E  	call _builtin_holtek_ftsub
 165  000D  3800     E  	snz _builtin_holtek_mant1[2].7
 165  000E  2800     R  	jmp _L12
 165  000F  2800     R  	jmp _L2
 165  0010              _L12:
 165  0010              #line 165 "c:\users\tech\desktop\codetector\co.c"
 165  0010  0700     R  	mov a,_TempToPPMPercentage_2[2]
 165  0011  0080     E  	mov _builtin_holtek_mant1[2],a
 165  0012  0700     R  	mov a,_TempToPPMPercentage_2[1]
 165  0013  0080     E  	mov _builtin_holtek_mant1[1],a
 165  0014  0700     R  	mov a,_TempToPPMPercentage_2[0]
 165  0015  0080     E  	mov _builtin_holtek_mant1[0],a
 165  0016  0F41        	mov a,65
 165  0017  0080     E  	mov _builtin_holtek_mant2[2],a
 165  0018  0FA0        	mov a,160
 165  0019  0080     E  	mov _builtin_holtek_mant2[1],a
 165  001A  0F00        	mov a,0
 165  001B  0080     E  	mov _builtin_holtek_mant2[0],a
 165  001C  2000     E  	call _builtin_holtek_ftsub
 165  001D  3C00     E  	sz _builtin_holtek_mant1[2].7
 165  001E  2800     R  	jmp _L13
 165  001F  2800     R  	jmp _L2
 165  0020              _L13:
 167  0020              #line 167 "c:\users\tech\desktop\codetector\co.c"
 167  0020  0700     R  	mov a,_TempToPPMPercentage_2[0]
 167  0021  0080     E  	mov re,a
 167  0022  0700     R  	mov a,_TempToPPMPercentage_2[1]
"File: co.c          Assembler  Version HGASM0202      Page 3

 167  0023  0080     E  	mov rf,a
 167  0024  0700     R  	mov a,_TempToPPMPercentage_2[2]
 167  0025  0080     E  	mov rg,a
 167  0026  1F00     E  	clr rd
 167  0027  0700     E  	mov a,rg
 167  0028  0080     E  	mov _builtin_holtek_mant12p[0],a
 167  0029  0700     E  	mov a,rf
 167  002A  0080     E  	mov _builtin_holtek_mant1[2],a
 167  002B  0700     E  	mov a,re
 167  002C  0080     E  	mov _builtin_holtek_mant1[1],a
 167  002D  0700     E  	mov a,rd
 167  002E  0080     E  	mov _builtin_holtek_mant1[0],a
 167  002F  0F3B        	mov a,59
 167  0030  0080     E  	mov _builtin_holtek_mant12p[1],a
 167  0031  0F23        	mov a,35
 167  0032  0080     E  	mov _builtin_holtek_mant2[2],a
 167  0033  0FD7        	mov a,215
 167  0034  0080     E  	mov _builtin_holtek_mant2[1],a
 167  0035  0F0A        	mov a,10
 167  0036  0080     E  	mov _builtin_holtek_mant2[0],a
 167  0037  2000     E  	call _builtin_holtek_dtmul
 167  0038  0700     E  	mov a,_builtin_holtek_mant12p[0]
 167  0039  0080     E  	mov rg,a
 167  003A  0700     E  	mov a,_builtin_holtek_mant1[2]
 167  003B  0080     E  	mov rf,a
 167  003C  0700     E  	mov a,_builtin_holtek_mant1[1]
 167  003D  0080     E  	mov re,a
 167  003E  0700     E  	mov a,_builtin_holtek_mant1[0]
 167  003F  0080     E  	mov rd,a
 167  0040  0700     E  	mov a,rg
 167  0041  0080     E  	mov _builtin_holtek_mant12p[0],a
 167  0042  0700     E  	mov a,rf
 167  0043  0080     E  	mov _builtin_holtek_mant1[2],a
 167  0044  0700     E  	mov a,re
 167  0045  0080     E  	mov _builtin_holtek_mant1[1],a
 167  0046  0700     E  	mov a,rd
 167  0047  0080     E  	mov _builtin_holtek_mant1[0],a
 167  0048  0F3F        	mov a,63
 167  0049  0080     E  	mov _builtin_holtek_mant12p[1],a
 167  004A  0F40        	mov a,64
 167  004B  0080     E  	mov _builtin_holtek_mant2[2],a
 167  004C  0F00        	mov a,0
 167  004D  0080     E  	mov _builtin_holtek_mant2[1],a
 167  004E  0F00        	mov a,0
 167  004F  0080     E  	mov _builtin_holtek_mant2[0],a
 167  0050  2000     E  	call _builtin_holtek_dtadd
 167  0051  0700     E  	mov a,_builtin_holtek_mant12p[0]
 167  0052  0080     E  	mov rg,a
 167  0053  0700     E  	mov a,_builtin_holtek_mant1[2]
 167  0054  0080     E  	mov rf,a
 167  0055  0700     E  	mov a,_builtin_holtek_mant1[1]
 167  0056  0080     E  	mov re,a
 167  0057  0700     E  	mov a,_builtin_holtek_mant1[0]
 167  0058  0080     E  	mov rd,a
 167  0059  2800     R  	jmp _L18
 167  005A              _L2:
 169  005A              #line 169 "c:\users\tech\desktop\codetector\co.c"
 169  005A  0700     R  	mov a,_TempToPPMPercentage_2[2]
 169  005B  0080     E  	mov _builtin_holtek_mant1[2],a
 169  005C  0700     R  	mov a,_TempToPPMPercentage_2[1]
"File: co.c          Assembler  Version HGASM0202      Page 4

 169  005D  0080     E  	mov _builtin_holtek_mant1[1],a
 169  005E  0700     R  	mov a,_TempToPPMPercentage_2[0]
 169  005F  0080     E  	mov _builtin_holtek_mant1[0],a
 169  0060  0F41        	mov a,65
 169  0061  0080     E  	mov _builtin_holtek_mant2[2],a
 169  0062  0FA0        	mov a,160
 169  0063  0080     E  	mov _builtin_holtek_mant2[1],a
 169  0064  0F00        	mov a,0
 169  0065  0080     E  	mov _builtin_holtek_mant2[0],a
 169  0066  2000     E  	call _builtin_holtek_ftsub
 169  0067  3800     E  	snz _builtin_holtek_mant1[2].7
 169  0068  2800     R  	jmp _L14
 169  0069  2800     R  	jmp _L6
 169  006A              _L14:
 169  006A  0700     R  	mov a,_TempToPPMPercentage_2[2]
 169  006B  0080     E  	mov _builtin_holtek_mant1[2],a
 169  006C  0700     R  	mov a,_TempToPPMPercentage_2[1]
 169  006D  0080     E  	mov _builtin_holtek_mant1[1],a
 169  006E  0700     R  	mov a,_TempToPPMPercentage_2[0]
 169  006F  0080     E  	mov _builtin_holtek_mant1[0],a
 169  0070  0F42        	mov a,66
 169  0071  0080     E  	mov _builtin_holtek_mant2[2],a
 169  0072  0F48        	mov a,72
 169  0073  0080     E  	mov _builtin_holtek_mant2[1],a
 169  0074  0F00        	mov a,0
 169  0075  0080     E  	mov _builtin_holtek_mant2[0],a
 169  0076  2000     E  	call _builtin_holtek_ftsub
 169  0077  3C00     E  	sz _builtin_holtek_mant1[2].7
 169  0078  2800     R  	jmp _L15
 169  0079  2800     R  	jmp _L6
 169  007A              _L15:
 171  007A              #line 171 "c:\users\tech\desktop\codetector\co.c"
 171  007A  0700     R  	mov a,_TempToPPMPercentage_2[2]
 171  007B  0080     E  	mov _builtin_holtek_mant1[2],a
 171  007C  0700     R  	mov a,_TempToPPMPercentage_2[1]
 171  007D  0080     E  	mov _builtin_holtek_mant1[1],a
 171  007E  0700     R  	mov a,_TempToPPMPercentage_2[0]
 171  007F  0080     E  	mov _builtin_holtek_mant1[0],a
 171  0080  0F41        	mov a,65
 171  0081  0080     E  	mov _builtin_holtek_mant2[2],a
 171  0082  0FA0        	mov a,160
 171  0083  0080     E  	mov _builtin_holtek_mant2[1],a
 171  0084  0F00        	mov a,0
 171  0085  0080     E  	mov _builtin_holtek_mant2[0],a
 171  0086  2000     E  	call _builtin_holtek_ftsub
 171  0087  0700     E  	mov a,_builtin_holtek_mant1[2]
 171  0088  0080     E  	mov re,a
 171  0089  0700     E  	mov a,_builtin_holtek_mant1[1]
 171  008A  0080     E  	mov rd,a
 171  008B  0700     E  	mov a,_builtin_holtek_mant1[0]
 171  008C  0080     E  	mov rc,a
 171  008D  0700     E  	mov a,re
 171  008E  0080     E  	mov rg,a
 171  008F  0700     E  	mov a,rd
 171  0090  0080     E  	mov rf,a
 171  0091  0700     E  	mov a,rc
 171  0092  0080     E  	mov re,a
 171  0093  1F00     E  	clr rd
 171  0094  0700     E  	mov a,rg
 171  0095  0080     E  	mov _builtin_holtek_mant12p[0],a
"File: co.c          Assembler  Version HGASM0202      Page 5

 171  0096  0700     E  	mov a,rf
 171  0097  0080     E  	mov _builtin_holtek_mant1[2],a
 171  0098  0700     E  	mov a,re
 171  0099  0080     E  	mov _builtin_holtek_mant1[1],a
 171  009A  0700     E  	mov a,rd
 171  009B  0080     E  	mov _builtin_holtek_mant1[0],a
 171  009C  0F3C        	mov a,60
 171  009D  0080     E  	mov _builtin_holtek_mant12p[1],a
 171  009E  0F3E        	mov a,62
 171  009F  0080     E  	mov _builtin_holtek_mant2[2],a
 171  00A0  0F0D        	mov a,13
 171  00A1  0080     E  	mov _builtin_holtek_mant2[1],a
 171  00A2  0FED        	mov a,237
 171  00A3  0080     E  	mov _builtin_holtek_mant2[0],a
 171  00A4  2000     E  	call _builtin_holtek_dtmul
 171  00A5  0700     E  	mov a,_builtin_holtek_mant12p[0]
 171  00A6  0080     E  	mov rg,a
 171  00A7  0700     E  	mov a,_builtin_holtek_mant1[2]
 171  00A8  0080     E  	mov rf,a
 171  00A9  0700     E  	mov a,_builtin_holtek_mant1[1]
 171  00AA  0080     E  	mov re,a
 171  00AB  0700     E  	mov a,_builtin_holtek_mant1[0]
 171  00AC  0080     E  	mov rd,a
 171  00AD  0700     E  	mov a,rg
 171  00AE  0080     E  	mov _builtin_holtek_mant12p[0],a
 171  00AF  0700     E  	mov a,rf
 171  00B0  0080     E  	mov _builtin_holtek_mant1[2],a
 171  00B1  0700     E  	mov a,re
 171  00B2  0080     E  	mov _builtin_holtek_mant1[1],a
 171  00B3  0700     E  	mov a,rd
 171  00B4  0080     E  	mov _builtin_holtek_mant1[0],a
 171  00B5  0F3D        	mov a,61
 171  00B6  0080     E  	mov _builtin_holtek_mant12p[1],a
 171  00B7  0FCC        	mov a,204
 171  00B8  0080     E  	mov _builtin_holtek_mant2[2],a
 171  00B9  0FCC        	mov a,204
 171  00BA  0080     E  	mov _builtin_holtek_mant2[1],a
 171  00BB  0FCD        	mov a,205
 171  00BC  0080     E  	mov _builtin_holtek_mant2[0],a
 171  00BD  2000     E  	call _builtin_holtek_dtadd
 171  00BE  0700     E  	mov a,_builtin_holtek_mant12p[0]
 171  00BF  0080     E  	mov rg,a
 171  00C0  0700     E  	mov a,_builtin_holtek_mant1[2]
 171  00C1  0080     E  	mov rf,a
 171  00C2  0700     E  	mov a,_builtin_holtek_mant1[1]
 171  00C3  0080     E  	mov re,a
 171  00C4  0700     E  	mov a,_builtin_holtek_mant1[0]
 171  00C5  0080     E  	mov rd,a
 171  00C6  2800     R  	jmp _L18
 171  00C7              _L6:
 173  00C7              #line 173 "c:\users\tech\desktop\codetector\co.c"
 173  00C7  0700     R  	mov a,_TempToPPMPercentage_2[2]
 173  00C8  0080     E  	mov _builtin_holtek_mant1[2],a
 173  00C9  0700     R  	mov a,_TempToPPMPercentage_2[1]
 173  00CA  0080     E  	mov _builtin_holtek_mant1[1],a
 173  00CB  0700     R  	mov a,_TempToPPMPercentage_2[0]
 173  00CC  0080     E  	mov _builtin_holtek_mant1[0],a
 173  00CD  0F42        	mov a,66
 173  00CE  0080     E  	mov _builtin_holtek_mant2[2],a
 173  00CF  0F48        	mov a,72
"File: co.c          Assembler  Version HGASM0202      Page 6

 173  00D0  0080     E  	mov _builtin_holtek_mant2[1],a
 173  00D1  0F00        	mov a,0
 173  00D2  0080     E  	mov _builtin_holtek_mant2[0],a
 173  00D3  2000     E  	call _builtin_holtek_ftsub
 173  00D4  3800     E  	snz _builtin_holtek_mant1[2].7
 173  00D5  2800     R  	jmp _L16
 173  00D6  2800     R  	jmp _L9
 173  00D7              _L16:
 173  00D7  0700     R  	mov a,_TempToPPMPercentage_2[2]
 173  00D8  0080     E  	mov _builtin_holtek_mant1[2],a
 173  00D9  0700     R  	mov a,_TempToPPMPercentage_2[1]
 173  00DA  0080     E  	mov _builtin_holtek_mant1[1],a
 173  00DB  0700     R  	mov a,_TempToPPMPercentage_2[0]
 173  00DC  0080     E  	mov _builtin_holtek_mant1[0],a
 173  00DD  0F42        	mov a,66
 173  00DE  0080     E  	mov _builtin_holtek_mant2[2],a
 173  00DF  0F8C        	mov a,140
 173  00E0  0080     E  	mov _builtin_holtek_mant2[1],a
 173  00E1  0F00        	mov a,0
 173  00E2  0080     E  	mov _builtin_holtek_mant2[0],a
 173  00E3  2000     E  	call _builtin_holtek_ftsub
 173  00E4  3C00     E  	sz _builtin_holtek_mant1[2].7
 173  00E5  2800     R  	jmp _L17
 173  00E6  0700     E  	mov a,_builtin_holtek_mant1[2]
 173  00E7  0500     E  	or a,_builtin_holtek_mant1[1]
 173  00E8  0500     E  	or a,_builtin_holtek_mant1[0]
 173  00E9  3D0A        	sz z
 173  00EA  2800     R  	jmp _L17
 173  00EB  2800     R  	jmp _L9
 173  00EC              _L17:
 175  00EC              #line 175 "c:\users\tech\desktop\codetector\co.c"
 175  00EC  0700     R  	mov a,_TempToPPMPercentage_2[2]
 175  00ED  0080     E  	mov _builtin_holtek_mant1[2],a
 175  00EE  0700     R  	mov a,_TempToPPMPercentage_2[1]
 175  00EF  0080     E  	mov _builtin_holtek_mant1[1],a
 175  00F0  0700     R  	mov a,_TempToPPMPercentage_2[0]
 175  00F1  0080     E  	mov _builtin_holtek_mant1[0],a
 175  00F2  0F42        	mov a,66
 175  00F3  0080     E  	mov _builtin_holtek_mant2[2],a
 175  00F4  0F48        	mov a,72
 175  00F5  0080     E  	mov _builtin_holtek_mant2[1],a
 175  00F6  0F00        	mov a,0
 175  00F7  0080     E  	mov _builtin_holtek_mant2[0],a
 175  00F8  2000     E  	call _builtin_holtek_ftsub
 175  00F9  0700     E  	mov a,_builtin_holtek_mant1[2]
 175  00FA  0080     E  	mov re,a
 175  00FB  0700     E  	mov a,_builtin_holtek_mant1[1]
 175  00FC  0080     E  	mov rd,a
 175  00FD  0700     E  	mov a,_builtin_holtek_mant1[0]
 175  00FE  0080     E  	mov rc,a
 175  00FF  0700     E  	mov a,re
 175  0100  0080     E  	mov rg,a
 175  0101  0700     E  	mov a,rd
 175  0102  0080     E  	mov rf,a
 175  0103  0700     E  	mov a,rc
 175  0104  0080     E  	mov re,a
 175  0105  1F00     E  	clr rd
 175  0106  0700     E  	mov a,rg
 175  0107  0080     E  	mov _builtin_holtek_mant12p[0],a
 175  0108  0700     E  	mov a,rf
"File: co.c          Assembler  Version HGASM0202      Page 7

 175  0109  0080     E  	mov _builtin_holtek_mant1[2],a
 175  010A  0700     E  	mov a,re
 175  010B  0080     E  	mov _builtin_holtek_mant1[1],a
 175  010C  0700     E  	mov a,rd
 175  010D  0080     E  	mov _builtin_holtek_mant1[0],a
 175  010E  0F3B        	mov a,59
 175  010F  0080     E  	mov _builtin_holtek_mant12p[1],a
 175  0110  0FA3        	mov a,163
 175  0111  0080     E  	mov _builtin_holtek_mant2[2],a
 175  0112  0FD7        	mov a,215
 175  0113  0080     E  	mov _builtin_holtek_mant2[1],a
 175  0114  0F0A        	mov a,10
 175  0115  0080     E  	mov _builtin_holtek_mant2[0],a
 175  0116  2000     E  	call _builtin_holtek_dtmul
 175  0117  0700     E  	mov a,_builtin_holtek_mant12p[0]
 175  0118  0080     E  	mov rg,a
 175  0119  0700     E  	mov a,_builtin_holtek_mant1[2]
 175  011A  0080     E  	mov rf,a
 175  011B  0700     E  	mov a,_builtin_holtek_mant1[1]
 175  011C  0080     E  	mov re,a
 175  011D  0700     E  	mov a,_builtin_holtek_mant1[0]
 175  011E  0080     E  	mov rd,a
 175  011F  0700     E  	mov a,rg
 175  0120  0080     E  	mov _builtin_holtek_mant12p[0],a
 175  0121  0700     E  	mov a,rf
 175  0122  0080     E  	mov _builtin_holtek_mant1[2],a
 175  0123  0700     E  	mov a,re
 175  0124  0080     E  	mov _builtin_holtek_mant1[1],a
 175  0125  0700     E  	mov a,rd
 175  0126  0080     E  	mov _builtin_holtek_mant1[0],a
 175  0127  0F3E        	mov a,62
 175  0128  0080     E  	mov _builtin_holtek_mant12p[1],a
 175  0129  0F0A        	mov a,10
 175  012A  0080     E  	mov _builtin_holtek_mant2[2],a
 175  012B  0F3D        	mov a,61
 175  012C  0080     E  	mov _builtin_holtek_mant2[1],a
 175  012D  0F71        	mov a,113
 175  012E  0080     E  	mov _builtin_holtek_mant2[0],a
 175  012F  2000     E  	call _builtin_holtek_dtadd
 175  0130  0700     E  	mov a,_builtin_holtek_mant12p[0]
 175  0131  0080     E  	mov rg,a
 175  0132  0700     E  	mov a,_builtin_holtek_mant1[2]
 175  0133  0080     E  	mov rf,a
 175  0134  0700     E  	mov a,_builtin_holtek_mant1[1]
 175  0135  0080     E  	mov re,a
 175  0136  0700     E  	mov a,_builtin_holtek_mant1[0]
 175  0137  0080     E  	mov rd,a
 175  0138              _L18:
 175  0138  0700     E  	mov a,re
 175  0139  0080     E  	mov rc,a
 175  013A  0700     E  	mov a,rf
 175  013B  0080     E  	mov rd,a
 175  013C  0700     E  	mov a,rg
 175  013D  0080     E  	mov re,a
 175  013E  0700     E  	mov a,rc
 175  013F  0080     E  	mov ra,a
 175  0140  0700     E  	mov a,rd
 175  0141  0080     E  	mov rb,a
 175  0142  0700     E  	mov a,re
 175  0143  0080     E  	mov rc,a
"File: co.c          Assembler  Version HGASM0202      Page 8

 175  0144  2800     R  	jmp _L1
 175  0145              _L9:
 175  0145              _L1:
 175  0145  0003        	ret
 175  0146              _TempToPPMPercentage endp
 175  0146              #line 175 "c:\users\tech\desktop\codetector\co.c"
 175  0146              #pragma debug scope 1 1
 175  0146              ___status equ [10]
 175  0146              ___isgenc equ [93]
 175  0146              ___vbgrc equ [11]
 175  0146              ___sda0c equ [35]
 175  0146              ___sda1c equ [37]
 175  0146              ___papu equ [22]
 175  0146              ___pawu equ [23]
 175  0146              public _main
 175  0146              #pragma debug scope 3 1
  55  0146              #line 55 "c:\users\tech\desktop\codetector\co.c"
  55  0146              IFDEF WITH_DEFAULT_STARTUP
  55  0146              extern _main_initial0:near
  55  0146              extern _main_startup:near
  55  0146              ENDIF
  55  0146              
  55  0146              ROMBANK 0 @start
  55  0000              @start .section com_l 'code'
  55  0000              _main_startup1:
  55  0000              @start .section com_e 'code'
  55  0000  2800     R  	jmp _main
  55  0001              
  55  0000              _main .section 'code'
  55  0000              _main proc
  55  0000  0003[           local _main_2 db 3 dup(?)
            00
            ]
  57  0003              #line 57 "c:\users\tech\desktop\codetector\co.c"
  57  0000  3E8A        	sz [10].5
  57  0001  2800     R  	jmp _L21
  59  0002              #line 59 "c:\users\tech\desktop\codetector\co.c"
  59  0002  1F00     R  	clr _alarmCounter[0]
  59  0003  1F00     R  	clr _alarmCounter[1]
  59  0004              _L21:
  62  0004              #line 62 "c:\users\tech\desktop\codetector\co.c"
  62  0004  2000     E  	call _ClockInit
  63  0005              #line 63 "c:\users\tech\desktop\codetector\co.c"
  63  0005  2000     E  	call _GPIOInit
  64  0006              #line 64 "c:\users\tech\desktop\codetector\co.c"
  64  0006  2000     E  	call _GPIOToGNDCurentInit
  65  0007              #line 65 "c:\users\tech\desktop\codetector\co.c"
  65  0007  2000     E  	call _OPAMPInit
  66  0008              #line 66 "c:\users\tech\desktop\codetector\co.c"
  66  0008  2000     E  	call _S_ADC_Init
  67  0009              #line 67 "c:\users\tech\desktop\codetector\co.c"
  67  0009  2000     E  	call _PTimerInit
  68  000A              #line 68 "c:\users\tech\desktop\codetector\co.c"
  68  000A  0F00        	mov a,0
  68  000B  2000     E  	call _PWMSeter
  70  000C              #line 70 "c:\users\tech\desktop\codetector\co.c"
  70  000C  305D        	set [93].0
  71  000D              #line 71 "c:\users\tech\desktop\codetector\co.c"
  71  000D  34DD        	clr [93].1
  72  000E              #line 72 "c:\users\tech\desktop\codetector\co.c"
"File: co.c          Assembler  Version HGASM0202      Page 9

  72  000E  300B        	set [11].0
  73  000F              #line 73 "c:\users\tech\desktop\codetector\co.c"
  73  000F  3323        	set [35].6
  74  0010              #line 74 "c:\users\tech\desktop\codetector\co.c"
  74  0010  3325        	set [37].6
  77  0011              #line 77 "c:\users\tech\desktop\codetector\co.c"
  77  0011  2000     E  	call _clearSegment
  78  0012              #line 78 "c:\users\tech\desktop\codetector\co.c"
  78  0012  3216        	set [22].4
  79  0013              #line 79 "c:\users\tech\desktop\codetector\co.c"
  79  0013  3217        	set [23].4
  80  0014              #line 80 "c:\users\tech\desktop\codetector\co.c"
  80  0014  0F38        	mov a,56
  80  0015  0097        	mov [23],a
  83  0016              #line 83 "c:\users\tech\desktop\codetector\co.c"
  83  0016  0F04        	mov a,4
  83  0017  2000     E  	call _S_READ_ADC
  83  0018  0700     E  	mov a,rb
  83  0019  0080     E  	mov _builtin_holtek_mant1[1],a
  83  001A  0700     E  	mov a,ra
  83  001B  0080     E  	mov _builtin_holtek_mant1[0],a
  83  001C  3400     E  	clr _builtin_holtek_signs.0
  83  001D  2000     E  	call _builtin_holtek_uitod
  83  001E  0700     E  	mov a,_builtin_holtek_mant12p[0]
  83  001F  0080     E  	mov rh,a
  83  0020  0700     E  	mov a,_builtin_holtek_mant1[2]
  83  0021  0080     E  	mov rg,a
  83  0022  0700     E  	mov a,_builtin_holtek_mant1[1]
  83  0023  0080     E  	mov rf,a
  83  0024  0700     E  	mov a,_builtin_holtek_mant1[0]
  83  0025  0080     E  	mov re,a
  83  0026  1F00     E  	clr ra
  83  0027  0FF0        	mov a,-16
  83  0028  0080     E  	mov rb,a
  83  0029  0F7F        	mov a,127
  83  002A  0080     E  	mov rc,a
  83  002B  0F45        	mov a,69
  83  002C  0080     E  	mov rd,a
  83  002D  0700     E  	mov a,rd
  83  002E  0080     E  	mov _builtin_holtek_mant12p[0],a
  83  002F  0700     E  	mov a,rc
  83  0030  0080     E  	mov _builtin_holtek_mant1[2],a
  83  0031  0700     E  	mov a,rb
  83  0032  0080     E  	mov _builtin_holtek_mant1[1],a
  83  0033  0700     E  	mov a,ra
  83  0034  0080     E  	mov _builtin_holtek_mant1[0],a
  83  0035  0700     E  	mov a,rh
  83  0036  0080     E  	mov _builtin_holtek_mant12p[1],a
  83  0037  0700     E  	mov a,rg
  83  0038  0080     E  	mov _builtin_holtek_mant2[2],a
  83  0039  0700     E  	mov a,rf
  83  003A  0080     E  	mov _builtin_holtek_mant2[1],a
  83  003B  0700     E  	mov a,re
  83  003C  0080     E  	mov _builtin_holtek_mant2[0],a
  83  003D  2000     E  	call _builtin_holtek_dtdiv
  83  003E  0700     E  	mov a,_builtin_holtek_mant12p[0]
  83  003F  0080     E  	mov rh,a
  83  0040  0700     E  	mov a,_builtin_holtek_mant1[2]
  83  0041  0080     E  	mov rg,a
  83  0042  0700     E  	mov a,_builtin_holtek_mant1[1]
"File: co.c          Assembler  Version HGASM0202      Page 10

  83  0043  0080     E  	mov rf,a
  83  0044  0700     E  	mov a,_builtin_holtek_mant1[0]
  83  0045  0080     E  	mov re,a
  83  0046  0700     E  	mov a,rh
  83  0047  0080     E  	mov _builtin_holtek_mant12p[0],a
  83  0048  0700     E  	mov a,rg
  83  0049  0080     E  	mov _builtin_holtek_mant1[2],a
  83  004A  0700     E  	mov a,rf
  83  004B  0080     E  	mov _builtin_holtek_mant1[1],a
  83  004C  0700     E  	mov a,re
  83  004D  0080     E  	mov _builtin_holtek_mant1[0],a
  83  004E  0F3F        	mov a,63
  83  004F  0080     E  	mov _builtin_holtek_mant12p[1],a
  83  0050  0F99        	mov a,153
  83  0051  0080     E  	mov _builtin_holtek_mant2[2],a
  83  0052  0F99        	mov a,153
  83  0053  0080     E  	mov _builtin_holtek_mant2[1],a
  83  0054  0F9A        	mov a,154
  83  0055  0080     E  	mov _builtin_holtek_mant2[0],a
  83  0056  2000     E  	call _builtin_holtek_dtmul
  83  0057  0700     E  	mov a,_builtin_holtek_mant12p[0]
  83  0058  0080     E  	mov rg,a
  83  0059  0700     E  	mov a,_builtin_holtek_mant1[2]
  83  005A  0080     E  	mov rf,a
  83  005B  0700     E  	mov a,_builtin_holtek_mant1[1]
  83  005C  0080     E  	mov re,a
  83  005D  0700     E  	mov a,_builtin_holtek_mant1[0]
  83  005E  0080     E  	mov rd,a
  83  005F  0700     E  	mov a,rg
  83  0060  0080     R  	mov _main_2[2],a
  83  0061  0700     E  	mov a,rf
  83  0062  0080     R  	mov _main_2[1],a
  83  0063  0700     E  	mov a,re
  83  0064  0080     R  	mov _main_2[0],a
  83  0065  0700     R  	mov a,_main_2[0]
  83  0066  0080     R  	mov _VDD[0],a
  83  0067  0700     R  	mov a,_main_2[1]
  83  0068  0080     R  	mov _VDD[1],a
  83  0069  0700     R  	mov a,_main_2[2]
  83  006A  0080     R  	mov _VDD[2],a
  84  006B              #line 84 "c:\users\tech\desktop\codetector\co.c"
  84  006B  0F01        	mov a,1
  84  006C  2000     E  	call _S_READ_ADC
  84  006D  0700     R  	mov a,_main_2[0]
  84  006E  0080     E  	mov _temperature_2[2],a
  84  006F  0700     R  	mov a,_main_2[1]
  84  0070  0080     E  	mov _temperature_2[3],a
  84  0071  0700     R  	mov a,_main_2[2]
  84  0072  0080     E  	mov _temperature_2[4],a
  84  0073  0700     E  	mov a,ra
  84  0074  0080     E  	mov _temperature_2[0],a
  84  0075  0700     E  	mov a,rb
  84  0076  0080     E  	mov _temperature_2[1],a
  84  0077  2000     E  	call _temperature
  84  0078  0700     E  	mov a,ra
  84  0079  0080     R  	mov _temperatur[0],a
  84  007A  0700     E  	mov a,rb
  84  007B  0080     R  	mov _temperatur[1],a
  84  007C  0700     E  	mov a,rc
  84  007D  0080     R  	mov _temperatur[2],a
"File: co.c          Assembler  Version HGASM0202      Page 11

  85  007E              #line 85 "c:\users\tech\desktop\codetector\co.c"
  85  007E  0F05        	mov a,5
  85  007F  2000     E  	call _S_READ_ADC
  85  0080  0700     E  	mov a,rb
  85  0081  0080     E  	mov _builtin_holtek_mant1[1],a
  85  0082  0700     E  	mov a,ra
  85  0083  0080     E  	mov _builtin_holtek_mant1[0],a
  85  0084  3400     E  	clr _builtin_holtek_signs.0
  85  0085  2000     E  	call _builtin_holtek_uitof
  85  0086  0700     E  	mov a,_builtin_holtek_mant1[2]
  85  0087  0080     E  	mov rh,a
  85  0088  0700     E  	mov a,_builtin_holtek_mant1[1]
  85  0089  0080     E  	mov rg,a
  85  008A  0700     E  	mov a,_builtin_holtek_mant1[0]
  85  008B  0080     E  	mov rf,a
  85  008C  0700     R  	mov a,_VDD[2]
  85  008D  0080     E  	mov _builtin_holtek_mant1[2],a
  85  008E  0700     R  	mov a,_VDD[1]
  85  008F  0080     E  	mov _builtin_holtek_mant1[1],a
  85  0090  0700     R  	mov a,_VDD[0]
  85  0091  0080     E  	mov _builtin_holtek_mant1[0],a
  85  0092  0F45        	mov a,69
  85  0093  0080     E  	mov _builtin_holtek_mant2[2],a
  85  0094  0F7F        	mov a,127
  85  0095  0080     E  	mov _builtin_holtek_mant2[1],a
  85  0096  0FF0        	mov a,240
  85  0097  0080     E  	mov _builtin_holtek_mant2[0],a
  85  0098  2000     E  	call _builtin_holtek_ftdiv
  85  0099  0700     E  	mov a,_builtin_holtek_mant1[2]
  85  009A  0080     E  	mov re,a
  85  009B  0700     E  	mov a,_builtin_holtek_mant1[1]
  85  009C  0080     E  	mov rd,a
  85  009D  0700     E  	mov a,_builtin_holtek_mant1[0]
  85  009E  0080     E  	mov rc,a
  85  009F  0700     E  	mov a,rh
  85  00A0  0080     E  	mov _builtin_holtek_mant1[2],a
  85  00A1  0700     E  	mov a,rg
  85  00A2  0080     E  	mov _builtin_holtek_mant1[1],a
  85  00A3  0700     E  	mov a,rf
  85  00A4  0080     E  	mov _builtin_holtek_mant1[0],a
  85  00A5  0700     E  	mov a,re
  85  00A6  0080     E  	mov _builtin_holtek_mant2[2],a
  85  00A7  0700     E  	mov a,rd
  85  00A8  0080     E  	mov _builtin_holtek_mant2[1],a
  85  00A9  0700     E  	mov a,rc
  85  00AA  0080     E  	mov _builtin_holtek_mant2[0],a
  85  00AB  2000     E  	call _builtin_holtek_ftmul
  85  00AC  0700     E  	mov a,_builtin_holtek_mant1[2]
  85  00AD  0080     R  	mov _main_2[2],a
  85  00AE  0700     E  	mov a,_builtin_holtek_mant1[1]
  85  00AF  0080     R  	mov _main_2[1],a
  85  00B0  0700     E  	mov a,_builtin_holtek_mant1[0]
  85  00B1  0080     R  	mov _main_2[0],a
  85  00B2  0700     R  	mov a,_main_2[0]
  85  00B3  0080     R  	mov _VAmplifier1[0],a
  85  00B4  0700     R  	mov a,_main_2[1]
  85  00B5  0080     R  	mov _VAmplifier1[1],a
  85  00B6  0700     R  	mov a,_main_2[2]
  85  00B7  0080     R  	mov _VAmplifier1[2],a
  87  00B8              #line 87 "c:\users\tech\desktop\codetector\co.c"
"File: co.c          Assembler  Version HGASM0202      Page 12

  87  00B8  0700     R  	mov a,_temperatur[0]
  87  00B9  0080     R  	mov _TempToPPMPercentage_2[0],a
  87  00BA  0700     R  	mov a,_temperatur[1]
  87  00BB  0080     R  	mov _TempToPPMPercentage_2[1],a
  87  00BC  0700     R  	mov a,_temperatur[2]
  87  00BD  0080     R  	mov _TempToPPMPercentage_2[2],a
  87  00BE  2000     R  	call _TempToPPMPercentage
  87  00BF  0700     E  	mov a,rc
  87  00C0  0080     E  	mov _builtin_holtek_mant1[2],a
  87  00C1  0700     E  	mov a,rb
  87  00C2  0080     E  	mov _builtin_holtek_mant1[1],a
  87  00C3  0700     E  	mov a,ra
  87  00C4  0080     E  	mov _builtin_holtek_mant1[0],a
  87  00C5  0F41        	mov a,65
  87  00C6  0080     E  	mov _builtin_holtek_mant2[2],a
  87  00C7  0F20        	mov a,32
  87  00C8  0080     E  	mov _builtin_holtek_mant2[1],a
  87  00C9  0F00        	mov a,0
  87  00CA  0080     E  	mov _builtin_holtek_mant2[0],a
  87  00CB  2000     E  	call _builtin_holtek_ftmul
  87  00CC  0700     E  	mov a,_builtin_holtek_mant1[2]
  87  00CD  0080     E  	mov rc,a
  87  00CE  0700     E  	mov a,_builtin_holtek_mant1[1]
  87  00CF  0080     E  	mov rb,a
  87  00D0  0700     E  	mov a,_builtin_holtek_mant1[0]
  87  00D1  0080     E  	mov ra,a
  86  00D2              #line 86 "c:\users\tech\desktop\codetector\co.c"
  86  00D2  0700     R  	mov a,_main_2[0]
  86  00D3  0080     E  	mov re,a
  86  00D4  0700     R  	mov a,_main_2[1]
  86  00D5  0080     E  	mov rf,a
  86  00D6  0700     R  	mov a,_main_2[2]
  86  00D7  0080     E  	mov rg,a
  86  00D8  1F00     E  	clr rd
  86  00D9  0700     E  	mov a,rg
  86  00DA  0080     E  	mov _builtin_holtek_mant12p[0],a
  86  00DB  0700     E  	mov a,rf
  86  00DC  0080     E  	mov _builtin_holtek_mant1[2],a
  86  00DD  0700     E  	mov a,re
  86  00DE  0080     E  	mov _builtin_holtek_mant1[1],a
  86  00DF  0700     E  	mov a,rd
  86  00E0  0080     E  	mov _builtin_holtek_mant1[0],a
  86  00E1  0F40        	mov a,64
  86  00E2  0080     E  	mov _builtin_holtek_mant12p[1],a
  86  00E3  0FF5        	mov a,245
  86  00E4  0080     E  	mov _builtin_holtek_mant2[2],a
  86  00E5  0F55        	mov a,85
  86  00E6  0080     E  	mov _builtin_holtek_mant2[1],a
  86  00E7  0F55        	mov a,85
  86  00E8  0080     E  	mov _builtin_holtek_mant2[0],a
  86  00E9  2000     E  	call _builtin_holtek_dtdiv
  86  00EA  0700     E  	mov a,_builtin_holtek_mant12p[0]
  86  00EB  0080     E  	mov rg,a
  86  00EC  0700     E  	mov a,_builtin_holtek_mant1[2]
  86  00ED  0080     E  	mov rf,a
  86  00EE  0700     E  	mov a,_builtin_holtek_mant1[1]
  86  00EF  0080     E  	mov re,a
  86  00F0  0700     E  	mov a,_builtin_holtek_mant1[0]
  86  00F1  0080     E  	mov rd,a
  86  00F2  0700     E  	mov a,rg
"File: co.c          Assembler  Version HGASM0202      Page 13

  86  00F3  0080     E  	mov _builtin_holtek_mant12p[0],a
  86  00F4  0700     E  	mov a,rf
  86  00F5  0080     E  	mov _builtin_holtek_mant1[2],a
  86  00F6  0700     E  	mov a,re
  86  00F7  0080     E  	mov _builtin_holtek_mant1[1],a
  86  00F8  0700     E  	mov a,rd
  86  00F9  0080     E  	mov _builtin_holtek_mant1[0],a
  86  00FA  0F44        	mov a,68
  86  00FB  0080     E  	mov _builtin_holtek_mant12p[1],a
  86  00FC  0F7A        	mov a,122
  86  00FD  0080     E  	mov _builtin_holtek_mant2[2],a
  86  00FE  0F00        	mov a,0
  86  00FF  0080     E  	mov _builtin_holtek_mant2[1],a
  86  0100  0F00        	mov a,0
  86  0101  0080     E  	mov _builtin_holtek_mant2[0],a
  86  0102  2000     E  	call _builtin_holtek_dtmul
  86  0103  0700     E  	mov a,_builtin_holtek_mant12p[0]
  86  0104  0080     E  	mov rg,a
  86  0105  0700     E  	mov a,_builtin_holtek_mant1[2]
  86  0106  0080     E  	mov rf,a
  86  0107  0700     E  	mov a,_builtin_holtek_mant1[1]
  86  0108  0080     E  	mov re,a
  86  0109  0700     E  	mov a,_builtin_holtek_mant1[0]
  86  010A  0080     E  	mov rd,a
  86  010B  0700     E  	mov a,rg
  86  010C  0080     E  	mov _builtin_holtek_mant12p[0],a
  86  010D  0700     E  	mov a,rf
  86  010E  0080     E  	mov _builtin_holtek_mant1[2],a
  86  010F  0700     E  	mov a,re
  86  0110  0080     E  	mov _builtin_holtek_mant1[1],a
  86  0111  0700     E  	mov a,rd
  86  0112  0080     E  	mov _builtin_holtek_mant1[0],a
  86  0113  0F41        	mov a,65
  86  0114  0080     E  	mov _builtin_holtek_mant12p[1],a
  86  0115  0F70        	mov a,112
  86  0116  0080     E  	mov _builtin_holtek_mant2[2],a
  86  0117  0F00        	mov a,0
  86  0118  0080     E  	mov _builtin_holtek_mant2[1],a
  86  0119  0F00        	mov a,0
  86  011A  0080     E  	mov _builtin_holtek_mant2[0],a
  86  011B  2000     E  	call _builtin_holtek_dtdiv
  86  011C  0700     E  	mov a,_builtin_holtek_mant12p[0]
  86  011D  0080     E  	mov rg,a
  86  011E  0700     E  	mov a,_builtin_holtek_mant1[2]
  86  011F  0080     E  	mov rf,a
  86  0120  0700     E  	mov a,_builtin_holtek_mant1[1]
  86  0121  0080     E  	mov re,a
  86  0122  0700     E  	mov a,_builtin_holtek_mant1[0]
  86  0123  0080     E  	mov rd,a
  86  0124  0700     E  	mov a,rg
  86  0125  0080     E  	mov _builtin_holtek_mant12p[0],a
  86  0126  0700     E  	mov a,rf
  86  0127  0080     E  	mov _builtin_holtek_mant1[2],a
  86  0128  0700     E  	mov a,re
  86  0129  0080     E  	mov _builtin_holtek_mant1[1],a
  86  012A  0700     E  	mov a,rd
  86  012B  0080     E  	mov _builtin_holtek_mant1[0],a
  86  012C  0F44        	mov a,68
  86  012D  0080     E  	mov _builtin_holtek_mant12p[1],a
  86  012E  0F7A        	mov a,122
"File: co.c          Assembler  Version HGASM0202      Page 14

  86  012F  0080     E  	mov _builtin_holtek_mant2[2],a
  86  0130  0F00        	mov a,0
  86  0131  0080     E  	mov _builtin_holtek_mant2[1],a
  86  0132  0F00        	mov a,0
  86  0133  0080     E  	mov _builtin_holtek_mant2[0],a
  86  0134  2000     E  	call _builtin_holtek_dtmul
  86  0135  0700     E  	mov a,_builtin_holtek_mant12p[0]
  86  0136  0080     E  	mov rg,a
  86  0137  0700     E  	mov a,_builtin_holtek_mant1[2]
  86  0138  0080     E  	mov rf,a
  86  0139  0700     E  	mov a,_builtin_holtek_mant1[1]
  86  013A  0080     E  	mov re,a
  86  013B  0700     E  	mov a,_builtin_holtek_mant1[0]
  86  013C  0080     E  	mov rd,a
  86  013D  0700     E  	mov a,rg
  86  013E  0080     E  	mov _builtin_holtek_mant12p[0],a
  86  013F  0700     E  	mov a,rf
  86  0140  0080     E  	mov _builtin_holtek_mant1[2],a
  86  0141  0700     E  	mov a,re
  86  0142  0080     E  	mov _builtin_holtek_mant1[1],a
  86  0143  0700     E  	mov a,rd
  86  0144  0080     E  	mov _builtin_holtek_mant1[0],a
  86  0145  0F3D        	mov a,61
  86  0146  0080     E  	mov _builtin_holtek_mant12p[1],a
  86  0147  0F23        	mov a,35
  86  0148  0080     E  	mov _builtin_holtek_mant2[2],a
  86  0149  0FD7        	mov a,215
  86  014A  0080     E  	mov _builtin_holtek_mant2[1],a
  86  014B  0F0A        	mov a,10
  86  014C  0080     E  	mov _builtin_holtek_mant2[0],a
  86  014D  2000     E  	call _builtin_holtek_dtmul
  86  014E  0700     E  	mov a,_builtin_holtek_mant12p[0]
  86  014F  0080     E  	mov rg,a
  86  0150  0700     E  	mov a,_builtin_holtek_mant1[2]
  86  0151  0080     E  	mov rf,a
  86  0152  0700     E  	mov a,_builtin_holtek_mant1[1]
  86  0153  0080     E  	mov re,a
  86  0154  0700     E  	mov a,_builtin_holtek_mant1[0]
  86  0155  0080     E  	mov rd,a
  86  0156  0700     E  	mov a,rg
  86  0157  0080     E  	mov rh,a
  86  0158  0700     E  	mov a,rf
  86  0159  0080     E  	mov rg,a
  86  015A  0700     E  	mov a,re
  86  015B  0080     E  	mov rf,a
  87  015C              #line 87 "c:\users\tech\desktop\codetector\co.c"
  87  015C  0700     E  	mov a,rc
  87  015D  0080     E  	mov _builtin_holtek_mant1[2],a
  87  015E  0700     E  	mov a,rb
  87  015F  0080     E  	mov _builtin_holtek_mant1[1],a
  87  0160  0700     E  	mov a,ra
  87  0161  0080     E  	mov _builtin_holtek_mant1[0],a
  87  0162  0700     E  	mov a,rh
  87  0163  0080     E  	mov _builtin_holtek_mant2[2],a
  87  0164  0700     E  	mov a,rg
  87  0165  0080     E  	mov _builtin_holtek_mant2[1],a
  87  0166  0700     E  	mov a,rf
  87  0167  0080     E  	mov _builtin_holtek_mant2[0],a
  87  0168  2000     E  	call _builtin_holtek_ftmul
  87  0169  0700     E  	mov a,_builtin_holtek_mant1[2]
"File: co.c          Assembler  Version HGASM0202      Page 15

  87  016A  0080     E  	mov re,a
  87  016B  0700     E  	mov a,_builtin_holtek_mant1[1]
  87  016C  0080     E  	mov rd,a
  87  016D  0700     E  	mov a,_builtin_holtek_mant1[0]
  87  016E  0080     E  	mov rc,a
  87  016F  0700     E  	mov a,rc
  87  0170  0080     R  	mov _COValue[0],a
  87  0171  0700     E  	mov a,rd
  87  0172  0080     R  	mov _COValue[1],a
  87  0173  0700     E  	mov a,re
  87  0174  0080     R  	mov _COValue[2],a
  88  0175              #line 88 "c:\users\tech\desktop\codetector\co.c"
  88  0175  345D        	clr [93].0
  90  0176              #line 90 "c:\users\tech\desktop\codetector\co.c"
  90  0176  0700     R  	mov a,_alarmCounter[0]
  90  0177  0080     E  	mov rf,a
  90  0178  0700     R  	mov a,_alarmCounter[1]
  90  0179  0080     E  	mov rg,a
  90  017A  0F1D        	mov a,29
  90  017B  0200     E  	sub a,rf
  90  017C  0F00        	mov a,0
  90  017D  1200     E  	sbc a,rg
  90  017E  3C0A        	sz c
  90  017F  2800     R  	jmp _L22
  90  0180  0700     E  	mov a,re
  90  0181  0080     E  	mov _builtin_holtek_mant1[2],a
  90  0182  0700     E  	mov a,rd
  90  0183  0080     E  	mov _builtin_holtek_mant1[1],a
  90  0184  0700     E  	mov a,rc
  90  0185  0080     E  	mov _builtin_holtek_mant1[0],a
  90  0186  0F43        	mov a,67
  90  0187  0080     E  	mov _builtin_holtek_mant2[2],a
  90  0188  0FC8        	mov a,200
  90  0189  0080     E  	mov _builtin_holtek_mant2[1],a
  90  018A  0F00        	mov a,0
  90  018B  0080     E  	mov _builtin_holtek_mant2[0],a
  90  018C  2000     E  	call _builtin_holtek_ftsub
  90  018D  3C00     E  	sz _builtin_holtek_mant1[2].7
  90  018E  2800     R  	jmp _LI1
  90  018F  0700     E  	mov a,_builtin_holtek_mant1[2]
  90  0190  0500     E  	or a,_builtin_holtek_mant1[1]
  90  0191  0500     E  	or a,_builtin_holtek_mant1[0]
  90  0192  390A        	snz z
  90  0193  2800     R  	jmp _L23
  90  0194              _LI1:
  90  0194  0F4A        	mov a,74
  90  0195  0200     E  	sub a,rf
  90  0196  0F00        	mov a,0
  90  0197  1200     E  	sbc a,rg
  90  0198  3C0A        	sz c
  90  0199  2800     R  	jmp _L22
  90  019A  0700     E  	mov a,re
  90  019B  0080     E  	mov _builtin_holtek_mant1[2],a
  90  019C  0700     E  	mov a,rd
  90  019D  0080     E  	mov _builtin_holtek_mant1[1],a
  90  019E  0700     E  	mov a,rc
  90  019F  0080     E  	mov _builtin_holtek_mant1[0],a
  90  01A0  0F42        	mov a,66
  90  01A1  0080     E  	mov _builtin_holtek_mant2[2],a
  90  01A2  0FFA        	mov a,250
"File: co.c          Assembler  Version HGASM0202      Page 16

  90  01A3  0080     E  	mov _builtin_holtek_mant2[1],a
  90  01A4  0F00        	mov a,0
  90  01A5  0080     E  	mov _builtin_holtek_mant2[0],a
  90  01A6  2000     E  	call _builtin_holtek_ftsub
  90  01A7  3C00     E  	sz _builtin_holtek_mant1[2].7
  90  01A8  2800     R  	jmp _LI2
  90  01A9  0700     E  	mov a,_builtin_holtek_mant1[2]
  90  01AA  0500     E  	or a,_builtin_holtek_mant1[1]
  90  01AB  0500     E  	or a,_builtin_holtek_mant1[0]
  90  01AC  390A        	snz z
  90  01AD  2800     R  	jmp _L23
  90  01AE              _LI2:
  90  01AE  0F76        	mov a,118
  90  01AF  0200     E  	sub a,rf
  90  01B0  0F01        	mov a,1
  90  01B1  1200     E  	sbc a,rg
  90  01B2  3C0A        	sz c
  90  01B3  2800     R  	jmp _L22
  90  01B4  0700     E  	mov a,re
  90  01B5  0080     E  	mov _builtin_holtek_mant1[2],a
  90  01B6  0700     E  	mov a,rd
  90  01B7  0080     E  	mov _builtin_holtek_mant1[1],a
  90  01B8  0700     E  	mov a,rc
  90  01B9  0080     E  	mov _builtin_holtek_mant1[0],a
  90  01BA  0F42        	mov a,66
  90  01BB  0080     E  	mov _builtin_holtek_mant2[2],a
  90  01BC  0F96        	mov a,150
  90  01BD  0080     E  	mov _builtin_holtek_mant2[1],a
  90  01BE  0F00        	mov a,0
  90  01BF  0080     E  	mov _builtin_holtek_mant2[0],a
  90  01C0  2000     E  	call _builtin_holtek_ftsub
  90  01C1  3C00     E  	sz _builtin_holtek_mant1[2].7
  90  01C2  2800     R  	jmp _LI3
  90  01C3  0700     E  	mov a,_builtin_holtek_mant1[2]
  90  01C4  0500     E  	or a,_builtin_holtek_mant1[1]
  90  01C5  0500     E  	or a,_builtin_holtek_mant1[0]
  90  01C6  390A        	snz z
  90  01C7  2800     R  	jmp _L23
  90  01C8              _LI3:
  90  01C8  0F0F        	mov a,15
  90  01C9  0200     E  	sub a,rf
  90  01CA  0F0E        	mov a,14
  90  01CB  1200     E  	sbc a,rg
  90  01CC  3C0A        	sz c
  90  01CD  2800     R  	jmp _L22
  90  01CE  0700     E  	mov a,re
  90  01CF  0080     E  	mov _builtin_holtek_mant1[2],a
  90  01D0  0700     E  	mov a,rd
  90  01D1  0080     E  	mov _builtin_holtek_mant1[1],a
  90  01D2  0700     E  	mov a,rc
  90  01D3  0080     E  	mov _builtin_holtek_mant1[0],a
  90  01D4  0F41        	mov a,65
  90  01D5  0080     E  	mov _builtin_holtek_mant2[2],a
  90  01D6  0FF0        	mov a,240
  90  01D7  0080     E  	mov _builtin_holtek_mant2[1],a
  90  01D8  0F00        	mov a,0
  90  01D9  0080     E  	mov _builtin_holtek_mant2[0],a
  90  01DA  2000     E  	call _builtin_holtek_ftsub
  90  01DB  3C00     E  	sz _builtin_holtek_mant1[2].7
  90  01DC  2800     R  	jmp _LI4
"File: co.c          Assembler  Version HGASM0202      Page 17

  90  01DD  0700     E  	mov a,_builtin_holtek_mant1[2]
  90  01DE  0500     E  	or a,_builtin_holtek_mant1[1]
  90  01DF  0500     E  	or a,_builtin_holtek_mant1[0]
  90  01E0  390A        	snz z
  90  01E1  2800     R  	jmp _L23
  90  01E2              _LI4:
  90  01E2  2800     R  	jmp _L22
  90  01E3              _L23:
  90  01E3  0F01        	mov a,1
  90  01E4  2000     E  	call _PWMSeter
  90  01E5              _L22:
  91  01E5              #line 91 "c:\users\tech\desktop\codetector\co.c"
  91  01E5  0700     R  	mov a,_COValue[2]
  91  01E6  0080     E  	mov _builtin_holtek_mant1[2],a
  91  01E7  0700     R  	mov a,_COValue[1]
  91  01E8  0080     E  	mov _builtin_holtek_mant1[1],a
  91  01E9  0700     R  	mov a,_COValue[0]
  91  01EA  0080     E  	mov _builtin_holtek_mant1[0],a
  91  01EB  0F41        	mov a,65
  91  01EC  0080     E  	mov _builtin_holtek_mant2[2],a
  91  01ED  0FF0        	mov a,240
  91  01EE  0080     E  	mov _builtin_holtek_mant2[1],a
  91  01EF  0F00        	mov a,0
  91  01F0  0080     E  	mov _builtin_holtek_mant2[0],a
  91  01F1  2000     E  	call _builtin_holtek_ftsub
  91  01F2  3C00     E  	sz _builtin_holtek_mant1[2].7
  91  01F3  2800     R  	jmp _LI5
  91  01F4  0700     E  	mov a,_builtin_holtek_mant1[2]
  91  01F5  0500     E  	or a,_builtin_holtek_mant1[1]
  91  01F6  0500     E  	or a,_builtin_holtek_mant1[0]
  91  01F7  390A        	snz z
  91  01F8  2800     R  	jmp _L36
  91  01F9              _LI5:
  91  01F9  2800     R  	jmp _L43
  91  01FA              _L36:
  93  01FA              #line 93 "c:\users\tech\desktop\codetector\co.c"
  93  01FA  1480     R  	inc _alarmCounter[0]
  93  01FB  3D0A        	sz z
  93  01FC  1480     R  	inc _alarmCounter[1]
  93  01FD  2800     R  	jmp _L27
  93  01FE              _L43:
  98  01FE              #line 98 "c:\users\tech\desktop\codetector\co.c"
  98  01FE  0700     R  	mov a,_alarmCounter[0]
  98  01FF  0080     E  	mov rb,a
  98  0200  0700     R  	mov a,_alarmCounter[1]
  98  0201  0080     E  	mov rc,a
  98  0202  0700     E  	mov a,rb
  98  0203  0500     E  	or a,rc
  98  0204  3D0A        	sz z
  98  0205  2800     R  	jmp _L28
  98  0206  0FFF        	mov a,255
  98  0207  0300     E  	add a,rb
  98  0208  0080     R  	mov _alarmCounter[0],a
  98  0209  0FFF        	mov a,255
  98  020A  1300     E  	adc a,rc
  98  020B  0080     R  	mov _alarmCounter[1],a
  98  020C              _L28:
  99  020C              #line 99 "c:\users\tech\desktop\codetector\co.c"
  99  020C  0F00        	mov a,0
  99  020D  2000     E  	call _PWMSeter
"File: co.c          Assembler  Version HGASM0202      Page 18

  99  020E              _L27:
  99  020E              #pragma debug scope 4 3
  99  020E              ;begin block, line: 99.-1
  99  020E              #pragma debug variable 12 4 _main_2+0 "buttonStatus"
 105  020E              #line 105 "c:\users\tech\desktop\codetector\co.c"
 105  020E  2000     E  	call _key
 105  020F  0700     E  	mov a,ra
 105  0210  0080     R  	mov _main_2[0],a
 105  0211  0700     E  	mov a,rb
 105  0212  0080     R  	mov _main_2[1],a
 107  0213              #line 107 "c:\users\tech\desktop\codetector\co.c"
 107  0213  0700     E  	mov a,ra
 107  0214  0C04        	xor a,4
 107  0215  0500     E  	or a,rb
 107  0216  390A        	snz z
 107  0217  2800     R  	jmp _L30
 109  0218              #line 109 "c:\users\tech\desktop\codetector\co.c"
 109  0218              ;# 109 "c:\users\tech\desktop\codetector\co.c" 1
 109  0218  0002        	halt
 109  0219  2800     R  	jmp _L31
 109  021A              _L30:
 113  021A              #line 113 "c:\users\tech\desktop\codetector\co.c"
 113  021A  3216        	set [22].4
 114  021B              #line 114 "c:\users\tech\desktop\codetector\co.c"
 114  021B  3217        	set [23].4
 115  021C              #line 115 "c:\users\tech\desktop\codetector\co.c"
 115  021C  0F38        	mov a,56
 115  021D  0097        	mov [23],a
 116  021E              #line 116 "c:\users\tech\desktop\codetector\co.c"
 116  021E  2000     E  	call _clearSegment
 118  021F              #line 118 "c:\users\tech\desktop\codetector\co.c"
 118  021F  0700     R  	mov a,_main_2[0]
 118  0220  0500     R  	or a,_main_2[1]
 118  0221  390A        	snz z
 118  0222  2800     R  	jmp _L32
 120  0223              #line 120 "c:\users\tech\desktop\codetector\co.c"
 120  0223  0F00        	mov a,0
 120  0224  2800     R  	jmp _L41
 120  0225              _L32:
 122  0225              #line 122 "c:\users\tech\desktop\codetector\co.c"
 122  0225  0700     R  	mov a,_main_2[0]
 122  0226  0C01        	xor a,1
 122  0227  0500     R  	or a,_main_2[1]
 122  0228  390A        	snz z
 122  0229  2800     R  	jmp _L34
 124  022A              #line 124 "c:\users\tech\desktop\codetector\co.c"
 124  022A              ;# 124 "c:\users\tech\desktop\codetector\co.c" 1
 124  022A  0001        	clr wdt
 125  022B              #line 125 "c:\users\tech\desktop\codetector\co.c"
 125  022B  1F00     E  	clr _builtin_holtek_mant12p[0]
 125  022C  0700     R  	mov a,_temperatur[2]
 125  022D  0080     E  	mov _builtin_holtek_mant1[2],a
 125  022E  0700     R  	mov a,_temperatur[1]
 125  022F  0080     E  	mov _builtin_holtek_mant1[1],a
 125  0230  0700     R  	mov a,_temperatur[0]
 125  0231  0080     E  	mov _builtin_holtek_mant1[0],a
 125  0232  2000     E  	call _builtin_holtek_ftol
 125  0233  0700     E  	mov a,_builtin_holtek_mant12p[0]
 125  0234  0080     E  	mov rg,a
 125  0235  0700     E  	mov a,_builtin_holtek_mant1[2]
"File: co.c          Assembler  Version HGASM0202      Page 19

 125  0236  0080     E  	mov rf,a
 125  0237  0700     E  	mov a,_builtin_holtek_mant1[1]
 125  0238  0080     E  	mov re,a
 125  0239  0700     E  	mov a,_builtin_holtek_mant1[0]
 125  023A  0080     E  	mov rd,a
 125  023B  2800     R  	jmp _L42
 125  023C              _L34:
 127  023C              #line 127 "c:\users\tech\desktop\codetector\co.c"
 127  023C  0700     R  	mov a,_main_2[0]
 127  023D  0C02        	xor a,2
 127  023E  0500     R  	or a,_main_2[1]
 127  023F  390A        	snz z
 127  0240  2800     R  	jmp _L35
 129  0241              #line 129 "c:\users\tech\desktop\codetector\co.c"
 129  0241              ;# 129 "c:\users\tech\desktop\codetector\co.c" 1
 129  0241  0001        	clr wdt
 130  0242              #line 130 "c:\users\tech\desktop\codetector\co.c"
 130  0242  1F00     E  	clr _builtin_holtek_mant12p[0]
 130  0243  0700     R  	mov a,_COValue[2]
 130  0244  0080     E  	mov _builtin_holtek_mant1[2],a
 130  0245  0700     R  	mov a,_COValue[1]
 130  0246  0080     E  	mov _builtin_holtek_mant1[1],a
 130  0247  0700     R  	mov a,_COValue[0]
 130  0248  0080     E  	mov _builtin_holtek_mant1[0],a
 130  0249  2000     E  	call _builtin_holtek_ftol
 130  024A  0700     E  	mov a,_builtin_holtek_mant12p[0]
 130  024B  0080     E  	mov rg,a
 130  024C  0700     E  	mov a,_builtin_holtek_mant1[2]
 130  024D  0080     E  	mov rf,a
 130  024E  0700     E  	mov a,_builtin_holtek_mant1[1]
 130  024F  0080     E  	mov re,a
 130  0250  0700     E  	mov a,_builtin_holtek_mant1[0]
 130  0251  0080     E  	mov rd,a
 130  0252              _L42:
 130  0252  0700     E  	mov a,rd
 130  0253  0080     E  	mov _shwoSegment_2[0],a
 130  0254  0700     E  	mov a,re
 130  0255  0080     E  	mov _shwoSegment_2[1],a
 130  0256  2000     E  	call _shwoSegment
 130  0257  2800     R  	jmp _L33
 130  0258              _L35:
 134  0258              #line 134 "c:\users\tech\desktop\codetector\co.c"
 134  0258  0700     R  	mov a,_main_2[0]
 134  0259  0C03        	xor a,3
 134  025A  0500     R  	or a,_main_2[1]
 134  025B  390A        	snz z
 134  025C  2800     R  	jmp _L33
 136  025D              #line 136 "c:\users\tech\desktop\codetector\co.c"
 136  025D              ;# 136 "c:\users\tech\desktop\codetector\co.c" 1
 136  025D  0001        	clr wdt
 138  025E              #line 138 "c:\users\tech\desktop\codetector\co.c"
 138  025E  0F01        	mov a,1
 138  025F              _L41:
 138  025F  2000     E  	call _PWMSeter
 138  0260              _L33:
 142  0260              #line 142 "c:\users\tech\desktop\codetector\co.c"
 142  0260  2000     E  	call _clearSegment
 143  0261              #line 143 "c:\users\tech\desktop\codetector\co.c"
 143  0261  3216        	set [22].4
 144  0262              #line 144 "c:\users\tech\desktop\codetector\co.c"
"File: co.c          Assembler  Version HGASM0202      Page 20

 144  0262  3217        	set [23].4
 144  0263              _L31:
 147  0263              #line 147 "c:\users\tech\desktop\codetector\co.c"
 147  0263  2000     E  	call _clearSegment
 148  0264              #line 148 "c:\users\tech\desktop\codetector\co.c"
 148  0264  3216        	set [22].4
 149  0265              #line 149 "c:\users\tech\desktop\codetector\co.c"
 149  0265  3217        	set [23].4
 150  0266              #line 150 "c:\users\tech\desktop\codetector\co.c"
 150  0266  0F38        	mov a,56
 150  0267  0097        	mov [23],a
 150  0268              #pragma debug scope 3 1
 152  0268              #line 152 "c:\users\tech\desktop\codetector\co.c"
 152  0268  2800     R  	jmp _L27
 152  0269  2800     R  	jmp $
 152  026A              _main endp
 152  026A              
 152  026A              @dummy endp
 152  026A              
 152  026A              #line 152 "c:\users\tech\desktop\codetector\co.c"
 152  026A              #pragma debug scope 1 1
  31  026A              #line 31 "c:\users\tech\desktop\codetector\co.c"
  31  026A              public _alarmCounter
  31  0000              @HCCINIT0_alarmCounter .section 'data'
  31  0000  0002[       _alarmCounter	db 2 dup(0)
            00
            ]
  31  0002              #pragma debug variable 12 1 _alarmCounter "alarmCounter"
  31  0002              
  31  0000              @HCCINIT .section 'data'
  31  0000              public _VAmplifier1
  31  0000              @HCCINIT	.section 'data'
  27  0000              #line 27 "c:\users\tech\desktop\codetector\co.c"
  27  0000              @HCCINIT_VAmplifier1 .section 'data'
  27  0000              _VAmplifier1 label byte
  27  0000              #pragma debug variable 28 1 _VAmplifier1 "VAmplifier1"
  27  0000              	db 0
  27  0000              @ROMDATA_BASE .section inpage 'code'
  27  0000              	db 0
  27  0001              @HCCINIT_VAmplifier1 .section 'data'
  27  0001              	db 0
  27  0001              @ROMDATA_BASE .section inpage 'code'
  27  0001              	db 0
  27  0002              @HCCINIT_VAmplifier1 .section 'data'
  27  0002              	db 0
  27  0001              @ROMDATA_BASE .section inpage 'code'
  27  0001              	db 0
  27  0003              @HCCINIT_VAmplifier1 .section 'data'
  27  0003              public _temperatur
  26  0003              #line 26 "c:\users\tech\desktop\codetector\co.c"
  26  0000              @HCCINIT_temperatur .section 'data'
  26  0000              _temperatur label byte
  26  0000              #pragma debug variable 28 1 _temperatur "temperatur"
  26  0000              	db 0
  26  0002              @ROMDATA_BASE .section inpage 'code'
  26  0002              	db 0
  26  0001              @HCCINIT_temperatur .section 'data'
  26  0001              	db 0
  26  0002              @ROMDATA_BASE .section inpage 'code'
  26  0002              	db 0
"File: co.c          Assembler  Version HGASM0202      Page 21

  26  0002              @HCCINIT_temperatur .section 'data'
  26  0002              	db 0
  26  0003              @ROMDATA_BASE .section inpage 'code'
  26  0003              	db 0
  26  0003              @HCCINIT_temperatur .section 'data'
  26  0003              public _COValue
  25  0003              #line 25 "c:\users\tech\desktop\codetector\co.c"
  25  0000              @HCCINIT_COValue .section 'data'
  25  0000              _COValue label byte
  25  0000              #pragma debug variable 28 1 _COValue "COValue"
  25  0000              	db 0
  25  0003              @ROMDATA_BASE .section inpage 'code'
  25  0003              	db 0
  25  0001              @HCCINIT_COValue .section 'data'
  25  0001              	db 0
  25  0004              @ROMDATA_BASE .section inpage 'code'
  25  0004              	db 0
  25  0002              @HCCINIT_COValue .section 'data'
  25  0002              	db 0
  25  0004              @ROMDATA_BASE .section inpage 'code'
  25  0004              	db 0
  25  0003              @HCCINIT_COValue .section 'data'
  25  0003              public _VDD
  24  0003              #line 24 "c:\users\tech\desktop\codetector\co.c"
  24  0000              @HCCINIT_VDD .section 'data'
  24  0000              _VDD label byte
  24  0000              #pragma debug variable 28 1 _VDD "VDD"
  24  0000              	db 0
  24  0005              @ROMDATA_BASE .section inpage 'code'
  24  0005              	db 0
  24  0001              @HCCINIT_VDD .section 'data'
  24  0001              	db 0
  24  0005              @ROMDATA_BASE .section inpage 'code'
  24  0005              	db 0
  24  0002              @HCCINIT_VDD .section 'data'
  24  0002              	db 0
  24  0006              @ROMDATA_BASE .section inpage 'code'
  24  0006              	db 0
  24  0003              @HCCINIT_VDD .section 'data'
  24  0003              #pragma debug struct_end
  24  0003              #pragma debug struct_end
  24  0003              #pragma debug union_end
  24  0003              #pragma debug union_end
  24  0003              #pragma debug variable 43 1 ___status "__status" 1
  24  0003              #pragma debug struct_end
  24  0003              #pragma debug struct_end
  24  0003              #pragma debug union_end
  24  0003              #pragma debug union_end
  24  0003              #pragma debug variable 45 1 ___vbgrc "__vbgrc" 1
  24  0003              #pragma debug struct_end
  24  0003              #pragma debug struct_end
  24  0003              #pragma debug union_end
  24  0003              #pragma debug union_end
  24  0003              #pragma debug variable 47 1 ___papu "__papu" 1
  24  0003              #pragma debug struct_end
  24  0003              #pragma debug struct_end
  24  0003              #pragma debug union_end
  24  0003              #pragma debug union_end
  24  0003              #pragma debug variable 49 1 ___pawu "__pawu" 1
  24  0003              #pragma debug struct_end
"File: co.c          Assembler  Version HGASM0202      Page 22

  24  0003              #pragma debug struct_end
  24  0003              #pragma debug union_end
  24  0003              #pragma debug union_end
  24  0003              #pragma debug variable 51 1 ___sda0c "__sda0c" 1
  24  0003              #pragma debug struct_end
  24  0003              #pragma debug struct_end
  24  0003              #pragma debug union_end
  24  0003              #pragma debug union_end
  24  0003              #pragma debug variable 53 1 ___sda1c "__sda1c" 1
  24  0003              #pragma debug struct_end
  24  0003              #pragma debug struct_end
  24  0003              #pragma debug union_end
  24  0003              #pragma debug union_end
  24  0003              #pragma debug variable 55 1 ___isgenc "__isgenc" 1
  55  0003              #line 55 "c:\users\tech\desktop\codetector\co.c"
  55  0000              @code .section at 0 'code'
  55  0000  2800     R  	jmp _main_startup1
  55  0001              
  55  0001              extern _builtin_holtek_mant1:byte
  55  0001              extern _builtin_holtek_mant2:byte
  55  0001              extern _builtin_holtek_ftsub:near
  55  0001              extern _builtin_holtek_mant12p:byte
  55  0001              extern _builtin_holtek_dtmul:near
  55  0001              extern _builtin_holtek_dtadd:near
  55  0001              extern _ClockInit:near
  55  0001              extern _GPIOInit:near
  55  0001              extern _GPIOToGNDCurentInit:near
  55  0001              extern _OPAMPInit:near
  55  0001              extern _S_ADC_Init:near
  55  0001              extern _PTimerInit:near
  55  0001              extern _PWMSeter:near
  55  0001              extern _clearSegment:near
  55  0001              extern _S_READ_ADC:near
  55  0001              extern _builtin_holtek_signs:byte
  55  0001              extern _builtin_holtek_uitod:near
  55  0001              extern _builtin_holtek_dtdiv:near
  55  0001              extern _temperature_2:byte
  55  0001              extern _temperature:near
  55  0001              extern _builtin_holtek_uitof:near
  55  0001              extern _builtin_holtek_ftdiv:near
  55  0001              extern _builtin_holtek_ftmul:near
  55  0001              extern _key:near
  55  0001              extern _builtin_holtek_ftol:near
  55  0001              extern _shwoSegment_2:byte
  55  0001              extern _shwoSegment:near
  55  0001              
  55  0001              ; 
  55  0001              ; Generated by holtek-gcc v3.19, Sun Oct 01 11:37:11 2023
  55  0001              ; Rebuild 718
  55  0001              ; end of file


        0 Errors, 0