"File: KEY.h         Assembler  Version HGASM0202      Page 1


   1  0000              ; Generated by holtek-gcc v3.19, Mon Oct 09 19:17:30 2023
   2  0000              ; 
   3  0000              ; Configuration:
   4  0000              ;       with long instruction
   5  0000              ;       Single ROM, Multi-RAM
   6  0000              ;       bits_per_rom_unit:16
   7  0000              ;       with mp1
   8  0000              ;       with tbhp, address(0x9)
   9  0000              ;          Use tabrd-const
  10  0000              ;       
  11  0000              ; SFR address of long-instruction arch:
  12  0000              ;    mp0 = -1,1,0
  13  0000              ;    mp1 = 4,3,2
  14  0000              ;    mp2 = 14,13,12
  15  0000              ;    tbp = 9,7,8
  16  0000              ;    acc = 5
  17  0000              ;    pcl = 6
  18  0000              ;    status = 10
  19  0000              ;    bp = 11
  20  0000              ;    intc = 72
  21  0000              ;       
  22  0000              ;       
  23  0000              ; use 'tabrdc' instead of 'tabrd'
  24  0000              ;       
  25  0000              
  26  0000              #pragma translator "holtek-gcc 4.6.4" "3.19" "build 20130711"
  27  0000              ; Rebuild 718
  28  0000              
  29  0000              ir equ [2]
  30  0000              mp equ [3]
  31  0000              sbp equ [4]
  32  0000              acc equ [5]
  33  0000              bp equ [11]
  34  0000              tblp equ [7]
  35  0000              tbhp equ [9]
  36  0000              status equ [10]
  37  0000              c equ [10].0
  38  0000              ac equ [10].1
  39  0000              z equ [10].2
  40  0000              ov equ [10].3
  41  0000              cz equ [10].6
  42  0000              sc equ [10].7
  43  0000              intc equ [72]
  44  0000              
  45  0000              extern ra:byte
  46  0000              extern rb:byte
  47  0000              extern rc:byte
  48  0000              extern rd:byte
  49  0000              extern re:byte
  50  0000              extern rf:byte
  51  0000              extern rg:byte
  52  0000              extern rh:byte
  53  0000              extern _Crom2Prom:near
  54  0000              extern _Crom2PromNext:near
  55  0000              
  56  0000              RAMBANK 0 @BITDATASEC, @BITDATASEC1
  57  0000              @HCCINIT	.section 'data'
  58  0000              @HCCINIT0	.section 'data'
  59  0000              @BITDATASEC	 .section 'data'
"File: KEY.ASM       Assembler  Version HGASM0202      Page 2

  60  0000              @BITDATASEC1	 .section 'data'
  61  0000              
  62  0000              #pragma debug scope 1 1
  63  0000              	extern __DELAY3:near
  64  0000              	extern __DELAYX3:near
  65  0000              	extern __DELAYX6:near
  66  0000              	extern __DELAYY5:near
  67  0000              	extern __DELAYY3:near
  68  0000              	extern _builtin_holtek_delay_2:byte
  69  0000              ___pa equ [20]
  70  0000              ___papu equ [22]
  71  0000              ___pawu equ [23]
  72  0000              public _key
  73  0000              #pragma debug scope 2 1

   4  0000              #line 4 "c:\users\tech\desktop\codetector\KEY\KEY.c"
   4  0000              _key .section 'code'
   4  0000              _key proc
   4  0000  0002[           local _key_2 db 2 dup(?)	; 0,2
            00
            ]
   4  0002              #pragma debug variable 12 2 _key_2+0 "buttonStatus"
   9  0002              #line 9 "c:\users\tech\desktop\codetector\KEY\KEY.c"
   9  0000  3E14        	sz [20].4
   9  0001  2800     R  	jmp _L3
  12  0002              #line 12 "c:\users\tech\desktop\codetector\KEY\KEY.c"
  12  0002  0F01        	mov a,1
  12  0003  0300     R  	add a,_debounceCounter[0]
  12  0004  0080     E  	mov rb,a
  12  0005  0F00        	mov a,0
  12  0006  1300     R  	adc a,_debounceCounter[1]
  12  0007  0080     E  	mov rc,a
  12  0008  0700     E  	mov a,rb
  12  0009  0080     R  	mov _debounceCounter[0],a
  12  000A  0700     E  	mov a,rc
  12  000B  0080     R  	mov _debounceCounter[1],a
  14  000C              #line 14 "c:\users\tech\desktop\codetector\KEY\KEY.c"
  14  000C  0F01        	mov a,1
  14  000D  0080     R  	mov _pressFlag[0],a
  16  000E              #line 16 "c:\users\tech\desktop\codetector\KEY\KEY.c"
  16  000E  1700     R  	sdza _pressLockFlag[0]
  16  000F  2800     R  	jmp _L4
  18  0010              #line 18 "c:\users\tech\desktop\codetector\KEY\KEY.c"
  18  0010  0F01        	mov a,1
  18  0011  0080     E  	mov ra,a
  18  0012  1E00     R  	snz _keyState[0]
  18  0013  2800     R  	jmp _L5
  18  0014  1F00     E  	clr ra
  18  0015              _L5:
  18  0015  0700     E  	mov a,ra
  18  0016  0080     R  	mov _keyState[0],a
  19  0017              #line 19 "c:\users\tech\desktop\codetector\KEY\KEY.c"
  19  0017  1F00     R  	clr _keyCounter[0]
  19  0018  1F00     R  	clr _keyCounter[1]
  20  0019              #line 20 "c:\users\tech\desktop\codetector\KEY\KEY.c"
  20  0019  1F00     R  	clr _pressLockFlag[0]
  20  001A              _L4:
  22  001A              #line 22 "c:\users\tech\desktop\codetector\KEY\KEY.c"
  22  001A  0FD0        	mov a,208
  22  001B  0200     E  	sub a,rb
"File: KEY.c         Assembler  Version HGASM0202      Page 3

  22  001C  0F07        	mov a,7
  22  001D  1200     E  	sbc a,rc
  22  001E  3C0A        	sz c
  22  001F  2800     R  	jmp _L3
  24  0020              #line 24 "c:\users\tech\desktop\codetector\KEY\KEY.c"
  24  0020  0F02        	mov a,2
  24  0021  0080     R  	mov _pressFlag[0],a
  24  0022              _L3:
  29  0022              #line 29 "c:\users\tech\desktop\codetector\KEY\KEY.c"
  29  0022  3A14        	snz [20].4
  29  0023  2800     R  	jmp _L14
  29  0024  1700     R  	sdza _pressFlag[0]
  29  0025  2800     R  	jmp _L14
  29  0026              #pragma debug scope 3 2
  29  0026              ;begin block, line: 29.-1
  31  0026              #line 31 "c:\users\tech\desktop\codetector\KEY\KEY.c"
  31  0026  0F01        	mov a,1
  31  0027  0080     R  	mov _pressLockFlag[0],a
  32  0028              #line 32 "c:\users\tech\desktop\codetector\KEY\KEY.c"
  32  0028  1F00     R  	clr _debounceCounter[0]
  32  0029  1F00     R  	clr _debounceCounter[1]
  34  002A              #line 34 "c:\users\tech\desktop\codetector\KEY\KEY.c"
  34  002A  2000     E  	call _clearSegment
  35  002B              #line 35 "c:\users\tech\desktop\codetector\KEY\KEY.c"
  35  002B  3216        	set [22].4
  36  002C              #line 36 "c:\users\tech\desktop\codetector\KEY\KEY.c"
  36  002C  3217        	set [23].4
  38  002D              #line 38 "c:\users\tech\desktop\codetector\KEY\KEY.c"
  38  002D  0700     R  	mov a,_keyState[0]
  38  002E  0080     R  	mov _key_2[0],a
  38  002F  1700     R  	sdza _key_2[0]
  38  0030  2800     R  	jmp _L8
  42  0031              #line 42 "c:\users\tech\desktop\codetector\KEY\KEY.c"
  42  0031  0F01        	mov a,1
  42  0032  0300     R  	add a,_keyCounter[0]
  42  0033  0080     E  	mov rb,a
  42  0034  0F00        	mov a,0
  42  0035  1300     R  	adc a,_keyCounter[1]
  42  0036  0080     E  	mov rc,a
  42  0037  0700     E  	mov a,rb
  42  0038  0080     R  	mov _keyCounter[0],a
  42  0039  0700     E  	mov a,rc
  42  003A  0080     R  	mov _keyCounter[1],a
  44  003B              #line 44 "c:\users\tech\desktop\codetector\KEY\KEY.c"
  44  003B  0FF3        	mov a,243
  44  003C  0200     E  	sub a,rb
  44  003D  0F01        	mov a,1
  44  003E  1200     E  	sbc a,rc
  44  003F  3C0A        	sz c
  44  0040  2800     R  	jmp _L9
  46  0041              #line 46 "c:\users\tech\desktop\codetector\KEY\KEY.c"
  46  0041  1F00     R  	clr _debounceCounter[0]
  46  0042  1F00     R  	clr _debounceCounter[1]
  47  0043              #line 47 "c:\users\tech\desktop\codetector\KEY\KEY.c"
  47  0043  1F00     R  	clr _pressFlag[0]
  48  0044              #line 48 "c:\users\tech\desktop\codetector\KEY\KEY.c"
  48  0044  1F00     R  	clr _keyCounter[0]
  48  0045  1F00     R  	clr _keyCounter[1]
  48  0046  2800     R  	jmp _L9
  48  0047              _L8:
"File: KEY.c         Assembler  Version HGASM0202      Page 4

  53  0047              #line 53 "c:\users\tech\desktop\codetector\KEY\KEY.c"
  53  0047  1080     R  	sz _key_2[0]
  53  0048  2800     R  	jmp _L15
  56  0049              #line 56 "c:\users\tech\desktop\codetector\KEY\KEY.c"
  56  0049  0F01        	mov a,1
  56  004A  0300     R  	add a,_keyCounter[0]
  56  004B  0080     E  	mov rb,a
  56  004C  0F00        	mov a,0
  56  004D  1300     R  	adc a,_keyCounter[1]
  56  004E  0080     E  	mov rc,a
  56  004F  0700     E  	mov a,rb
  56  0050  0080     R  	mov _keyCounter[0],a
  56  0051  0700     E  	mov a,rc
  56  0052  0080     R  	mov _keyCounter[1],a
  57  0053              #line 57 "c:\users\tech\desktop\codetector\KEY\KEY.c"
  57  0053  0FF3        	mov a,243
  57  0054  0200     E  	sub a,rb
  57  0055  0F01        	mov a,1
  57  0056  1200     E  	sbc a,rc
  57  0057  3C0A        	sz c
  57  0058  2800     R  	jmp _L16
  59  0059              #line 59 "c:\users\tech\desktop\codetector\KEY\KEY.c"
  59  0059  1F00     R  	clr _debounceCounter[0]
  59  005A  1F00     R  	clr _debounceCounter[1]
  60  005B              #line 60 "c:\users\tech\desktop\codetector\KEY\KEY.c"
  60  005B  1F00     R  	clr _pressFlag[0]
  61  005C              #line 61 "c:\users\tech\desktop\codetector\KEY\KEY.c"
  61  005C  1F00     R  	clr _keyCounter[0]
  61  005D  1F00     R  	clr _keyCounter[1]
  61  005E  2800     R  	jmp _L16
  61  005F              _L15:
  61  005F  1F00     R  	clr _key_2[0]
  61  0060  1F00     R  	clr _key_2[1]
  61  0061  2800     R  	jmp _L10
  61  0062              _L16:
  55  0062              #line 55 "c:\users\tech\desktop\codetector\KEY\KEY.c"
  55  0062  0F01        	mov a,1
  55  0063  0080     R  	mov _key_2[0],a
  55  0064  1F00     R  	clr _key_2[1]
  55  0065              _L10:
  66  0065              #line 66 "c:\users\tech\desktop\codetector\KEY\KEY.c"
  66  0065  2000     E  	call _clearSegment
  68  0066              #line 68 "c:\users\tech\desktop\codetector\KEY\KEY.c"
  68  0066  3216        	set [22].4
  69  0067              #line 69 "c:\users\tech\desktop\codetector\KEY\KEY.c"
  69  0067  3217        	set [23].4
  69  0068  2800     R  	jmp _L7
  69  0069              _L14:
  69  0069              #pragma debug scope 2 1
  69  0069  1F00     R  	clr _key_2[0]
  69  006A  1F00     R  	clr _key_2[1]
  69  006B              _L7:
  73  006B              #line 73 "c:\users\tech\desktop\codetector\KEY\KEY.c"
  73  006B  3A14        	snz [20].4
  73  006C  2800     R  	jmp _L11
  73  006D  0700     R  	mov a,_pressFlag[0]
  73  006E  0A02        	sub a,2
  73  006F  390A        	snz z
  73  0070  2800     R  	jmp _L11
  76  0071              #line 76 "c:\users\tech\desktop\codetector\KEY\KEY.c"
"File: KEY.c         Assembler  Version HGASM0202      Page 5

  76  0071  0F01        	mov a,1
  76  0072  0300     R  	add a,_keyCounter[0]
  76  0073  0080     E  	mov rb,a
  76  0074  0F00        	mov a,0
  76  0075  1300     R  	adc a,_keyCounter[1]
  76  0076  0080     E  	mov rc,a
  76  0077  0700     E  	mov a,rb
  76  0078  0080     R  	mov _keyCounter[0],a
  76  0079  0700     E  	mov a,rc
  76  007A  0080     R  	mov _keyCounter[1],a
  78  007B              #line 78 "c:\users\tech\desktop\codetector\KEY\KEY.c"
  78  007B  0FF3        	mov a,243
  78  007C  0200     E  	sub a,rb
  78  007D  0F01        	mov a,1
  78  007E  1200     E  	sbc a,rc
  78  007F  3C0A        	sz c
  78  0080  2800     R  	jmp _L17
  80  0081              #line 80 "c:\users\tech\desktop\codetector\KEY\KEY.c"
  80  0081  1F00     R  	clr _debounceCounter[0]
  80  0082  1F00     R  	clr _debounceCounter[1]
  81  0083              #line 81 "c:\users\tech\desktop\codetector\KEY\KEY.c"
  81  0083  1F00     R  	clr _pressFlag[0]
  82  0084              #line 82 "c:\users\tech\desktop\codetector\KEY\KEY.c"
  82  0084  1F00     R  	clr _keyCounter[0]
  82  0085  1F00     R  	clr _keyCounter[1]
  82  0086              _L17:
  75  0086              #line 75 "c:\users\tech\desktop\codetector\KEY\KEY.c"
  75  0086  0F03        	mov a,3
  75  0087  0080     R  	mov _key_2[0],a
  75  0088  1F00     R  	clr _key_2[1]
  75  0089              _L11:
  88  0089              #line 88 "c:\users\tech\desktop\codetector\KEY\KEY.c"
  88  0089  1080     R  	sz _pressFlag[0]
  88  008A  2800     R  	jmp _L22
  90  008B              #line 90 "c:\users\tech\desktop\codetector\KEY\KEY.c"
  90  008B  0F04        	mov a,4
  90  008C  0080     R  	mov _key_2[0],a
  90  008D  1F00     R  	clr _key_2[1]
  90  008E  2800     R  	jmp _L22
  90  008F              _L9:
  90  008F              #pragma debug scope 4 2
  90  008F              ;begin block, line: 90.-1
  55  008F              #line 55 "c:\users\tech\desktop\codetector\KEY\KEY.c"
  55  008F  0F02        	mov a,2
  55  0090  0080     R  	mov _key_2[0],a
  55  0091  1F00     R  	clr _key_2[1]
  55  0092  2800     R  	jmp _L10
  55  0093              _L22:
  55  0093              #pragma debug scope 2 1
  94  0093              #line 94 "c:\users\tech\desktop\codetector\KEY\KEY.c"
  94  0093  0700     R  	mov a,_key_2[0]
  94  0094  0080     E  	mov ra,a
  94  0095  0700     R  	mov a,_key_2[1]
  94  0096  0080     E  	mov rb,a
  94  0097  0003        	ret
  94  0098              _key endp
  94  0098              #line 94 "c:\users\tech\desktop\codetector\KEY\KEY.c"
  94  0098              #pragma debug scope 1 1
  94  0098              public _keyCounter
  94  0000              @HCCINIT	.section 'data'
"File: KEY.c         Assembler  Version HGASM0202      Page 6


   8  0000              #line 8 "c:\users\tech\desktop\codetector\KEY\KEY.h"
   8  0000              @HCCINIT_keyCounter .section 'data'
   8  0000              _keyCounter label byte
   8  0000              #pragma debug variable 12 1 _keyCounter "keyCounter"
   8  0000              	db 0
   8  0000              @ROMDATA_BASE .section inpage 'code'
   8  0000              	db 0
   8  0001              @HCCINIT_keyCounter .section 'data'
   8  0001              	db 0
   8  0001              @ROMDATA_BASE .section inpage 'code'
   8  0001              	db 0
   8  0002              @HCCINIT_keyCounter .section 'data'
   8  0002              public _pressFlag
   7  0002              #line 7 "c:\users\tech\desktop\codetector\KEY\KEY.h"
   7  0000              @HCCINIT_pressFlag .section 'data'
   7  0000              _pressFlag label byte
   7  0000              #pragma debug variable 7 1 _pressFlag "pressFlag"
   7  0000              	db 0
   7  0001              @ROMDATA_BASE .section inpage 'code'
   7  0001              	db 0
   7  0001              @HCCINIT_pressFlag .section 'data'
   7  0001              public _pressLockFlag
   6  0001              #line 6 "c:\users\tech\desktop\codetector\KEY\KEY.h"
   6  0000              @HCCINIT_pressLockFlag .section 'data'
   6  0000              _pressLockFlag label byte
   6  0000              #pragma debug variable 7 1 _pressLockFlag "pressLockFlag"
   6  0000              	db 2
   6  0002              @ROMDATA_BASE .section inpage 'code'
   6  0002              	db 2
   6  0001              @HCCINIT_pressLockFlag .section 'data'
   6  0001              public _keyState
   5  0001              #line 5 "c:\users\tech\desktop\codetector\KEY\KEY.h"
   5  0000              @HCCINIT_keyState .section 'data'
   5  0000              _keyState label byte
   5  0000              #pragma debug variable 7 1 _keyState "keyState"
   5  0000              	db 0
   5  0002              @ROMDATA_BASE .section inpage 'code'
   5  0002              	db 0
   5  0001              @HCCINIT_keyState .section 'data'
   5  0001              public _debounceCounter
   4  0001              #line 4 "c:\users\tech\desktop\codetector\KEY\KEY.h"
   4  0000              @HCCINIT_debounceCounter .section 'data'
   4  0000              _debounceCounter label byte
   4  0000              #pragma debug variable 12 1 _debounceCounter "debounceCounter"
   4  0000              	db 0
   4  0003              @ROMDATA_BASE .section inpage 'code'
   4  0003              	db 0
   4  0001              @HCCINIT_debounceCounter .section 'data'
   4  0001              	db 0
   4  0003              @ROMDATA_BASE .section inpage 'code'
   4  0003              	db 0
   4  0002              @HCCINIT_debounceCounter .section 'data'
   4  0002              #pragma debug struct_end
   4  0002              #pragma debug struct_end
   4  0002              #pragma debug union_end
   4  0002              #pragma debug union_end
   4  0002              #pragma debug variable 43 1 ___pa "__pa" 1
   4  0002              #pragma debug struct_end
   4  0002              #pragma debug struct_end
"File: KEY.h         Assembler  Version HGASM0202      Page 7

   4  0002              #pragma debug union_end
   4  0002              #pragma debug union_end
   4  0002              #pragma debug variable 45 1 ___papu "__papu" 1
   4  0002              #pragma debug struct_end
   4  0002              #pragma debug struct_end
   4  0002              #pragma debug union_end
   4  0002              #pragma debug union_end
   4  0002              #pragma debug variable 47 1 ___pawu "__pawu" 1
   4  0002              extern _clearSegment:near
   4  0002              
   4  0002              ; 
   4  0002              ; Generated by holtek-gcc v3.19, Mon Oct 09 19:17:30 2023
   4  0002              ; Rebuild 718
   4  0002              ; end of file


        0 Errors, 0