"File: systemClock.c  Assembler  Version HGASM0202      Page 1


   1  0000              ; Generated by holtek-gcc v3.19, Sun Oct 01 11:37:12 2023
   2  0000              ; 
   3  0000              ; Configuration:
   4  0000              ;       with long instruction
   5  0000              ;       Single ROM, Multi-RAM
   6  0000              ;       bits_per_rom_unit:16
   7  0000              ;       with mp1
   8  0000              ;       with tbhp, address(0x9)
   9  0000              ;          Use tabrd-const
  10  0000              ;       
  11  0000              ; SFR address of long-instruction arch:
  12  0000              ;    mp0 = -1,1,0
  13  0000              ;    mp1 = 4,3,2
  14  0000              ;    mp2 = 14,13,12
  15  0000              ;    tbp = 9,7,8
  16  0000              ;    acc = 5
  17  0000              ;    pcl = 6
  18  0000              ;    status = 10
  19  0000              ;    bp = 11
  20  0000              ;    intc = 72
  21  0000              ;       
  22  0000              ;       
  23  0000              ; use 'tabrdc' instead of 'tabrd'
  24  0000              ;       
  25  0000              
  26  0000              #pragma translator "holtek-gcc 4.6.4" "3.19" "build 20130711"
  27  0000              ; Rebuild 718
  28  0000              
  29  0000              ir equ [2]
  30  0000              mp equ [3]
  31  0000              sbp equ [4]
  32  0000              acc equ [5]
  33  0000              bp equ [11]
  34  0000              tblp equ [7]
  35  0000              tbhp equ [9]
  36  0000              status equ [10]
  37  0000              c equ [10].0
  38  0000              ac equ [10].1
  39  0000              z equ [10].2
  40  0000              ov equ [10].3
  41  0000              cz equ [10].6
  42  0000              sc equ [10].7
  43  0000              intc equ [72]
  44  0000              
  45  0000              extern ra:byte
  46  0000              extern rb:byte
  47  0000              extern rc:byte
  48  0000              extern rd:byte
  49  0000              extern re:byte
  50  0000              extern rf:byte
  51  0000              extern rg:byte
  52  0000              extern rh:byte
  53  0000              extern _Crom2Prom:near
  54  0000              extern _Crom2PromNext:near
  55  0000              
  56  0000              RAMBANK 0 @BITDATASEC, @BITDATASEC1
  57  0000              @HCCINIT	.section 'data'
  58  0000              @HCCINIT0	.section 'data'
  59  0000              @BITDATASEC	 .section 'data'
"File: systemClock.ASM  Assembler  Version HGASM0202      Page 2

  60  0000              @BITDATASEC1	 .section 'data'
  61  0000              
  62  0000              #pragma debug scope 1 1
  63  0000              	extern __DELAY3:near
  64  0000              	extern __DELAYX3:near
  65  0000              	extern __DELAYX6:near
  66  0000              	extern __DELAYY5:near
  67  0000              	extern __DELAYY3:near
  68  0000              	extern _builtin_holtek_delay_2:byte
  69  0000              ___scc equ [18]
  70  0000              ___hircc equ [19]
  71  0000              ___wdtc equ [61]
  72  0000              ___pawu equ [23]
  73  0000              public _ClockInit
  74  0000              #pragma debug scope 2 1

   2  0000              #line 2 "c:\users\tech\desktop\codetector\SystemClock\systemClock.c"
   2  0000              _ClockInit .section 'code'
   2  0000              _ClockInit proc
   5  0000              #line 5 "c:\users\tech\desktop\codetector\SystemClock\systemClock.c"
   5  0000  3292        	set [18].5
   6  0001              #line 6 "c:\users\tech\desktop\codetector\SystemClock\systemClock.c"
   6  0001  3312        	set [18].6
   7  0002              #line 7 "c:\users\tech\desktop\codetector\SystemClock\systemClock.c"
   7  0002  3392        	set [18].7
  10  0003              #line 10 "c:\users\tech\desktop\codetector\SystemClock\systemClock.c"
  10  0003  3513        	clr [19].2
  11  0004              #line 11 "c:\users\tech\desktop\codetector\SystemClock\systemClock.c"
  11  0004  3593        	clr [19].3
  14  0005              #line 14 "c:\users\tech\desktop\codetector\SystemClock\systemClock.c"
  14  0005  3413        	clr [19].0
  17  0006              #line 17 "c:\users\tech\desktop\codetector\SystemClock\systemClock.c"
  17  0006  3492        	clr [18].1
  22  0007              #line 22 "c:\users\tech\desktop\codetector\SystemClock\systemClock.c"
  22  0007  3513        	clr [19].2
  23  0008              #line 23 "c:\users\tech\desktop\codetector\SystemClock\systemClock.c"
  23  0008  3593        	clr [19].3
  26  0009              #line 26 "c:\users\tech\desktop\codetector\SystemClock\systemClock.c"
  26  0009  3013        	set [19].0
  29  000A              #line 29 "c:\users\tech\desktop\codetector\SystemClock\systemClock.c"
  29  000A  3092        	set [18].1
  33  000B              #line 33 "c:\users\tech\desktop\codetector\SystemClock\systemClock.c"
  33  000B  3692        	clr [18].5
  34  000C              #line 34 "c:\users\tech\desktop\codetector\SystemClock\systemClock.c"
  34  000C  3712        	clr [18].6
  35  000D              #line 35 "c:\users\tech\desktop\codetector\SystemClock\systemClock.c"
  35  000D  3792        	clr [18].7
  47  000E              #line 47 "c:\users\tech\desktop\codetector\SystemClock\systemClock.c"
  47  000E  35BD        	clr [61].3
  48  000F              #line 48 "c:\users\tech\desktop\codetector\SystemClock\systemClock.c"
  48  000F  323D        	set [61].4
  49  0010              #line 49 "c:\users\tech\desktop\codetector\SystemClock\systemClock.c"
  49  0010  36BD        	clr [61].5
  50  0011              #line 50 "c:\users\tech\desktop\codetector\SystemClock\systemClock.c"
  50  0011  333D        	set [61].6
  51  0012              #line 51 "c:\users\tech\desktop\codetector\SystemClock\systemClock.c"
  51  0012  37BD        	clr [61].7
  56  0013              #line 56 "c:\users\tech\desktop\codetector\SystemClock\systemClock.c"
  56  0013  303D        	set [61].0
  57  0014              #line 57 "c:\users\tech\desktop\codetector\SystemClock\systemClock.c"
"File: systemClock.c  Assembler  Version HGASM0202      Page 3

  57  0014  30BD        	set [61].1
  58  0015              #line 58 "c:\users\tech\desktop\codetector\SystemClock\systemClock.c"
  58  0015  313D        	set [61].2
  63  0016              #line 63 "c:\users\tech\desktop\codetector\SystemClock\systemClock.c"
  63  0016  1F17        	clr [23]
  63  0017  0003        	ret
  63  0018              _ClockInit endp
  63  0018              #line 63 "c:\users\tech\desktop\codetector\SystemClock\systemClock.c"
  63  0018              #pragma debug scope 1 1
  63  0018              #pragma debug struct_end
  63  0018              #pragma debug struct_end
  63  0018              #pragma debug union_end
  63  0018              #pragma debug union_end
  63  0018              #pragma debug variable 43 1 ___scc "__scc" 1
  63  0018              #pragma debug struct_end
  63  0018              #pragma debug struct_end
  63  0018              #pragma debug union_end
  63  0018              #pragma debug union_end
  63  0018              #pragma debug variable 45 1 ___hircc "__hircc" 1
  63  0018              #pragma debug struct_end
  63  0018              #pragma debug struct_end
  63  0018              #pragma debug union_end
  63  0018              #pragma debug union_end
  63  0018              #pragma debug variable 47 1 ___pawu "__pawu" 1
  63  0018              #pragma debug struct_end
  63  0018              #pragma debug struct_end
  63  0018              #pragma debug union_end
  63  0018              #pragma debug union_end
  63  0018              #pragma debug variable 49 1 ___wdtc "__wdtc" 1
  63  0018              
  63  0018              ; 
  63  0018              ; Generated by holtek-gcc v3.19, Sun Oct 01 11:37:12 2023
  63  0018              ; Rebuild 718
  63  0018              ; end of file


        0 Errors, 0